[2024-12-05 22:12:33 I] Hoi.
[2024-12-05 22:12:33 I] Set experiment volume with ID 2, artifact location file:/storage_bizon/sabrant_rocket_2tb/ajay/repositories/ajay_code/geometric-algebra-transformer/tmp/gatr-experiments/tracking/artifacts
[2024-12-05 22:12:33 I] Logger already initialized - hi again!
[2024-12-05 22:12:33 I] Running experiment at /storage_bizon/sabrant_rocket_2tb/ajay/repositories/ajay_code/geometric-algebra-transformer/tmp/gatr-experiments/experiments/volume/gatr_volume
[2024-12-05 22:12:33 I] Saving config at /storage_bizon/sabrant_rocket_2tb/ajay/repositories/ajay_code/geometric-algebra-transformer/tmp/gatr-experiments/experiments/volume/gatr_volume/config.yml
[2024-12-05 22:12:34 I] Model has 2.21M learnable parameters
[2024-12-05 22:12:34 I] Starting training
[2024-12-05 22:12:34 I] Training for 5000 steps, that is, 313 epochs on a dataset of size 1000 with batchsize 64
[2024-12-05 22:12:34 I] Finished first forward pass with loss 0.11774887144565582
[2024-12-05 22:17:25 I] Hoi.
[2024-12-05 22:17:25 I] Set experiment volume with ID 2, artifact location file:/storage_bizon/sabrant_rocket_2tb/ajay/repositories/ajay_code/geometric-algebra-transformer/tmp/gatr-experiments/tracking/artifacts
[2024-12-05 22:17:25 I] Logger already initialized - hi again!
[2024-12-05 22:17:25 I] Running experiment at /storage_bizon/sabrant_rocket_2tb/ajay/repositories/ajay_code/geometric-algebra-transformer/tmp/gatr-experiments/experiments/volume/gatr_volume
[2024-12-05 22:17:25 I] Saving config at /storage_bizon/sabrant_rocket_2tb/ajay/repositories/ajay_code/geometric-algebra-transformer/tmp/gatr-experiments/experiments/volume/gatr_volume/config.yml
[2024-12-05 22:17:25 I] Model has 2.21M learnable parameters
[2024-12-05 22:17:25 I] Starting training
[2024-12-05 22:17:25 I] Training for 5000 steps, that is, 313 epochs on a dataset of size 1000 with batchsize 64
[2024-12-05 22:17:25 I] Finished first forward pass with loss 0.11774887144565582
[2024-12-05 22:18:11 I] Hoi.
[2024-12-05 22:18:11 I] Set experiment volume with ID 2, artifact location file:/storage_bizon/sabrant_rocket_2tb/ajay/repositories/ajay_code/geometric-algebra-transformer/tmp/gatr-experiments/tracking/artifacts
[2024-12-05 22:18:11 I] Logger already initialized - hi again!
[2024-12-05 22:18:11 I] Running experiment at /storage_bizon/sabrant_rocket_2tb/ajay/repositories/ajay_code/geometric-algebra-transformer/tmp/gatr-experiments/experiments/volume/gatr_volume
[2024-12-05 22:18:11 I] Saving config at /storage_bizon/sabrant_rocket_2tb/ajay/repositories/ajay_code/geometric-algebra-transformer/tmp/gatr-experiments/experiments/volume/gatr_volume/config.yml
[2024-12-05 22:18:14 I] Hoi.
[2024-12-05 22:18:14 I] Set experiment volume with ID 2, artifact location file:/storage_bizon/sabrant_rocket_2tb/ajay/repositories/ajay_code/geometric-algebra-transformer/tmp/gatr-experiments/tracking/artifacts
[2024-12-05 22:18:14 I] Logger already initialized - hi again!
[2024-12-05 22:18:14 I] Running experiment at /storage_bizon/sabrant_rocket_2tb/ajay/repositories/ajay_code/geometric-algebra-transformer/tmp/gatr-experiments/experiments/volume/gatr_volume
[2024-12-05 22:18:14 I] Saving config at /storage_bizon/sabrant_rocket_2tb/ajay/repositories/ajay_code/geometric-algebra-transformer/tmp/gatr-experiments/experiments/volume/gatr_volume/config.yml
[2024-12-05 22:18:14 I] Model has 2.21M learnable parameters
[2024-12-05 22:18:14 I] Starting training
[2024-12-05 22:18:15 I] Training for 5000 steps, that is, 313 epochs on a dataset of size 1000 with batchsize 64
[2024-12-05 22:18:15 I] Finished first forward pass with loss 0.11774887144565582
[2024-12-05 22:19:45 I] Hoi.
[2024-12-05 22:19:45 I] Set experiment volume with ID 2, artifact location file:/storage_bizon/sabrant_rocket_2tb/ajay/repositories/ajay_code/geometric-algebra-transformer/tmp/gatr-experiments/tracking/artifacts
[2024-12-05 22:19:45 I] Logger already initialized - hi again!
[2024-12-05 22:19:45 I] Running experiment at /storage_bizon/sabrant_rocket_2tb/ajay/repositories/ajay_code/geometric-algebra-transformer/tmp/gatr-experiments/experiments/volume/gatr_volume
[2024-12-05 22:19:45 I] Saving config at /storage_bizon/sabrant_rocket_2tb/ajay/repositories/ajay_code/geometric-algebra-transformer/tmp/gatr-experiments/experiments/volume/gatr_volume/config.yml
[2024-12-05 22:19:46 I] Model has 2.21M learnable parameters
[2024-12-05 22:19:46 I] Starting training
[2024-12-05 22:19:46 I] Training for 5000 steps, that is, 313 epochs on a dataset of size 1000 with batchsize 64
[2024-12-05 22:19:46 I] Finished first forward pass with loss 0.11774887144565582
[2024-12-05 22:22:58 I] Hoi.
[2024-12-05 22:22:59 I] Set experiment volume with ID 2, artifact location file:/storage_bizon/sabrant_rocket_2tb/ajay/repositories/ajay_code/geometric-algebra-transformer/tmp/gatr-experiments/tracking/artifacts
[2024-12-05 22:22:59 I] Logger already initialized - hi again!
[2024-12-05 22:22:59 I] Running experiment at /storage_bizon/sabrant_rocket_2tb/ajay/repositories/ajay_code/geometric-algebra-transformer/tmp/gatr-experiments/experiments/volume/gatr_volume
[2024-12-05 22:22:59 I] Saving config at /storage_bizon/sabrant_rocket_2tb/ajay/repositories/ajay_code/geometric-algebra-transformer/tmp/gatr-experiments/experiments/volume/gatr_volume/config.yml
[2024-12-05 22:22:59 I] Model has 2.21M learnable parameters
[2024-12-05 22:22:59 I] Starting training
[2024-12-05 22:22:59 I] Training for 5000 steps, that is, 313 epochs on a dataset of size 1000 with batchsize 64
[2024-12-05 22:22:59 I] Finished first forward pass with loss 0.11774887144565582
[2024-12-05 22:25:04 I] Hoi.
[2024-12-05 22:25:04 I] Set experiment volume with ID 2, artifact location file:/storage_bizon/sabrant_rocket_2tb/ajay/repositories/ajay_code/geometric-algebra-transformer/tmp/gatr-experiments/tracking/artifacts
[2024-12-05 22:25:04 I] Logger already initialized - hi again!
[2024-12-05 22:25:04 I] Running experiment at /storage_bizon/sabrant_rocket_2tb/ajay/repositories/ajay_code/geometric-algebra-transformer/tmp/gatr-experiments/experiments/volume/gatr_volume
[2024-12-05 22:25:04 I] Saving config at /storage_bizon/sabrant_rocket_2tb/ajay/repositories/ajay_code/geometric-algebra-transformer/tmp/gatr-experiments/experiments/volume/gatr_volume/config.yml
[2024-12-05 22:25:05 I] Model has 2.21M learnable parameters
[2024-12-05 22:25:05 I] Starting training
[2024-12-05 22:25:05 I] Training for 5000 steps, that is, 313 epochs on a dataset of size 1000 with batchsize 64
[2024-12-05 22:25:05 I] Finished first forward pass with loss 0.11774887144565582
[2024-12-05 22:28:18 I] Hoi.
[2024-12-05 22:28:19 I] Set experiment volume with ID 2, artifact location file:/storage_bizon/sabrant_rocket_2tb/ajay/repositories/ajay_code/geometric-algebra-transformer/tmp/gatr-experiments/tracking/artifacts
[2024-12-05 22:28:19 I] Logger already initialized - hi again!
[2024-12-05 22:28:19 I] Running experiment at /storage_bizon/sabrant_rocket_2tb/ajay/repositories/ajay_code/geometric-algebra-transformer/tmp/gatr-experiments/experiments/volume/gatr_volume
[2024-12-05 22:28:19 I] Saving config at /storage_bizon/sabrant_rocket_2tb/ajay/repositories/ajay_code/geometric-algebra-transformer/tmp/gatr-experiments/experiments/volume/gatr_volume/config.yml
[2024-12-05 22:28:19 I] Model has 2.21M learnable parameters
[2024-12-05 22:28:19 I] Starting training
[2024-12-05 22:28:19 I] Training for 5000 steps, that is, 313 epochs on a dataset of size 1000 with batchsize 64
[2024-12-05 22:28:19 I] Finished first forward pass with loss 0.11774887144565582
[2024-12-05 22:37:15 I] Hoi.
[2024-12-05 22:37:15 I] Set experiment volume with ID 2, artifact location file:/storage_bizon/sabrant_rocket_2tb/ajay/repositories/ajay_code/geometric-algebra-transformer/tmp/gatr-experiments/tracking/artifacts
[2024-12-05 22:37:15 I] Logger already initialized - hi again!
[2024-12-05 22:37:15 I] Running experiment at /storage_bizon/sabrant_rocket_2tb/ajay/repositories/ajay_code/geometric-algebra-transformer/tmp/gatr-experiments/experiments/volume/gatr_volume
[2024-12-05 22:37:15 I] Saving config at /storage_bizon/sabrant_rocket_2tb/ajay/repositories/ajay_code/geometric-algebra-transformer/tmp/gatr-experiments/experiments/volume/gatr_volume/config.yml
[2024-12-05 22:37:16 I] Model has 2.21M learnable parameters
[2024-12-05 22:37:16 I] Starting training
[2024-12-05 22:37:16 I] Training for 5000 steps, that is, 313 epochs on a dataset of size 1000 with batchsize 64
[2024-12-05 22:37:16 I] Finished first forward pass with loss 0.11774887144565582
[2024-12-05 22:38:13 I] Hoi.
[2024-12-05 22:38:14 I] Set experiment volume with ID 2, artifact location file:/storage_bizon/sabrant_rocket_2tb/ajay/repositories/ajay_code/geometric-algebra-transformer/tmp/gatr-experiments/tracking/artifacts
[2024-12-05 22:38:14 I] Logger already initialized - hi again!
[2024-12-05 22:38:14 I] Running experiment at /storage_bizon/sabrant_rocket_2tb/ajay/repositories/ajay_code/geometric-algebra-transformer/tmp/gatr-experiments/experiments/volume/gatr_volume
[2024-12-05 22:38:14 I] Saving config at /storage_bizon/sabrant_rocket_2tb/ajay/repositories/ajay_code/geometric-algebra-transformer/tmp/gatr-experiments/experiments/volume/gatr_volume/config.yml
[2024-12-05 22:38:14 I] Model has 2.21M learnable parameters
[2024-12-05 22:38:14 I] Starting training
[2024-12-05 22:38:14 I] Training for 5000 steps, that is, 313 epochs on a dataset of size 1000 with batchsize 64
[2024-12-05 22:38:14 I] Finished first forward pass with loss 0.11774887144565582
[2024-12-05 22:44:46 I] Hoi.
[2024-12-05 22:44:46 I] Set experiment volume with ID 2, artifact location file:/storage_bizon/sabrant_rocket_2tb/ajay/repositories/ajay_code/geometric-algebra-transformer/tmp/gatr-experiments/tracking/artifacts
[2024-12-05 22:44:46 I] Logger already initialized - hi again!
[2024-12-05 22:44:46 I] Running experiment at /storage_bizon/sabrant_rocket_2tb/ajay/repositories/ajay_code/geometric-algebra-transformer/tmp/gatr-experiments/experiments/volume/gatr_volume
[2024-12-05 22:44:46 I] Saving config at /storage_bizon/sabrant_rocket_2tb/ajay/repositories/ajay_code/geometric-algebra-transformer/tmp/gatr-experiments/experiments/volume/gatr_volume/config.yml
[2024-12-05 22:44:46 I] Model has 2.21M learnable parameters
[2024-12-05 22:44:46 I] Starting training
[2024-12-05 22:44:46 I] Training for 5000 steps, that is, 313 epochs on a dataset of size 1000 with batchsize 64
[2024-12-05 22:48:57 I] Hoi.
[2024-12-05 22:48:57 I] Set experiment volume with ID 2, artifact location file:/storage_bizon/sabrant_rocket_2tb/ajay/repositories/ajay_code/geometric-algebra-transformer/tmp/gatr-experiments/tracking/artifacts
[2024-12-05 22:48:57 I] Logger already initialized - hi again!
[2024-12-05 22:48:57 I] Running experiment at /storage_bizon/sabrant_rocket_2tb/ajay/repositories/ajay_code/geometric-algebra-transformer/tmp/gatr-experiments/experiments/volume/gatr_volume
[2024-12-05 22:48:57 I] Saving config at /storage_bizon/sabrant_rocket_2tb/ajay/repositories/ajay_code/geometric-algebra-transformer/tmp/gatr-experiments/experiments/volume/gatr_volume/config.yml
[2024-12-05 22:48:58 I] Model has 2.21M learnable parameters
[2024-12-05 22:48:58 I] Starting training
[2024-12-05 22:48:58 I] Training for 5000 steps, that is, 313 epochs on a dataset of size 1000 with batchsize 64
[2024-12-05 22:48:58 I] Finished first forward pass with loss 0.29984158277511597
[2024-12-05 22:51:42 I] Hoi.
[2024-12-05 22:51:42 I] Set experiment volume with ID 2, artifact location file:/storage_bizon/sabrant_rocket_2tb/ajay/repositories/ajay_code/geometric-algebra-transformer/tmp/gatr-experiments/tracking/artifacts
[2024-12-05 22:51:42 I] Logger already initialized - hi again!
[2024-12-05 22:51:42 I] Running experiment at /storage_bizon/sabrant_rocket_2tb/ajay/repositories/ajay_code/geometric-algebra-transformer/tmp/gatr-experiments/experiments/volume/gatr_volume
[2024-12-05 22:51:42 I] Saving config at /storage_bizon/sabrant_rocket_2tb/ajay/repositories/ajay_code/geometric-algebra-transformer/tmp/gatr-experiments/experiments/volume/gatr_volume/config.yml
[2024-12-05 22:51:42 I] Model has 2.21M learnable parameters
[2024-12-05 22:51:42 I] Starting training
[2024-12-05 22:51:42 I] Training for 5000 steps, that is, 313 epochs on a dataset of size 1000 with batchsize 64
[2024-12-05 22:51:43 I] Finished first forward pass with loss 0.29986777901649475
[2024-12-05 22:55:22 I] Hoi.
[2024-12-05 22:55:22 I] Set experiment volume with ID 2, artifact location file:/storage_bizon/sabrant_rocket_2tb/ajay/repositories/ajay_code/geometric-algebra-transformer/tmp/gatr-experiments/tracking/artifacts
[2024-12-05 22:55:22 I] Logger already initialized - hi again!
[2024-12-05 22:55:22 I] Running experiment at /storage_bizon/sabrant_rocket_2tb/ajay/repositories/ajay_code/geometric-algebra-transformer/tmp/gatr-experiments/experiments/volume/gatr_volume
[2024-12-05 22:55:22 I] Saving config at /storage_bizon/sabrant_rocket_2tb/ajay/repositories/ajay_code/geometric-algebra-transformer/tmp/gatr-experiments/experiments/volume/gatr_volume/config.yml
[2024-12-05 22:55:22 I] Model has 2.21M learnable parameters
[2024-12-05 22:55:22 I] Starting training
[2024-12-05 22:55:22 I] Training for 5000 steps, that is, 313 epochs on a dataset of size 1000 with batchsize 64
[2024-12-05 22:55:23 I] Finished first forward pass with loss 0.29986777901649475
[2024-12-05 22:56:20 I] Hoi.
[2024-12-05 22:56:20 I] Set experiment volume with ID 2, artifact location file:/storage_bizon/sabrant_rocket_2tb/ajay/repositories/ajay_code/geometric-algebra-transformer/tmp/gatr-experiments/tracking/artifacts
[2024-12-05 22:56:20 I] Logger already initialized - hi again!
[2024-12-05 22:56:20 I] Running experiment at /storage_bizon/sabrant_rocket_2tb/ajay/repositories/ajay_code/geometric-algebra-transformer/tmp/gatr-experiments/experiments/volume/gatr_volume
[2024-12-05 22:56:20 I] Saving config at /storage_bizon/sabrant_rocket_2tb/ajay/repositories/ajay_code/geometric-algebra-transformer/tmp/gatr-experiments/experiments/volume/gatr_volume/config.yml
[2024-12-05 22:56:20 I] Model has 2.21M learnable parameters
[2024-12-05 22:56:20 I] Starting training
[2024-12-05 22:56:20 I] Training for 5000 steps, that is, 313 epochs on a dataset of size 1000 with batchsize 64
[2024-12-05 22:56:20 I] Finished first forward pass with loss 0.29986777901649475
[2024-12-05 22:56:41 I] Hoi.
[2024-12-05 22:56:41 I] Set experiment volume with ID 2, artifact location file:/storage_bizon/sabrant_rocket_2tb/ajay/repositories/ajay_code/geometric-algebra-transformer/tmp/gatr-experiments/tracking/artifacts
[2024-12-05 22:56:41 I] Logger already initialized - hi again!
[2024-12-05 22:56:41 I] Running experiment at /storage_bizon/sabrant_rocket_2tb/ajay/repositories/ajay_code/geometric-algebra-transformer/tmp/gatr-experiments/experiments/volume/gatr_volume
[2024-12-05 22:56:41 I] Saving config at /storage_bizon/sabrant_rocket_2tb/ajay/repositories/ajay_code/geometric-algebra-transformer/tmp/gatr-experiments/experiments/volume/gatr_volume/config.yml
[2024-12-05 22:56:41 I] Model has 2.21M learnable parameters
[2024-12-05 22:56:41 I] Starting training
[2024-12-05 22:56:41 I] Training for 5000 steps, that is, 313 epochs on a dataset of size 1000 with batchsize 64
[2024-12-05 22:56:42 I] Finished first forward pass with loss 0.29984158277511597
[2024-12-05 22:57:36 I] Starting validation at step 1000
[2024-12-05 22:57:38 I] Validation loop at step 1000:
[2024-12-05 22:57:38 I]     loss = 0.0005381587089039384
[2024-12-05 22:57:38 I]     mse = 0.00036602144734933977
[2024-12-05 22:57:38 I]     rmse = 0.023141934400503255
[2024-12-05 22:57:38 I]     output_reg = 0.01721372641324997
[2024-12-05 22:57:38 I]     mae = 0.015574369595944885
[2024-12-05 22:58:33 I] Starting validation at step 2000
[2024-12-05 22:58:35 I] Validation loop at step 2000:
[2024-12-05 22:58:35 I]     loss = 0.0003292632648721339
[2024-12-05 22:58:35 I]     mse = 0.00021217948941048239
[2024-12-05 22:58:35 I]     rmse = 0.01804700076267539
[2024-12-05 22:58:35 I]     output_reg = 0.011708377675712107
[2024-12-05 22:58:35 I]     mae = 0.01065063007771969
[2024-12-05 22:59:30 I] Starting validation at step 3000
[2024-12-05 22:59:32 I] Validation loop at step 3000:
[2024-12-05 22:59:32 I]     loss = 0.0007454642390832303
[2024-12-05 22:59:32 I]     mse = 0.0005529527796432377
[2024-12-05 22:59:32 I]     rmse = 0.027266080663491756
[2024-12-05 22:59:32 I]     output_reg = 0.019251146310567856
[2024-12-05 22:59:32 I]     mae = 0.020666518297791488
[2024-12-05 23:00:27 I] Starting validation at step 4000
[2024-12-05 23:00:29 I] Validation loop at step 4000:
[2024-12-05 23:00:29 I]     loss = 0.0005134773774072526
[2024-12-05 23:00:29 I]     mse = 0.0003528979728929699
[2024-12-05 23:00:29 I]     rmse = 0.022608249681552263
[2024-12-05 23:00:29 I]     output_reg = 0.01605794035792351
[2024-12-05 23:00:29 I]     mae = 0.01552383598536253
[2024-12-05 23:01:24 I] Starting validation at step 5000
[2024-12-05 23:01:25 I] Validation loop at step 5000:
[2024-12-05 23:01:25 I]     loss = 0.00048391042393632235
[2024-12-05 23:01:25 I]     mse = 0.00032742383675649756
[2024-12-05 23:01:25 I]     rmse = 0.02194394696644113
[2024-12-05 23:01:25 I]     output_reg = 0.01564865902364254
[2024-12-05 23:01:25 I]     mae = 0.014826737619936465
[2024-12-05 23:01:27 I] Validation loop at step 5000:
[2024-12-05 23:01:27 I]     loss = 0.00048391042393632235
[2024-12-05 23:01:27 I]     mse = 0.00032742383675649756
[2024-12-05 23:01:27 I]     rmse = 0.02194394696644113
[2024-12-05 23:01:27 I]     output_reg = 0.01564865902364254
[2024-12-05 23:01:27 I]     mae = 0.014826737619936465
[2024-12-05 23:01:27 I] Early stopping after step 2000 with validation loss 0.0003292632648721339
[2024-12-05 23:01:27 I] Saving model at /storage_bizon/sabrant_rocket_2tb/ajay/repositories/ajay_code/geometric-algebra-transformer/tmp/gatr-experiments/experiments/volume/gatr_volume/models/model_final.pt
[2024-12-05 23:01:29 I] Ran evaluation on dataset test:
[2024-12-05 23:01:29 I]     loss = 0.00047238019509240984
[2024-12-05 23:01:29 I]     mse = 0.0003149859157390892
[2024-12-05 23:01:29 I]     rmse = 0.021692073733954317
[2024-12-05 23:01:29 I]     output_reg = 0.015739428234100343
[2024-12-05 23:01:29 I]     mae = 0.014526318007707597
[2024-12-05 23:01:30 I] Ran evaluation on dataset generalization:
[2024-12-05 23:01:30 I]     loss = 0.012798477593064314
[2024-12-05 23:01:30 I]     mse = 0.012468125140666962
[2024-12-05 23:01:30 I]     rmse = 0.11299189397307947
[2024-12-05 23:01:30 I]     output_reg = 0.03303524815440177
[2024-12-05 23:01:30 I]     mae = 0.10261760488748546
[2024-12-05 23:01:30 I] Anders nog iets?
[2024-12-05 23:10:55 I] Hoi.
[2024-12-05 23:10:55 I] Set experiment volume with ID 2, artifact location file:/storage_bizon/sabrant_rocket_2tb/ajay/repositories/ajay_code/geometric-algebra-transformer/tmp/gatr-experiments/tracking/artifacts
[2024-12-05 23:10:55 I] Logger already initialized - hi again!
[2024-12-05 23:10:55 I] Running experiment at /storage_bizon/sabrant_rocket_2tb/ajay/repositories/ajay_code/geometric-algebra-transformer/tmp/gatr-experiments/experiments/volume/gatr_volume
[2024-12-05 23:10:55 I] Saving config at /storage_bizon/sabrant_rocket_2tb/ajay/repositories/ajay_code/geometric-algebra-transformer/tmp/gatr-experiments/experiments/volume/gatr_volume/config.yml
[2024-12-05 23:10:56 I] Model has 2.21M learnable parameters
[2024-12-05 23:10:56 I] Starting training
[2024-12-05 23:10:56 I] Training for 5000 steps, that is, 313 epochs on a dataset of size 1000 with batchsize 64
[2024-12-05 23:10:56 I] Finished first forward pass with loss 0.29984158277511597
[2024-12-05 23:11:51 I] Starting validation at step 1000
[2024-12-05 23:11:53 I] Validation loop at step 1000:
[2024-12-05 23:11:53 I]     loss = 0.0005381587089039384
[2024-12-05 23:11:53 I]     mse = 0.00036602144734933977
[2024-12-05 23:11:53 I]     rmse = 0.023141934400503255
[2024-12-05 23:11:53 I]     output_reg = 0.01721372641324997
[2024-12-05 23:11:53 I]     mae = 0.015574369595944885
[2024-12-05 23:22:01 I] Hoi.
[2024-12-05 23:22:01 I] Set experiment volume with ID 2, artifact location file:/storage_bizon/sabrant_rocket_2tb/ajay/repositories/ajay_code/geometric-algebra-transformer/tmp/gatr-experiments/tracking/artifacts
[2024-12-05 23:22:01 I] Logger already initialized - hi again!
[2024-12-05 23:22:01 I] Running experiment at /storage_bizon/sabrant_rocket_2tb/ajay/repositories/ajay_code/geometric-algebra-transformer/tmp/gatr-experiments/experiments/volume/gatr_volume
[2024-12-05 23:22:01 I] Saving config at /storage_bizon/sabrant_rocket_2tb/ajay/repositories/ajay_code/geometric-algebra-transformer/tmp/gatr-experiments/experiments/volume/gatr_volume/config.yml
[2024-12-05 23:22:01 I] Model has 2.21M learnable parameters
[2024-12-05 23:22:01 I] Starting training
[2024-12-05 23:22:01 I] Training for 5000 steps, that is, 313 epochs on a dataset of size 1000 with batchsize 64
[2024-12-05 23:22:02 I] Finished first forward pass with loss 0.29984158277511597
[2024-12-05 23:25:01 I] Hoi.
[2024-12-05 23:25:01 I] Set experiment volume with ID 2, artifact location file:/storage_bizon/sabrant_rocket_2tb/ajay/repositories/ajay_code/geometric-algebra-transformer/tmp/gatr-experiments/tracking/artifacts
[2024-12-05 23:25:01 I] Logger already initialized - hi again!
[2024-12-05 23:25:01 I] Running experiment at /storage_bizon/sabrant_rocket_2tb/ajay/repositories/ajay_code/geometric-algebra-transformer/tmp/gatr-experiments/experiments/volume/gatr_volume
[2024-12-05 23:25:01 I] Saving config at /storage_bizon/sabrant_rocket_2tb/ajay/repositories/ajay_code/geometric-algebra-transformer/tmp/gatr-experiments/experiments/volume/gatr_volume/config.yml
[2024-12-05 23:25:02 I] Model has 2.21M learnable parameters
[2024-12-05 23:25:02 I] Starting training
[2024-12-05 23:25:02 I] Training for 5000 steps, that is, 313 epochs on a dataset of size 1000 with batchsize 64
[2024-12-05 23:25:02 I] Finished first forward pass with loss 0.29984158277511597
[2024-12-05 23:25:58 I] Starting validation at step 1000
[2024-12-05 23:25:59 I] Validation loop at step 1000:
[2024-12-05 23:25:59 I]     loss = 0.0005381587089039384
[2024-12-05 23:25:59 I]     mse = 0.00036602144734933977
[2024-12-05 23:25:59 I]     rmse = 0.023141934400503255
[2024-12-05 23:25:59 I]     output_reg = 0.01721372641324997
[2024-12-05 23:25:59 I]     mae = 0.015574369595944885
[2024-12-05 23:26:55 I] Starting validation at step 2000
[2024-12-05 23:26:56 I] Validation loop at step 2000:
[2024-12-05 23:26:56 I]     loss = 0.0003292632648721339
[2024-12-05 23:26:56 I]     mse = 0.00021217948941048239
[2024-12-05 23:26:56 I]     rmse = 0.01804700076267539
[2024-12-05 23:26:56 I]     output_reg = 0.011708377675712107
[2024-12-05 23:26:56 I]     mae = 0.01065063007771969
[2024-12-05 23:27:52 I] Starting validation at step 3000
[2024-12-05 23:27:53 I] Validation loop at step 3000:
[2024-12-05 23:27:53 I]     loss = 0.0007454642390832303
[2024-12-05 23:27:53 I]     mse = 0.0005529527796432377
[2024-12-05 23:27:53 I]     rmse = 0.027266080663491756
[2024-12-05 23:27:53 I]     output_reg = 0.019251146310567856
[2024-12-05 23:27:53 I]     mae = 0.020666518297791488
[2024-12-05 23:28:49 I] Starting validation at step 4000
[2024-12-05 23:28:51 I] Validation loop at step 4000:
[2024-12-05 23:28:51 I]     loss = 0.0005134773774072526
[2024-12-05 23:28:51 I]     mse = 0.0003528979728929699
[2024-12-05 23:28:51 I]     rmse = 0.022608249681552263
[2024-12-05 23:28:51 I]     output_reg = 0.01605794035792351
[2024-12-05 23:28:51 I]     mae = 0.01552383598536253
[2024-12-05 23:29:46 I] Starting validation at step 5000
[2024-12-05 23:29:48 I] Validation loop at step 5000:
[2024-12-05 23:29:48 I]     loss = 0.00048391042393632235
[2024-12-05 23:29:48 I]     mse = 0.00032742383675649756
[2024-12-05 23:29:48 I]     rmse = 0.02194394696644113
[2024-12-05 23:29:48 I]     output_reg = 0.01564865902364254
[2024-12-05 23:29:48 I]     mae = 0.014826737619936465
[2024-12-05 23:29:49 I] Validation loop at step 5000:
[2024-12-05 23:29:49 I]     loss = 0.00048391042393632235
[2024-12-05 23:29:49 I]     mse = 0.00032742383675649756
[2024-12-05 23:29:49 I]     rmse = 0.02194394696644113
[2024-12-05 23:29:49 I]     output_reg = 0.01564865902364254
[2024-12-05 23:29:49 I]     mae = 0.014826737619936465
[2024-12-05 23:29:49 I] Early stopping after step 2000 with validation loss 0.0003292632648721339
[2024-12-05 23:29:49 I] Saving model at /storage_bizon/sabrant_rocket_2tb/ajay/repositories/ajay_code/geometric-algebra-transformer/tmp/gatr-experiments/experiments/volume/gatr_volume/models/model_final.pt
[2024-12-05 23:29:51 I] Ran evaluation on dataset generalization:
[2024-12-05 23:29:51 I]     loss = 0.012798477593064314
[2024-12-05 23:29:51 I]     mse = 0.012468125140666962
[2024-12-05 23:29:51 I]     rmse = 0.11299189397307947
[2024-12-05 23:29:51 I]     output_reg = 0.03303524815440177
[2024-12-05 23:29:51 I]     mae = 0.10261760488748546
[2024-12-05 23:29:53 I] Ran evaluation on dataset test:
[2024-12-05 23:29:53 I]     loss = 0.00047238019509240984
[2024-12-05 23:29:53 I]     mse = 0.0003149859157390892
[2024-12-05 23:29:53 I]     rmse = 0.021692073733954317
[2024-12-05 23:29:53 I]     output_reg = 0.015739428234100343
[2024-12-05 23:29:53 I]     mae = 0.014526318007707597
[2024-12-05 23:29:53 I] Anders nog iets?
[2024-12-05 23:43:51 I] Hoi.
[2024-12-05 23:43:51 I] Set experiment volume with ID 2, artifact location file:/storage_bizon/sabrant_rocket_2tb/ajay/repositories/ajay_code/geometric-algebra-transformer/tmp/gatr-experiments/tracking/artifacts
[2024-12-05 23:43:51 I] Logger already initialized - hi again!
[2024-12-05 23:43:51 I] Running experiment at /storage_bizon/sabrant_rocket_2tb/ajay/repositories/ajay_code/geometric-algebra-transformer/tmp/gatr-experiments/experiments/volume/gatr_volume
[2024-12-05 23:43:51 I] Saving config at /storage_bizon/sabrant_rocket_2tb/ajay/repositories/ajay_code/geometric-algebra-transformer/tmp/gatr-experiments/experiments/volume/gatr_volume/config.yml
[2024-12-05 23:43:51 I] Model has 2.21M learnable parameters
[2024-12-05 23:43:51 I] Starting training
[2024-12-05 23:43:51 I] Training for 5000 steps, that is, 313 epochs on a dataset of size 1000 with batchsize 64
[2024-12-05 23:43:52 I] Finished first forward pass with loss 0.29984158277511597
[2024-12-05 23:44:57 I] Hoi.
[2024-12-05 23:44:57 I] Set experiment volume with ID 2, artifact location file:/storage_bizon/sabrant_rocket_2tb/ajay/repositories/ajay_code/geometric-algebra-transformer/tmp/gatr-experiments/tracking/artifacts
[2024-12-05 23:44:57 I] Logger already initialized - hi again!
[2024-12-05 23:44:57 I] Running experiment at /storage_bizon/sabrant_rocket_2tb/ajay/repositories/ajay_code/geometric-algebra-transformer/tmp/gatr-experiments/experiments/volume/gatr_volume
[2024-12-05 23:44:57 I] Saving config at /storage_bizon/sabrant_rocket_2tb/ajay/repositories/ajay_code/geometric-algebra-transformer/tmp/gatr-experiments/experiments/volume/gatr_volume/config.yml
[2024-12-05 23:44:57 I] Model has 2.21M learnable parameters
[2024-12-05 23:44:57 I] Starting training
[2024-12-05 23:44:57 I] Training for 5000 steps, that is, 313 epochs on a dataset of size 1000 with batchsize 64
[2024-12-05 23:45:48 I] Hoi.
[2024-12-05 23:45:48 I] Set experiment volume with ID 2, artifact location file:/storage_bizon/sabrant_rocket_2tb/ajay/repositories/ajay_code/geometric-algebra-transformer/tmp/gatr-experiments/tracking/artifacts
[2024-12-05 23:45:48 I] Logger already initialized - hi again!
[2024-12-05 23:45:48 I] Running experiment at /storage_bizon/sabrant_rocket_2tb/ajay/repositories/ajay_code/geometric-algebra-transformer/tmp/gatr-experiments/experiments/volume/gatr_volume
[2024-12-05 23:45:49 I] Saving config at /storage_bizon/sabrant_rocket_2tb/ajay/repositories/ajay_code/geometric-algebra-transformer/tmp/gatr-experiments/experiments/volume/gatr_volume/config.yml
[2024-12-05 23:45:49 I] Model has 2.21M learnable parameters
[2024-12-05 23:45:49 I] Starting training
[2024-12-05 23:45:49 I] Training for 5000 steps, that is, 313 epochs on a dataset of size 1000 with batchsize 64
[2024-12-05 23:45:49 I] Finished first forward pass with loss 0.29984158277511597
[2024-12-06 00:08:07 I] Hoi.
[2024-12-06 00:08:07 I] Set experiment volume with ID 2, artifact location file:/storage_bizon/sabrant_rocket_2tb/ajay/repositories/ajay_code/geometric-algebra-transformer/tmp/gatr-experiments/tracking/artifacts
[2024-12-06 00:08:07 I] Logger already initialized - hi again!
[2024-12-06 00:08:07 I] Running experiment at /storage_bizon/sabrant_rocket_2tb/ajay/repositories/ajay_code/geometric-algebra-transformer/tmp/gatr-experiments/experiments/volume/gatr_volume
[2024-12-06 00:08:07 I] Saving config at /storage_bizon/sabrant_rocket_2tb/ajay/repositories/ajay_code/geometric-algebra-transformer/tmp/gatr-experiments/experiments/volume/gatr_volume/config.yml
[2024-12-06 00:08:08 I] Model has 2.21M learnable parameters
[2024-12-06 00:08:08 I] Starting training
[2024-12-06 00:08:08 I] Training for 5000 steps, that is, 313 epochs on a dataset of size 1000 with batchsize 64
[2024-12-06 00:08:08 I] Finished first forward pass with loss 0.29984158277511597
[2024-12-06 00:09:03 I] Starting validation at step 1000
[2024-12-06 00:09:04 I] Validation loop at step 1000:
[2024-12-06 00:09:04 I]     loss = 0.0005381587089039384
[2024-12-06 00:09:04 I]     mse = 0.00036602144734933977
[2024-12-06 00:09:04 I]     rmse = 0.023141934400503255
[2024-12-06 00:09:04 I]     output_reg = 0.01721372641324997
[2024-12-06 00:09:04 I]     mae = 0.015574369595944885
[2024-12-06 00:10:00 I] Starting validation at step 2000
[2024-12-06 00:10:01 I] Validation loop at step 2000:
[2024-12-06 00:10:01 I]     loss = 0.0003292632648721339
[2024-12-06 00:10:01 I]     mse = 0.00021217948941048239
[2024-12-06 00:10:01 I]     rmse = 0.01804700076267539
[2024-12-06 00:10:01 I]     output_reg = 0.011708377675712107
[2024-12-06 00:10:01 I]     mae = 0.01065063007771969
[2024-12-06 00:10:56 I] Starting validation at step 3000
[2024-12-06 00:10:58 I] Validation loop at step 3000:
[2024-12-06 00:10:58 I]     loss = 0.0007454642390832303
[2024-12-06 00:10:58 I]     mse = 0.0005529527796432377
[2024-12-06 00:10:58 I]     rmse = 0.027266080663491756
[2024-12-06 00:10:58 I]     output_reg = 0.019251146310567856
[2024-12-06 00:10:58 I]     mae = 0.020666518297791488
[2024-12-06 00:11:53 I] Starting validation at step 4000
[2024-12-06 00:11:55 I] Validation loop at step 4000:
[2024-12-06 00:11:55 I]     loss = 0.0005134773774072526
[2024-12-06 00:11:55 I]     mse = 0.0003528979728929699
[2024-12-06 00:11:55 I]     rmse = 0.022608249681552263
[2024-12-06 00:11:55 I]     output_reg = 0.01605794035792351
[2024-12-06 00:11:55 I]     mae = 0.01552383598536253
[2024-12-06 00:12:50 I] Starting validation at step 5000
[2024-12-06 00:12:51 I] Validation loop at step 5000:
[2024-12-06 00:12:51 I]     loss = 0.00048391042393632235
[2024-12-06 00:12:51 I]     mse = 0.00032742383675649756
[2024-12-06 00:12:51 I]     rmse = 0.02194394696644113
[2024-12-06 00:12:51 I]     output_reg = 0.01564865902364254
[2024-12-06 00:12:51 I]     mae = 0.014826737619936465
[2024-12-06 00:12:53 I] Validation loop at step 5000:
[2024-12-06 00:12:53 I]     loss = 0.00048391042393632235
[2024-12-06 00:12:53 I]     mse = 0.00032742383675649756
[2024-12-06 00:12:53 I]     rmse = 0.02194394696644113
[2024-12-06 00:12:53 I]     output_reg = 0.01564865902364254
[2024-12-06 00:12:53 I]     mae = 0.014826737619936465
[2024-12-06 00:12:53 I] Early stopping after step 2000 with validation loss 0.0003292632648721339
[2024-12-06 00:12:53 I] Saving model at /storage_bizon/sabrant_rocket_2tb/ajay/repositories/ajay_code/geometric-algebra-transformer/tmp/gatr-experiments/experiments/volume/gatr_volume/models/model_final.pt
[2024-12-06 00:12:55 I] Ran evaluation on dataset test:
[2024-12-06 00:12:55 I]     loss = 0.00047238019509240984
[2024-12-06 00:12:55 I]     mse = 0.0003149859157390892
[2024-12-06 00:12:55 I]     rmse = 0.021692073733954317
[2024-12-06 00:12:55 I]     output_reg = 0.015739428234100343
[2024-12-06 00:12:55 I]     mae = 0.014526318007707597
[2024-12-06 00:12:56 I] Ran evaluation on dataset generalization:
[2024-12-06 00:12:56 I]     loss = 0.012798477593064314
[2024-12-06 00:12:56 I]     mse = 0.012468125140666962
[2024-12-06 00:12:56 I]     rmse = 0.11299189397307947
[2024-12-06 00:12:56 I]     output_reg = 0.03303524815440177
[2024-12-06 00:12:56 I]     mae = 0.10261760488748546
[2024-12-06 00:12:56 I] Anders nog iets?
[2024-12-06 00:13:19 I] Hoi.
[2024-12-06 00:13:19 I] Set experiment volume with ID 2, artifact location file:/storage_bizon/sabrant_rocket_2tb/ajay/repositories/ajay_code/geometric-algebra-transformer/tmp/gatr-experiments/tracking/artifacts
[2024-12-06 00:13:19 I] Logger already initialized - hi again!
[2024-12-06 00:13:19 I] Running experiment at /storage_bizon/sabrant_rocket_2tb/ajay/repositories/ajay_code/geometric-algebra-transformer/tmp/gatr-experiments/experiments/volume/gatr_volume
[2024-12-06 00:13:19 I] Saving config at /storage_bizon/sabrant_rocket_2tb/ajay/repositories/ajay_code/geometric-algebra-transformer/tmp/gatr-experiments/experiments/volume/gatr_volume/config.yml
[2024-12-06 00:13:20 I] Model has 2.21M learnable parameters
[2024-12-06 00:13:20 I] Starting training
[2024-12-06 00:13:20 I] Training for 5000 steps, that is, 313 epochs on a dataset of size 1000 with batchsize 64
[2024-12-06 00:13:20 I] Finished first forward pass with loss 0.29984158277511597
[2024-12-06 00:29:53 I] Hoi.
[2024-12-06 00:29:53 I] Set experiment volume with ID 2, artifact location file:/storage_bizon/sabrant_rocket_2tb/ajay/repositories/ajay_code/geometric-algebra-transformer/tmp/gatr-experiments/tracking/artifacts
[2024-12-06 00:29:53 I] Logger already initialized - hi again!
[2024-12-06 00:29:53 I] Running experiment at /storage_bizon/sabrant_rocket_2tb/ajay/repositories/ajay_code/geometric-algebra-transformer/tmp/gatr-experiments/experiments/volume/gatr_volume
[2024-12-06 00:29:53 I] Saving config at /storage_bizon/sabrant_rocket_2tb/ajay/repositories/ajay_code/geometric-algebra-transformer/tmp/gatr-experiments/experiments/volume/gatr_volume/config.yml
[2024-12-06 00:29:53 I] Model has 2.21M learnable parameters
[2024-12-06 00:29:53 I] Starting training
[2024-12-06 00:29:53 I] Training for 5000 steps, that is, 313 epochs on a dataset of size 1000 with batchsize 64
[2024-12-06 00:32:26 I] Hoi.
[2024-12-06 00:32:26 I] Set experiment volume with ID 2, artifact location file:/storage_bizon/sabrant_rocket_2tb/ajay/repositories/ajay_code/geometric-algebra-transformer/tmp/gatr-experiments/tracking/artifacts
[2024-12-06 00:32:26 I] Logger already initialized - hi again!
[2024-12-06 00:32:26 I] Running experiment at /storage_bizon/sabrant_rocket_2tb/ajay/repositories/ajay_code/geometric-algebra-transformer/tmp/gatr-experiments/experiments/volume/gatr_volume
[2024-12-06 00:32:26 I] Saving config at /storage_bizon/sabrant_rocket_2tb/ajay/repositories/ajay_code/geometric-algebra-transformer/tmp/gatr-experiments/experiments/volume/gatr_volume/config.yml
[2024-12-06 00:32:26 I] Model has 2.21M learnable parameters
[2024-12-06 00:32:26 I] Starting training
[2024-12-06 00:32:26 I] Training for 5000 steps, that is, 313 epochs on a dataset of size 1000 with batchsize 64
[2024-12-06 00:33:04 I] Hoi.
[2024-12-06 00:33:04 I] Set experiment volume with ID 2, artifact location file:/storage_bizon/sabrant_rocket_2tb/ajay/repositories/ajay_code/geometric-algebra-transformer/tmp/gatr-experiments/tracking/artifacts
[2024-12-06 00:33:04 I] Logger already initialized - hi again!
[2024-12-06 00:33:04 I] Running experiment at /storage_bizon/sabrant_rocket_2tb/ajay/repositories/ajay_code/geometric-algebra-transformer/tmp/gatr-experiments/experiments/volume/gatr_volume
[2024-12-06 00:33:04 I] Saving config at /storage_bizon/sabrant_rocket_2tb/ajay/repositories/ajay_code/geometric-algebra-transformer/tmp/gatr-experiments/experiments/volume/gatr_volume/config.yml
[2024-12-06 00:33:05 I] Model has 2.21M learnable parameters
[2024-12-06 00:33:05 I] Starting training
[2024-12-06 00:33:05 I] Training for 5000 steps, that is, 313 epochs on a dataset of size 1000 with batchsize 64
[2024-12-06 00:33:05 I] Finished first forward pass with loss 0.29984158277511597
[2024-12-06 00:34:00 I] Starting validation at step 1000
[2024-12-06 00:36:04 I] Hoi.
[2024-12-06 00:36:04 I] Set experiment volume with ID 2, artifact location file:/storage_bizon/sabrant_rocket_2tb/ajay/repositories/ajay_code/geometric-algebra-transformer/tmp/gatr-experiments/tracking/artifacts
[2024-12-06 00:36:04 I] Logger already initialized - hi again!
[2024-12-06 00:36:04 I] Running experiment at /storage_bizon/sabrant_rocket_2tb/ajay/repositories/ajay_code/geometric-algebra-transformer/tmp/gatr-experiments/experiments/volume/gatr_volume
[2024-12-06 00:36:04 I] Saving config at /storage_bizon/sabrant_rocket_2tb/ajay/repositories/ajay_code/geometric-algebra-transformer/tmp/gatr-experiments/experiments/volume/gatr_volume/config.yml
[2024-12-06 00:36:04 I] Model has 2.21M learnable parameters
[2024-12-06 00:36:04 I] Starting training
[2024-12-06 00:36:04 I] Training for 5000 steps, that is, 313 epochs on a dataset of size 1000 with batchsize 64
[2024-12-06 00:36:04 I] Finished first forward pass with loss 0.29984158277511597
[2024-12-06 00:36:59 I] Starting validation at step 1000
[2024-12-06 00:38:02 I] Hoi.
[2024-12-06 00:38:03 I] Set experiment volume with ID 2, artifact location file:/storage_bizon/sabrant_rocket_2tb/ajay/repositories/ajay_code/geometric-algebra-transformer/tmp/gatr-experiments/tracking/artifacts
[2024-12-06 00:38:03 I] Logger already initialized - hi again!
[2024-12-06 00:38:03 I] Running experiment at /storage_bizon/sabrant_rocket_2tb/ajay/repositories/ajay_code/geometric-algebra-transformer/tmp/gatr-experiments/experiments/volume/gatr_volume
[2024-12-06 00:38:03 I] Saving config at /storage_bizon/sabrant_rocket_2tb/ajay/repositories/ajay_code/geometric-algebra-transformer/tmp/gatr-experiments/experiments/volume/gatr_volume/config.yml
[2024-12-06 00:38:03 I] Model has 2.21M learnable parameters
[2024-12-06 00:38:03 I] Starting training
[2024-12-06 00:38:03 I] Training for 5000 steps, that is, 313 epochs on a dataset of size 1000 with batchsize 64
[2024-12-06 00:38:03 I] Finished first forward pass with loss 0.29984158277511597
[2024-12-06 00:38:59 I] Starting validation at step 1000
[2024-12-06 00:39:31 I] Hoi.
[2024-12-06 00:39:31 I] Set experiment volume with ID 2, artifact location file:/storage_bizon/sabrant_rocket_2tb/ajay/repositories/ajay_code/geometric-algebra-transformer/tmp/gatr-experiments/tracking/artifacts
[2024-12-06 00:39:31 I] Logger already initialized - hi again!
[2024-12-06 00:39:31 I] Running experiment at /storage_bizon/sabrant_rocket_2tb/ajay/repositories/ajay_code/geometric-algebra-transformer/tmp/gatr-experiments/experiments/volume/gatr_volume
[2024-12-06 00:39:31 I] Saving config at /storage_bizon/sabrant_rocket_2tb/ajay/repositories/ajay_code/geometric-algebra-transformer/tmp/gatr-experiments/experiments/volume/gatr_volume/config.yml
[2024-12-06 00:39:31 I] Model has 2.21M learnable parameters
[2024-12-06 00:39:31 I] Starting training
[2024-12-06 00:39:31 I] Training for 5000 steps, that is, 313 epochs on a dataset of size 1000 with batchsize 64
[2024-12-06 00:39:32 I] Finished first forward pass with loss 0.29984158277511597
[2024-12-06 00:40:27 I] Starting validation at step 1000
[2024-12-06 00:41:40 I] Hoi.
[2024-12-06 00:41:41 I] Set experiment volume with ID 2, artifact location file:/storage_bizon/sabrant_rocket_2tb/ajay/repositories/ajay_code/geometric-algebra-transformer/tmp/gatr-experiments/tracking/artifacts
[2024-12-06 00:41:41 I] Logger already initialized - hi again!
[2024-12-06 00:41:41 I] Running experiment at /storage_bizon/sabrant_rocket_2tb/ajay/repositories/ajay_code/geometric-algebra-transformer/tmp/gatr-experiments/experiments/volume/gatr_volume
[2024-12-06 00:41:41 I] Saving config at /storage_bizon/sabrant_rocket_2tb/ajay/repositories/ajay_code/geometric-algebra-transformer/tmp/gatr-experiments/experiments/volume/gatr_volume/config.yml
[2024-12-06 00:41:41 I] Model has 2.21M learnable parameters
[2024-12-06 00:41:41 I] Starting training
[2024-12-06 00:41:41 I] Training for 5000 steps, that is, 313 epochs on a dataset of size 1000 with batchsize 64
[2024-12-06 00:41:41 I] Finished first forward pass with loss 0.29984158277511597
[2024-12-06 00:42:37 I] Starting validation at step 1000
[2024-12-06 00:45:25 I] Hoi.
[2024-12-06 00:45:26 I] Set experiment volume with ID 2, artifact location file:/storage_bizon/sabrant_rocket_2tb/ajay/repositories/ajay_code/geometric-algebra-transformer/tmp/gatr-experiments/tracking/artifacts
[2024-12-06 00:45:26 I] Logger already initialized - hi again!
[2024-12-06 00:45:26 I] Running experiment at /storage_bizon/sabrant_rocket_2tb/ajay/repositories/ajay_code/geometric-algebra-transformer/tmp/gatr-experiments/experiments/volume/gatr_volume
[2024-12-06 00:45:26 I] Saving config at /storage_bizon/sabrant_rocket_2tb/ajay/repositories/ajay_code/geometric-algebra-transformer/tmp/gatr-experiments/experiments/volume/gatr_volume/config.yml
[2024-12-06 00:45:26 I] Model has 2.21M learnable parameters
[2024-12-06 00:45:26 I] Starting training
[2024-12-06 00:45:26 I] Training for 5000 steps, that is, 313 epochs on a dataset of size 1000 with batchsize 64
[2024-12-06 00:45:26 I] Finished first forward pass with loss 0.29984158277511597
[2024-12-06 00:46:22 I] Starting validation at step 1000
[2024-12-06 00:56:07 I] Hoi.
[2024-12-06 00:56:08 I] Set experiment volume with ID 2, artifact location file:/storage_bizon/sabrant_rocket_2tb/ajay/repositories/ajay_code/geometric-algebra-transformer/tmp/gatr-experiments/tracking/artifacts
[2024-12-06 00:56:08 I] Logger already initialized - hi again!
[2024-12-06 00:56:08 I] Running experiment at /storage_bizon/sabrant_rocket_2tb/ajay/repositories/ajay_code/geometric-algebra-transformer/tmp/gatr-experiments/experiments/volume/gatr_volume
[2024-12-06 00:56:08 I] Saving config at /storage_bizon/sabrant_rocket_2tb/ajay/repositories/ajay_code/geometric-algebra-transformer/tmp/gatr-experiments/experiments/volume/gatr_volume/config.yml
[2024-12-06 00:56:08 I] Model has 2.21M learnable parameters
[2024-12-06 00:56:08 I] Starting training
[2024-12-06 00:56:08 I] Training for 5000 steps, that is, 313 epochs on a dataset of size 1000 with batchsize 64
[2024-12-06 00:56:08 I] Finished first forward pass with loss 0.29984158277511597
[2024-12-06 00:57:03 I] Starting validation at step 1000
[2024-12-06 00:57:05 I] Saved predictions vs actuals plot for 'val' at /storage_bizon/sabrant_rocket_2tb/ajay/repositories/ajay_code/geometric-algebra-transformer/tmp/gatr-experiments/experiments/volume/gatr_volume/metrics/predictions_vs_actuals_val.png
[2024-12-06 00:57:05 I] Saved predictions vs actuals plot for 'val' at /storage_bizon/sabrant_rocket_2tb/ajay/repositories/ajay_code/geometric-algebra-transformer/tmp/gatr-experiments/experiments/volume/gatr_volume/metrics/predictions_vs_actuals_val_step_1000.png
[2024-12-06 00:58:00 I] Starting validation at step 2000
[2024-12-06 00:58:02 I] Saved predictions vs actuals plot for 'val' at /storage_bizon/sabrant_rocket_2tb/ajay/repositories/ajay_code/geometric-algebra-transformer/tmp/gatr-experiments/experiments/volume/gatr_volume/metrics/predictions_vs_actuals_val.png
[2024-12-06 00:58:02 I] Saved predictions vs actuals plot for 'val' at /storage_bizon/sabrant_rocket_2tb/ajay/repositories/ajay_code/geometric-algebra-transformer/tmp/gatr-experiments/experiments/volume/gatr_volume/metrics/predictions_vs_actuals_val_step_2000.png
[2024-12-06 00:58:57 I] Starting validation at step 3000
[2024-12-06 00:58:59 I] Saved predictions vs actuals plot for 'val' at /storage_bizon/sabrant_rocket_2tb/ajay/repositories/ajay_code/geometric-algebra-transformer/tmp/gatr-experiments/experiments/volume/gatr_volume/metrics/predictions_vs_actuals_val.png
[2024-12-06 00:58:59 I] Saved predictions vs actuals plot for 'val' at /storage_bizon/sabrant_rocket_2tb/ajay/repositories/ajay_code/geometric-algebra-transformer/tmp/gatr-experiments/experiments/volume/gatr_volume/metrics/predictions_vs_actuals_val_step_3000.png
[2024-12-06 00:59:54 I] Starting validation at step 4000
[2024-12-06 00:59:56 I] Saved predictions vs actuals plot for 'val' at /storage_bizon/sabrant_rocket_2tb/ajay/repositories/ajay_code/geometric-algebra-transformer/tmp/gatr-experiments/experiments/volume/gatr_volume/metrics/predictions_vs_actuals_val.png
[2024-12-06 00:59:56 I] Saved predictions vs actuals plot for 'val' at /storage_bizon/sabrant_rocket_2tb/ajay/repositories/ajay_code/geometric-algebra-transformer/tmp/gatr-experiments/experiments/volume/gatr_volume/metrics/predictions_vs_actuals_val_step_4000.png
[2024-12-06 01:00:51 I] Starting validation at step 5000
[2024-12-06 01:00:53 I] Saved predictions vs actuals plot for 'val' at /storage_bizon/sabrant_rocket_2tb/ajay/repositories/ajay_code/geometric-algebra-transformer/tmp/gatr-experiments/experiments/volume/gatr_volume/metrics/predictions_vs_actuals_val.png
[2024-12-06 01:00:53 I] Saved predictions vs actuals plot for 'val' at /storage_bizon/sabrant_rocket_2tb/ajay/repositories/ajay_code/geometric-algebra-transformer/tmp/gatr-experiments/experiments/volume/gatr_volume/metrics/predictions_vs_actuals_val_step_5000.png
[2024-12-06 01:00:54 I] Saved predictions vs actuals plot for 'val' at /storage_bizon/sabrant_rocket_2tb/ajay/repositories/ajay_code/geometric-algebra-transformer/tmp/gatr-experiments/experiments/volume/gatr_volume/metrics/predictions_vs_actuals_val.png
[2024-12-06 01:00:54 I] Saved predictions vs actuals plot for 'val' at /storage_bizon/sabrant_rocket_2tb/ajay/repositories/ajay_code/geometric-algebra-transformer/tmp/gatr-experiments/experiments/volume/gatr_volume/metrics/predictions_vs_actuals_val_step_5000.png
[2024-12-06 01:00:54 I] Saving model at /storage_bizon/sabrant_rocket_2tb/ajay/repositories/ajay_code/geometric-algebra-transformer/tmp/gatr-experiments/experiments/volume/gatr_volume/models/model_final.pt
[2024-12-06 01:00:56 I] Saved predictions vs actuals plot for 'test' at /storage_bizon/sabrant_rocket_2tb/ajay/repositories/ajay_code/geometric-algebra-transformer/tmp/gatr-experiments/experiments/volume/gatr_volume/metrics/predictions_vs_actuals_test.png
[2024-12-06 01:00:56 I] Ran evaluation on dataset test:
[2024-12-06 01:00:56 I]     loss = 0.00047238019509240984
[2024-12-06 01:00:56 I]     mse = 0.0003149859157390892
[2024-12-06 01:00:56 I]     rmse = 0.021692073733954317
[2024-12-06 01:00:56 I]     output_reg = 0.015739428234100343
[2024-12-06 01:00:56 I]     mae = 0.014526318007707597
[2024-12-06 01:00:57 I] Saved predictions vs actuals plot for 'generalization' at /storage_bizon/sabrant_rocket_2tb/ajay/repositories/ajay_code/geometric-algebra-transformer/tmp/gatr-experiments/experiments/volume/gatr_volume/metrics/predictions_vs_actuals_generalization.png
[2024-12-06 01:00:57 I] Ran evaluation on dataset generalization:
[2024-12-06 01:00:57 I]     loss = 0.012798477593064314
[2024-12-06 01:00:57 I]     mse = 0.012468125140666962
[2024-12-06 01:00:57 I]     rmse = 0.11299189397307947
[2024-12-06 01:00:57 I]     output_reg = 0.03303524815440177
[2024-12-06 01:00:57 I]     mae = 0.10261760488748546
[2024-12-06 01:00:57 I] Anders nog iets?
[2024-12-06 01:07:23 I] Hoi.
[2024-12-06 01:07:24 I] Set experiment volume with ID 2, artifact location file:/storage_bizon/sabrant_rocket_2tb/ajay/repositories/ajay_code/geometric-algebra-transformer/tmp/gatr-experiments/tracking/artifacts
[2024-12-06 01:07:24 I] Logger already initialized - hi again!
[2024-12-06 01:07:24 I] Running experiment at /storage_bizon/sabrant_rocket_2tb/ajay/repositories/ajay_code/geometric-algebra-transformer/tmp/gatr-experiments/experiments/volume/gatr_volume
[2024-12-06 01:07:24 I] Saving config at /storage_bizon/sabrant_rocket_2tb/ajay/repositories/ajay_code/geometric-algebra-transformer/tmp/gatr-experiments/experiments/volume/gatr_volume/config.yml
[2024-12-06 01:07:24 I] Model has 10.58M learnable parameters
[2024-12-06 01:07:24 I] Starting training
[2024-12-06 01:07:24 I] Training for 5000 steps, that is, 313 epochs on a dataset of size 1000 with batchsize 64
[2024-12-06 01:07:24 I] Finished first forward pass with loss 0.22894150018692017
[2024-12-06 01:08:27 I] Starting validation at step 1000
[2024-12-06 01:08:29 I] Saved predictions vs actuals plot for 'val' at /storage_bizon/sabrant_rocket_2tb/ajay/repositories/ajay_code/geometric-algebra-transformer/tmp/gatr-experiments/experiments/volume/gatr_volume/metrics/predictions_vs_actuals_val.png
[2024-12-06 01:08:29 I] Saved predictions vs actuals plot for 'val' at /storage_bizon/sabrant_rocket_2tb/ajay/repositories/ajay_code/geometric-algebra-transformer/tmp/gatr-experiments/experiments/volume/gatr_volume/metrics/predictions_vs_actuals_val_step_1000.png
[2024-12-06 01:09:32 I] Starting validation at step 2000
[2024-12-06 01:09:34 I] Saved predictions vs actuals plot for 'val' at /storage_bizon/sabrant_rocket_2tb/ajay/repositories/ajay_code/geometric-algebra-transformer/tmp/gatr-experiments/experiments/volume/gatr_volume/metrics/predictions_vs_actuals_val.png
[2024-12-06 01:09:34 I] Saved predictions vs actuals plot for 'val' at /storage_bizon/sabrant_rocket_2tb/ajay/repositories/ajay_code/geometric-algebra-transformer/tmp/gatr-experiments/experiments/volume/gatr_volume/metrics/predictions_vs_actuals_val_step_2000.png
[2024-12-06 01:10:40 I] Hoi.
[2024-12-06 01:10:40 I] Set experiment volume with ID 2, artifact location file:/storage_bizon/sabrant_rocket_2tb/ajay/repositories/ajay_code/geometric-algebra-transformer/tmp/gatr-experiments/tracking/artifacts
[2024-12-06 01:10:40 I] Logger already initialized - hi again!
[2024-12-06 01:10:40 I] Running experiment at /storage_bizon/sabrant_rocket_2tb/ajay/repositories/ajay_code/geometric-algebra-transformer/tmp/gatr-experiments/experiments/volume/gatr_volume
[2024-12-06 01:10:40 I] Saving config at /storage_bizon/sabrant_rocket_2tb/ajay/repositories/ajay_code/geometric-algebra-transformer/tmp/gatr-experiments/experiments/volume/gatr_volume/config.yml
[2024-12-06 01:10:41 I] Model has 70.57M learnable parameters
[2024-12-06 01:10:41 I] Starting training
[2024-12-06 01:10:41 I] Training for 5000 steps, that is, 313 epochs on a dataset of size 1000 with batchsize 64
[2024-12-06 01:10:42 I] Finished first forward pass with loss 0.7571897506713867
[2024-12-06 01:14:35 I] Starting validation at step 1000
[2024-12-06 01:14:41 I] Saved predictions vs actuals plot for 'val' at /storage_bizon/sabrant_rocket_2tb/ajay/repositories/ajay_code/geometric-algebra-transformer/tmp/gatr-experiments/experiments/volume/gatr_volume/metrics/predictions_vs_actuals_val.png
[2024-12-06 01:14:42 I] Saved predictions vs actuals plot for 'val' at /storage_bizon/sabrant_rocket_2tb/ajay/repositories/ajay_code/geometric-algebra-transformer/tmp/gatr-experiments/experiments/volume/gatr_volume/metrics/predictions_vs_actuals_val_step_1000.png
[2024-12-06 01:15:07 I] Hoi.
[2024-12-06 01:15:07 I] Set experiment volume with ID 2, artifact location file:/storage_bizon/sabrant_rocket_2tb/ajay/repositories/ajay_code/geometric-algebra-transformer/tmp/gatr-experiments/tracking/artifacts
[2024-12-06 01:15:07 I] Logger already initialized - hi again!
[2024-12-06 01:15:07 I] Running experiment at /storage_bizon/sabrant_rocket_2tb/ajay/repositories/ajay_code/geometric-algebra-transformer/tmp/gatr-experiments/experiments/volume/gatr_volume
[2024-12-06 01:15:07 I] Saving config at /storage_bizon/sabrant_rocket_2tb/ajay/repositories/ajay_code/geometric-algebra-transformer/tmp/gatr-experiments/experiments/volume/gatr_volume/config.yml
[2024-12-06 01:15:08 I] Model has 17.67M learnable parameters
[2024-12-06 01:15:08 I] Starting training
[2024-12-06 01:15:08 I] Training for 5000 steps, that is, 313 epochs on a dataset of size 1000 with batchsize 64
[2024-12-06 01:15:08 I] Finished first forward pass with loss 0.5964083671569824
[2024-12-06 01:16:07 I] Hoi.
[2024-12-06 01:16:08 I] Set experiment volume with ID 2, artifact location file:/storage_bizon/sabrant_rocket_2tb/ajay/repositories/ajay_code/geometric-algebra-transformer/tmp/gatr-experiments/tracking/artifacts
[2024-12-06 01:16:08 I] Logger already initialized - hi again!
[2024-12-06 01:16:08 I] Running experiment at /storage_bizon/sabrant_rocket_2tb/ajay/repositories/ajay_code/geometric-algebra-transformer/tmp/gatr-experiments/experiments/volume/gatr_volume
[2024-12-06 01:16:08 I] Saving config at /storage_bizon/sabrant_rocket_2tb/ajay/repositories/ajay_code/geometric-algebra-transformer/tmp/gatr-experiments/experiments/volume/gatr_volume/config.yml
[2024-12-06 01:16:34 I] Hoi.
[2024-12-06 01:16:35 I] Set experiment volume with ID 2, artifact location file:/storage_bizon/sabrant_rocket_2tb/ajay/repositories/ajay_code/geometric-algebra-transformer/tmp/gatr-experiments/tracking/artifacts
[2024-12-06 01:16:35 I] Logger already initialized - hi again!
[2024-12-06 01:16:35 I] Running experiment at /storage_bizon/sabrant_rocket_2tb/ajay/repositories/ajay_code/geometric-algebra-transformer/tmp/gatr-experiments/experiments/volume/gatr_volume
[2024-12-06 01:16:35 I] Saving config at /storage_bizon/sabrant_rocket_2tb/ajay/repositories/ajay_code/geometric-algebra-transformer/tmp/gatr-experiments/experiments/volume/gatr_volume/config.yml
[2024-12-06 01:16:39 I] Hoi.
[2024-12-06 01:16:40 I] Set experiment volume with ID 2, artifact location file:/storage_bizon/sabrant_rocket_2tb/ajay/repositories/ajay_code/geometric-algebra-transformer/tmp/gatr-experiments/tracking/artifacts
[2024-12-06 01:16:40 I] Logger already initialized - hi again!
[2024-12-06 01:16:40 I] Running experiment at /storage_bizon/sabrant_rocket_2tb/ajay/repositories/ajay_code/geometric-algebra-transformer/tmp/gatr-experiments/experiments/volume/gatr_volume
[2024-12-06 01:16:40 I] Saving config at /storage_bizon/sabrant_rocket_2tb/ajay/repositories/ajay_code/geometric-algebra-transformer/tmp/gatr-experiments/experiments/volume/gatr_volume/config.yml
[2024-12-06 01:16:46 I] Hoi.
[2024-12-06 01:16:46 I] Set experiment volume with ID 2, artifact location file:/storage_bizon/sabrant_rocket_2tb/ajay/repositories/ajay_code/geometric-algebra-transformer/tmp/gatr-experiments/tracking/artifacts
[2024-12-06 01:16:46 I] Logger already initialized - hi again!
[2024-12-06 01:16:46 I] Running experiment at /storage_bizon/sabrant_rocket_2tb/ajay/repositories/ajay_code/geometric-algebra-transformer/tmp/gatr-experiments/experiments/volume/gatr_volume
[2024-12-06 01:16:46 I] Saving config at /storage_bizon/sabrant_rocket_2tb/ajay/repositories/ajay_code/geometric-algebra-transformer/tmp/gatr-experiments/experiments/volume/gatr_volume/config.yml
[2024-12-06 01:16:46 I] Model has 28.29M learnable parameters
[2024-12-06 01:16:46 I] Starting training
[2024-12-06 01:16:46 I] Training for 5000 steps, that is, 313 epochs on a dataset of size 1000 with batchsize 64
[2024-12-06 01:16:47 I] Finished first forward pass with loss 0.7014155983924866
[2024-12-06 01:17:16 I] Hoi.
[2024-12-06 01:17:16 I] Set experiment volume with ID 2, artifact location file:/storage_bizon/sabrant_rocket_2tb/ajay/repositories/ajay_code/geometric-algebra-transformer/tmp/gatr-experiments/tracking/artifacts
[2024-12-06 01:17:16 I] Logger already initialized - hi again!
[2024-12-06 01:17:16 I] Running experiment at /storage_bizon/sabrant_rocket_2tb/ajay/repositories/ajay_code/geometric-algebra-transformer/tmp/gatr-experiments/experiments/volume/gatr_volume
[2024-12-06 01:17:16 I] Saving config at /storage_bizon/sabrant_rocket_2tb/ajay/repositories/ajay_code/geometric-algebra-transformer/tmp/gatr-experiments/experiments/volume/gatr_volume/config.yml
[2024-12-06 01:17:17 I] Model has 23.80M learnable parameters
[2024-12-06 01:17:17 I] Starting training
[2024-12-06 01:17:17 I] Training for 5000 steps, that is, 313 epochs on a dataset of size 1000 with batchsize 64
[2024-12-06 01:17:17 I] Finished first forward pass with loss 1.0657472610473633
[2024-12-06 01:18:35 I] Starting validation at step 1000
[2024-12-06 01:18:37 I] Saved predictions vs actuals plot for 'val' at /storage_bizon/sabrant_rocket_2tb/ajay/repositories/ajay_code/geometric-algebra-transformer/tmp/gatr-experiments/experiments/volume/gatr_volume/metrics/predictions_vs_actuals_val.png
[2024-12-06 01:18:38 I] Saved predictions vs actuals plot for 'val' at /storage_bizon/sabrant_rocket_2tb/ajay/repositories/ajay_code/geometric-algebra-transformer/tmp/gatr-experiments/experiments/volume/gatr_volume/metrics/predictions_vs_actuals_val_step_1000.png
[2024-12-06 01:19:14 I] Hoi.
[2024-12-06 01:19:14 I] Set experiment volume with ID 2, artifact location file:/storage_bizon/sabrant_rocket_2tb/ajay/repositories/ajay_code/geometric-algebra-transformer/tmp/gatr-experiments/tracking/artifacts
[2024-12-06 01:19:14 I] Logger already initialized - hi again!
[2024-12-06 01:19:14 I] Running experiment at /storage_bizon/sabrant_rocket_2tb/ajay/repositories/ajay_code/geometric-algebra-transformer/tmp/gatr-experiments/experiments/volume/gatr_volume
[2024-12-06 01:19:14 I] Saving config at /storage_bizon/sabrant_rocket_2tb/ajay/repositories/ajay_code/geometric-algebra-transformer/tmp/gatr-experiments/experiments/volume/gatr_volume/config.yml
[2024-12-06 01:19:15 I] Model has 10.59M learnable parameters
[2024-12-06 01:19:15 I] Starting training
[2024-12-06 01:19:15 I] Training for 5000 steps, that is, 313 epochs on a dataset of size 1000 with batchsize 64
[2024-12-06 01:19:15 I] Finished first forward pass with loss 0.5795141458511353
[2024-12-06 01:20:18 I] Starting validation at step 1000
[2024-12-06 01:20:19 I] Saved predictions vs actuals plot for 'val' at /storage_bizon/sabrant_rocket_2tb/ajay/repositories/ajay_code/geometric-algebra-transformer/tmp/gatr-experiments/experiments/volume/gatr_volume/metrics/predictions_vs_actuals_val.png
[2024-12-06 01:20:19 I] Saved predictions vs actuals plot for 'val' at /storage_bizon/sabrant_rocket_2tb/ajay/repositories/ajay_code/geometric-algebra-transformer/tmp/gatr-experiments/experiments/volume/gatr_volume/metrics/predictions_vs_actuals_val_step_1000.png
[2024-12-06 01:21:19 I] Hoi.
[2024-12-06 01:21:19 I] Set experiment volume with ID 2, artifact location file:/storage_bizon/sabrant_rocket_2tb/ajay/repositories/ajay_code/geometric-algebra-transformer/tmp/gatr-experiments/tracking/artifacts
[2024-12-06 01:21:19 I] Logger already initialized - hi again!
[2024-12-06 01:21:19 I] Running experiment at /storage_bizon/sabrant_rocket_2tb/ajay/repositories/ajay_code/geometric-algebra-transformer/tmp/gatr-experiments/experiments/volume/gatr_volume
[2024-12-06 01:21:19 I] Saving config at /storage_bizon/sabrant_rocket_2tb/ajay/repositories/ajay_code/geometric-algebra-transformer/tmp/gatr-experiments/experiments/volume/gatr_volume/config.yml
[2024-12-06 01:21:19 I] Model has 17.67M learnable parameters
[2024-12-06 01:21:19 I] Starting training
[2024-12-06 01:21:19 I] Training for 5000 steps, that is, 313 epochs on a dataset of size 1000 with batchsize 64
[2024-12-06 01:21:20 I] Finished first forward pass with loss 0.5964083671569824
[2024-12-06 01:22:56 I] Starting validation at step 1000
[2024-12-06 01:22:59 I] Saved predictions vs actuals plot for 'val' at /storage_bizon/sabrant_rocket_2tb/ajay/repositories/ajay_code/geometric-algebra-transformer/tmp/gatr-experiments/experiments/volume/gatr_volume/metrics/predictions_vs_actuals_val.png
[2024-12-06 01:22:59 I] Saved predictions vs actuals plot for 'val' at /storage_bizon/sabrant_rocket_2tb/ajay/repositories/ajay_code/geometric-algebra-transformer/tmp/gatr-experiments/experiments/volume/gatr_volume/metrics/predictions_vs_actuals_val_step_1000.png
[2024-12-06 01:23:26 I] Hoi.
[2024-12-06 01:23:26 I] Set experiment volume with ID 2, artifact location file:/storage_bizon/sabrant_rocket_2tb/ajay/repositories/ajay_code/geometric-algebra-transformer/tmp/gatr-experiments/tracking/artifacts
[2024-12-06 01:23:26 I] Logger already initialized - hi again!
[2024-12-06 01:23:26 I] Running experiment at /storage_bizon/sabrant_rocket_2tb/ajay/repositories/ajay_code/geometric-algebra-transformer/tmp/gatr-experiments/experiments/volume/gatr_volume
[2024-12-06 01:23:26 I] Saving config at /storage_bizon/sabrant_rocket_2tb/ajay/repositories/ajay_code/geometric-algebra-transformer/tmp/gatr-experiments/experiments/volume/gatr_volume/config.yml
[2024-12-06 01:23:26 I] Model has 10.58M learnable parameters
[2024-12-06 01:23:26 I] Starting training
[2024-12-06 01:23:26 I] Training for 5000 steps, that is, 313 epochs on a dataset of size 1000 with batchsize 64
[2024-12-06 01:23:27 I] Finished first forward pass with loss 0.22894150018692017
[2024-12-06 01:24:29 I] Starting validation at step 1000
[2024-12-06 01:24:31 I] Saved predictions vs actuals plot for 'val' at /storage_bizon/sabrant_rocket_2tb/ajay/repositories/ajay_code/geometric-algebra-transformer/tmp/gatr-experiments/experiments/volume/gatr_volume/metrics/predictions_vs_actuals_val.png
[2024-12-06 01:24:31 I] Saved predictions vs actuals plot for 'val' at /storage_bizon/sabrant_rocket_2tb/ajay/repositories/ajay_code/geometric-algebra-transformer/tmp/gatr-experiments/experiments/volume/gatr_volume/metrics/predictions_vs_actuals_val_step_1000.png
[2024-12-06 01:25:34 I] Starting validation at step 2000
[2024-12-06 01:25:35 I] Saved predictions vs actuals plot for 'val' at /storage_bizon/sabrant_rocket_2tb/ajay/repositories/ajay_code/geometric-algebra-transformer/tmp/gatr-experiments/experiments/volume/gatr_volume/metrics/predictions_vs_actuals_val.png
[2024-12-06 01:25:35 I] Saved predictions vs actuals plot for 'val' at /storage_bizon/sabrant_rocket_2tb/ajay/repositories/ajay_code/geometric-algebra-transformer/tmp/gatr-experiments/experiments/volume/gatr_volume/metrics/predictions_vs_actuals_val_step_2000.png
[2024-12-06 01:26:38 I] Starting validation at step 3000
[2024-12-06 01:26:40 I] Saved predictions vs actuals plot for 'val' at /storage_bizon/sabrant_rocket_2tb/ajay/repositories/ajay_code/geometric-algebra-transformer/tmp/gatr-experiments/experiments/volume/gatr_volume/metrics/predictions_vs_actuals_val.png
[2024-12-06 01:26:40 I] Saved predictions vs actuals plot for 'val' at /storage_bizon/sabrant_rocket_2tb/ajay/repositories/ajay_code/geometric-algebra-transformer/tmp/gatr-experiments/experiments/volume/gatr_volume/metrics/predictions_vs_actuals_val_step_3000.png
[2024-12-06 01:27:43 I] Starting validation at step 4000
[2024-12-06 01:27:44 I] Saved predictions vs actuals plot for 'val' at /storage_bizon/sabrant_rocket_2tb/ajay/repositories/ajay_code/geometric-algebra-transformer/tmp/gatr-experiments/experiments/volume/gatr_volume/metrics/predictions_vs_actuals_val.png
[2024-12-06 01:27:44 I] Saved predictions vs actuals plot for 'val' at /storage_bizon/sabrant_rocket_2tb/ajay/repositories/ajay_code/geometric-algebra-transformer/tmp/gatr-experiments/experiments/volume/gatr_volume/metrics/predictions_vs_actuals_val_step_4000.png
[2024-12-06 01:28:47 I] Starting validation at step 5000
[2024-12-06 01:28:49 I] Saved predictions vs actuals plot for 'val' at /storage_bizon/sabrant_rocket_2tb/ajay/repositories/ajay_code/geometric-algebra-transformer/tmp/gatr-experiments/experiments/volume/gatr_volume/metrics/predictions_vs_actuals_val.png
[2024-12-06 01:28:49 I] Saved predictions vs actuals plot for 'val' at /storage_bizon/sabrant_rocket_2tb/ajay/repositories/ajay_code/geometric-algebra-transformer/tmp/gatr-experiments/experiments/volume/gatr_volume/metrics/predictions_vs_actuals_val_step_5000.png
[2024-12-06 01:28:51 I] Saved predictions vs actuals plot for 'val' at /storage_bizon/sabrant_rocket_2tb/ajay/repositories/ajay_code/geometric-algebra-transformer/tmp/gatr-experiments/experiments/volume/gatr_volume/metrics/predictions_vs_actuals_val.png
[2024-12-06 01:28:51 I] Saved predictions vs actuals plot for 'val' at /storage_bizon/sabrant_rocket_2tb/ajay/repositories/ajay_code/geometric-algebra-transformer/tmp/gatr-experiments/experiments/volume/gatr_volume/metrics/predictions_vs_actuals_val_step_5000.png
[2024-12-06 01:28:51 I] Saving model at /storage_bizon/sabrant_rocket_2tb/ajay/repositories/ajay_code/geometric-algebra-transformer/tmp/gatr-experiments/experiments/volume/gatr_volume/models/model_final.pt
[2024-12-06 01:28:52 I] Saved predictions vs actuals plot for 'test' at /storage_bizon/sabrant_rocket_2tb/ajay/repositories/ajay_code/geometric-algebra-transformer/tmp/gatr-experiments/experiments/volume/gatr_volume/metrics/predictions_vs_actuals_test.png
[2024-12-06 01:28:52 I] Ran evaluation on dataset test:
[2024-12-06 01:28:52 I]     loss = 0.00012367200115695598
[2024-12-06 01:28:52 I]     mse = 3.53458371711895e-05
[2024-12-06 01:28:52 I]     rmse = 0.011072806280608938
[2024-12-06 01:28:52 I]     output_reg = 0.008832616522908215
[2024-12-06 01:28:52 I]     mae = 0.004095877750217914
[2024-12-06 01:28:54 I] Saved predictions vs actuals plot for 'generalization' at /storage_bizon/sabrant_rocket_2tb/ajay/repositories/ajay_code/geometric-algebra-transformer/tmp/gatr-experiments/experiments/volume/gatr_volume/metrics/predictions_vs_actuals_generalization.png
[2024-12-06 01:28:54 I] Ran evaluation on dataset generalization:
[2024-12-06 01:28:54 I]     loss = 0.01794475750923157
[2024-12-06 01:28:54 I]     mse = 0.017826015985012055
[2024-12-06 01:28:54 I]     rmse = 0.13382239530080356
[2024-12-06 01:28:54 I]     output_reg = 0.011874157565832136
[2024-12-06 01:28:54 I]     mae = 0.12456559684276577
[2024-12-06 01:28:54 I] Anders nog iets?
[2024-12-06 17:15:51 I] Hoi.
[2024-12-06 17:15:52 I] Set experiment volume with ID 2, artifact location file:/storage_bizon/sabrant_rocket_2tb/ajay/repositories/ajay_code/geometric-algebra-transformer/tmp/gatr-experiments/tracking/artifacts
[2024-12-06 17:15:52 I] Logger already initialized - hi again!
[2024-12-06 17:15:52 I] Running experiment at /storage_bizon/sabrant_rocket_2tb/ajay/repositories/ajay_code/geometric-algebra-transformer/tmp/gatr-experiments/experiments/volume/gatr_volume
[2024-12-06 17:15:52 I] Saving config at /storage_bizon/sabrant_rocket_2tb/ajay/repositories/ajay_code/geometric-algebra-transformer/tmp/gatr-experiments/experiments/volume/gatr_volume/config.yml
[2024-12-06 17:15:52 I] Model has 10.58M learnable parameters
[2024-12-06 17:15:52 I] Starting training
[2024-12-06 17:15:52 I] Training for 5000 steps, that is, 313 epochs on a dataset of size 1000 with batchsize 64
[2024-12-06 17:15:53 I] Finished first forward pass with loss 0.22894150018692017
[2024-12-06 17:16:52 I] Starting validation at step 1000
[2024-12-06 17:16:54 I] Saved predictions vs actuals plot for 'val' at /storage_bizon/sabrant_rocket_2tb/ajay/repositories/ajay_code/geometric-algebra-transformer/tmp/gatr-experiments/experiments/volume/gatr_volume/metrics/predictions_vs_actuals_val.png
[2024-12-06 17:16:54 I] Saved predictions vs actuals plot for 'val' at /storage_bizon/sabrant_rocket_2tb/ajay/repositories/ajay_code/geometric-algebra-transformer/tmp/gatr-experiments/experiments/volume/gatr_volume/metrics/predictions_vs_actuals_val_step_1000.png
[2024-12-06 17:17:39 I] Hoi.
[2024-12-06 17:17:39 I] Set experiment volume with ID 2, artifact location file:/storage_bizon/sabrant_rocket_2tb/ajay/repositories/ajay_code/geometric-algebra-transformer/tmp/gatr-experiments/tracking/artifacts
[2024-12-06 17:17:39 I] Logger already initialized - hi again!
[2024-12-06 17:17:39 I] Running experiment at /storage_bizon/sabrant_rocket_2tb/ajay/repositories/ajay_code/geometric-algebra-transformer/tmp/gatr-experiments/experiments/volume/gatr_volume
[2024-12-06 17:17:39 I] Saving config at /storage_bizon/sabrant_rocket_2tb/ajay/repositories/ajay_code/geometric-algebra-transformer/tmp/gatr-experiments/experiments/volume/gatr_volume/config.yml
[2024-12-06 17:17:39 I] Model has 10.58M learnable parameters
[2024-12-06 17:17:39 I] Starting training
[2024-12-06 17:17:39 I] Training for 5000 steps, that is, 313 epochs on a dataset of size 1000 with batchsize 64
[2024-12-06 17:17:40 I] Finished first forward pass with loss 0.22894150018692017
[2024-12-06 17:18:18 I] Hoi.
[2024-12-06 17:18:18 I] Set experiment volume with ID 2, artifact location file:/storage_bizon/sabrant_rocket_2tb/ajay/repositories/ajay_code/geometric-algebra-transformer/tmp/gatr-experiments/tracking/artifacts
[2024-12-06 17:18:18 I] Logger already initialized - hi again!
[2024-12-06 17:18:18 I] Running experiment at /storage_bizon/sabrant_rocket_2tb/ajay/repositories/ajay_code/geometric-algebra-transformer/tmp/gatr-experiments/experiments/volume/gatr_volume
[2024-12-06 17:18:18 I] Saving config at /storage_bizon/sabrant_rocket_2tb/ajay/repositories/ajay_code/geometric-algebra-transformer/tmp/gatr-experiments/experiments/volume/gatr_volume/config.yml
[2024-12-06 17:18:18 I] Model has 10.58M learnable parameters
[2024-12-06 17:18:18 I] Starting training
[2024-12-06 17:18:18 I] Training for 5000 steps, that is, 313 epochs on a dataset of size 1000 with batchsize 64
[2024-12-06 17:18:19 I] Finished first forward pass with loss 0.22894150018692017
[2024-12-06 17:21:24 I] Hoi.
[2024-12-06 17:21:24 I] Set experiment volume with ID 2, artifact location file:/storage_bizon/sabrant_rocket_2tb/ajay/repositories/ajay_code/geometric-algebra-transformer/tmp/gatr-experiments/tracking/artifacts
[2024-12-06 17:21:24 I] Logger already initialized - hi again!
[2024-12-06 17:21:24 I] Running experiment at /storage_bizon/sabrant_rocket_2tb/ajay/repositories/ajay_code/geometric-algebra-transformer/tmp/gatr-experiments/experiments/volume/gatr_volume
[2024-12-06 17:21:24 I] Saving config at /storage_bizon/sabrant_rocket_2tb/ajay/repositories/ajay_code/geometric-algebra-transformer/tmp/gatr-experiments/experiments/volume/gatr_volume/config.yml
[2024-12-06 17:21:24 I] Model has 10.58M learnable parameters
[2024-12-06 17:21:24 I] Starting training
[2024-12-06 17:21:24 I] Training for 5000 steps, that is, 313 epochs on a dataset of size 1000 with batchsize 64
[2024-12-06 17:21:25 I] Finished first forward pass with loss 0.22894150018692017
[2024-12-06 17:23:17 I] Hoi.
[2024-12-06 17:23:17 I] Set experiment volume with ID 2, artifact location file:/storage_bizon/sabrant_rocket_2tb/ajay/repositories/ajay_code/geometric-algebra-transformer/tmp/gatr-experiments/tracking/artifacts
[2024-12-06 17:23:17 I] Logger already initialized - hi again!
[2024-12-06 17:23:17 I] Running experiment at /storage_bizon/sabrant_rocket_2tb/ajay/repositories/ajay_code/geometric-algebra-transformer/tmp/gatr-experiments/experiments/volume/gatr_volume
[2024-12-06 17:23:17 I] Saving config at /storage_bizon/sabrant_rocket_2tb/ajay/repositories/ajay_code/geometric-algebra-transformer/tmp/gatr-experiments/experiments/volume/gatr_volume/config.yml
[2024-12-06 17:23:18 I] Model has 10.58M learnable parameters
[2024-12-06 17:23:18 I] Starting training
[2024-12-06 17:23:18 I] Training for 5000 steps, that is, 313 epochs on a dataset of size 1000 with batchsize 64
[2024-12-06 17:23:18 I] Finished first forward pass with loss 0.22894150018692017
[2024-12-06 17:25:03 I] Hoi.
[2024-12-06 17:25:03 I] Set experiment volume with ID 2, artifact location file:/storage_bizon/sabrant_rocket_2tb/ajay/repositories/ajay_code/geometric-algebra-transformer/tmp/gatr-experiments/tracking/artifacts
[2024-12-06 17:25:03 I] Logger already initialized - hi again!
[2024-12-06 17:25:03 I] Running experiment at /storage_bizon/sabrant_rocket_2tb/ajay/repositories/ajay_code/geometric-algebra-transformer/tmp/gatr-experiments/experiments/volume/gatr_volume
[2024-12-06 17:25:03 I] Saving config at /storage_bizon/sabrant_rocket_2tb/ajay/repositories/ajay_code/geometric-algebra-transformer/tmp/gatr-experiments/experiments/volume/gatr_volume/config.yml
[2024-12-06 17:25:04 I] Model has 10.58M learnable parameters
[2024-12-06 17:25:04 I] Starting training
[2024-12-06 17:25:04 I] Training for 5000 steps, that is, 313 epochs on a dataset of size 1000 with batchsize 64
[2024-12-06 17:25:04 I] Finished first forward pass with loss 0.22894150018692017
[2024-12-06 17:26:04 I] Starting validation at step 1000
[2024-12-06 17:26:06 I] Saved predictions vs actuals plot for 'val' at /storage_bizon/sabrant_rocket_2tb/ajay/repositories/ajay_code/geometric-algebra-transformer/tmp/gatr-experiments/experiments/volume/gatr_volume/metrics/predictions_vs_actuals_val.png
[2024-12-06 17:26:06 I] Saved predictions vs actuals plot for 'val' at /storage_bizon/sabrant_rocket_2tb/ajay/repositories/ajay_code/geometric-algebra-transformer/tmp/gatr-experiments/experiments/volume/gatr_volume/metrics/predictions_vs_actuals_val_step_1000.png
[2024-12-06 17:27:07 I] Starting validation at step 2000
[2024-12-06 17:27:09 I] Saved predictions vs actuals plot for 'val' at /storage_bizon/sabrant_rocket_2tb/ajay/repositories/ajay_code/geometric-algebra-transformer/tmp/gatr-experiments/experiments/volume/gatr_volume/metrics/predictions_vs_actuals_val.png
[2024-12-06 17:27:09 I] Saved predictions vs actuals plot for 'val' at /storage_bizon/sabrant_rocket_2tb/ajay/repositories/ajay_code/geometric-algebra-transformer/tmp/gatr-experiments/experiments/volume/gatr_volume/metrics/predictions_vs_actuals_val_step_2000.png
[2024-12-06 17:28:28 I] Hoi.
[2024-12-06 17:28:29 I] Set experiment volume with ID 2, artifact location file:/storage_bizon/sabrant_rocket_2tb/ajay/repositories/ajay_code/geometric-algebra-transformer/tmp/gatr-experiments/tracking/artifacts
[2024-12-06 17:28:29 I] Logger already initialized - hi again!
[2024-12-06 17:28:29 I] Running experiment at /storage_bizon/sabrant_rocket_2tb/ajay/repositories/ajay_code/geometric-algebra-transformer/tmp/gatr-experiments/experiments/volume/gatr_volume
[2024-12-06 17:28:29 I] Saving config at /storage_bizon/sabrant_rocket_2tb/ajay/repositories/ajay_code/geometric-algebra-transformer/tmp/gatr-experiments/experiments/volume/gatr_volume/config.yml
[2024-12-06 17:28:29 I] Model has 10.58M learnable parameters
[2024-12-06 17:28:29 I] Starting training
[2024-12-06 17:28:29 I] Training for 5000 steps, that is, 313 epochs on a dataset of size 1000 with batchsize 64
[2024-12-06 17:28:29 I] Finished first forward pass with loss 0.22894150018692017
[2024-12-06 17:29:25 I] Hoi.
[2024-12-06 17:29:25 I] Set experiment volume with ID 2, artifact location file:/storage_bizon/sabrant_rocket_2tb/ajay/repositories/ajay_code/geometric-algebra-transformer/tmp/gatr-experiments/tracking/artifacts
[2024-12-06 17:29:25 I] Logger already initialized - hi again!
[2024-12-06 17:29:25 I] Running experiment at /storage_bizon/sabrant_rocket_2tb/ajay/repositories/ajay_code/geometric-algebra-transformer/tmp/gatr-experiments/experiments/volume/gatr_volume
[2024-12-06 17:29:25 I] Saving config at /storage_bizon/sabrant_rocket_2tb/ajay/repositories/ajay_code/geometric-algebra-transformer/tmp/gatr-experiments/experiments/volume/gatr_volume/config.yml
[2024-12-06 17:29:25 I] Model has 10.58M learnable parameters
[2024-12-06 17:29:25 I] Starting training
[2024-12-06 17:29:26 I] Training for 5000 steps, that is, 313 epochs on a dataset of size 1000 with batchsize 64
[2024-12-06 17:29:26 I] Finished first forward pass with loss 0.22894150018692017
[2024-12-06 17:30:26 I] Starting validation at step 1000
[2024-12-06 17:30:28 I] Saved predictions vs actuals plot for 'val' at /storage_bizon/sabrant_rocket_2tb/ajay/repositories/ajay_code/geometric-algebra-transformer/tmp/gatr-experiments/experiments/volume/gatr_volume/metrics/predictions_vs_actuals_val.png
[2024-12-06 17:30:28 I] Saved predictions vs actuals plot for 'val' at /storage_bizon/sabrant_rocket_2tb/ajay/repositories/ajay_code/geometric-algebra-transformer/tmp/gatr-experiments/experiments/volume/gatr_volume/metrics/predictions_vs_actuals_val_step_1000.png
