[2024-12-07 01:29:59 I] Hoi.
[2024-12-07 01:30:00 I] Set experiment volume with ID 1, artifact location file:/home/ajay/GATr-experiments/tmp/gatr-experiments/tracking/artifacts
[2024-12-07 01:30:00 I] Logger already initialized - hi again!
[2024-12-07 01:30:00 I] Running experiment at /home/ajay/GATr-experiments/tmp/gatr-experiments/experiments/volume/transformer_volume_10
[2024-12-07 01:30:00 I] Saving config at /home/ajay/GATr-experiments/tmp/gatr-experiments/experiments/volume/transformer_volume_10/config.yml
[2024-12-07 01:30:00 I] Model has 1.58M learnable parameters
[2024-12-07 01:30:00 I] Starting training
[2024-12-07 01:30:00 I] Training for 5000 steps, that is, 313 epochs on a dataset of size 1000 with batchsize 64
[2024-12-07 01:30:00 I] Finished first forward pass with loss 0.028598081320524216
[2024-12-07 01:30:24 I] Starting validation at step 1000
[2024-12-07 01:30:25 I] Saved predictions vs actuals plot for 'val' at /home/ajay/GATr-experiments/tmp/gatr-experiments/experiments/volume/transformer_volume_10/metrics/predictions_vs_actuals_val.png
[2024-12-07 01:30:25 I] Saved predictions vs actuals plot for 'val' at /home/ajay/GATr-experiments/tmp/gatr-experiments/experiments/volume/transformer_volume_10/metrics/predictions_vs_actuals_val_step_1000.png
[2024-12-07 01:30:53 I] Starting validation at step 2000
[2024-12-07 01:30:53 I] Saved predictions vs actuals plot for 'val' at /home/ajay/GATr-experiments/tmp/gatr-experiments/experiments/volume/transformer_volume_10/metrics/predictions_vs_actuals_val.png
[2024-12-07 01:30:54 I] Saved predictions vs actuals plot for 'val' at /home/ajay/GATr-experiments/tmp/gatr-experiments/experiments/volume/transformer_volume_10/metrics/predictions_vs_actuals_val_step_2000.png
[2024-12-07 01:31:15 I] Starting validation at step 3000
[2024-12-07 01:31:16 I] Saved predictions vs actuals plot for 'val' at /home/ajay/GATr-experiments/tmp/gatr-experiments/experiments/volume/transformer_volume_10/metrics/predictions_vs_actuals_val.png
[2024-12-07 01:31:16 I] Saved predictions vs actuals plot for 'val' at /home/ajay/GATr-experiments/tmp/gatr-experiments/experiments/volume/transformer_volume_10/metrics/predictions_vs_actuals_val_step_3000.png
[2024-12-07 01:31:40 I] Starting validation at step 4000
[2024-12-07 01:31:41 I] Saved predictions vs actuals plot for 'val' at /home/ajay/GATr-experiments/tmp/gatr-experiments/experiments/volume/transformer_volume_10/metrics/predictions_vs_actuals_val.png
[2024-12-07 01:31:41 I] Saved predictions vs actuals plot for 'val' at /home/ajay/GATr-experiments/tmp/gatr-experiments/experiments/volume/transformer_volume_10/metrics/predictions_vs_actuals_val_step_4000.png
[2024-12-07 01:32:04 I] Starting validation at step 5000
[2024-12-07 01:32:05 I] Saved predictions vs actuals plot for 'val' at /home/ajay/GATr-experiments/tmp/gatr-experiments/experiments/volume/transformer_volume_10/metrics/predictions_vs_actuals_val.png
[2024-12-07 01:32:05 I] Saved predictions vs actuals plot for 'val' at /home/ajay/GATr-experiments/tmp/gatr-experiments/experiments/volume/transformer_volume_10/metrics/predictions_vs_actuals_val_step_5000.png
[2024-12-07 01:32:06 I] Saved predictions vs actuals plot for 'val' at /home/ajay/GATr-experiments/tmp/gatr-experiments/experiments/volume/transformer_volume_10/metrics/predictions_vs_actuals_val.png
[2024-12-07 01:32:07 I] Saved predictions vs actuals plot for 'val' at /home/ajay/GATr-experiments/tmp/gatr-experiments/experiments/volume/transformer_volume_10/metrics/predictions_vs_actuals_val_step_5000.png
[2024-12-07 01:32:07 I] Saving model at /home/ajay/GATr-experiments/tmp/gatr-experiments/experiments/volume/transformer_volume_10/models/model_final.pt
[2024-12-07 01:32:08 I] Saved predictions vs actuals plot for 'generalization' at /home/ajay/GATr-experiments/tmp/gatr-experiments/experiments/volume/transformer_volume_10/metrics/predictions_vs_actuals_generalization.png
[2024-12-07 01:32:08 I] Ran evaluation on dataset generalization:
[2024-12-07 01:32:08 I]     loss = 0.010536440744996073
[2024-12-07 01:32:08 I]     mse = 0.010536440744996073
[2024-12-07 01:32:08 I]     rmse = 0.1025925848916766
[2024-12-07 01:32:08 I]     output_reg = 0.0
[2024-12-07 01:32:08 I]     mae = 0.09974246815443043
[2024-12-07 01:32:09 I] Saved predictions vs actuals plot for 'test' at /home/ajay/GATr-experiments/tmp/gatr-experiments/experiments/volume/transformer_volume_10/metrics/predictions_vs_actuals_test.png
[2024-12-07 01:32:09 I] Ran evaluation on dataset test:
[2024-12-07 01:32:09 I]     loss = 0.00017524484051391478
[2024-12-07 01:32:09 I]     mse = 0.00017524484051391478
[2024-12-07 01:32:09 I]     rmse = 0.013171016077474918
[2024-12-07 01:32:09 I]     output_reg = 0.0
[2024-12-07 01:32:09 I]     mae = 0.01036358286589384
[2024-12-07 01:32:09 I] Anders nog iets?
