[2024-12-06 18:43:50 I] Hoi.
[2024-12-06 18:43:51 I] Created experiment volume with ID 1
[2024-12-06 18:43:51 I] Set experiment volume with ID 1, artifact location file:/home/ajay/GATr-experiments/tmp/gatr-experiments/tracking/artifacts
[2024-12-06 18:43:51 I] Logger already initialized - hi again!
[2024-12-06 18:43:51 I] Running experiment at /home/ajay/GATr-experiments/tmp/gatr-experiments/experiments/volume/transformer_volume
[2024-12-06 18:43:51 I] Saving config at /home/ajay/GATr-experiments/tmp/gatr-experiments/experiments/volume/transformer_volume/config.yml
[2024-12-06 18:43:51 I] Model has 1.58M learnable parameters
[2024-12-06 18:43:51 I] Starting training
[2024-12-06 18:43:51 I] Training for 5000 steps, that is, 313 epochs on a dataset of size 1000 with batchsize 64
[2024-12-06 18:43:52 I] Finished first forward pass with loss 0.10076620429754257
[2024-12-06 18:44:09 I] Starting validation at step 1000
[2024-12-06 18:44:09 I] Saved predictions vs actuals plot for 'val' at /home/ajay/GATr-experiments/tmp/gatr-experiments/experiments/volume/transformer_volume/metrics/predictions_vs_actuals_val.png
[2024-12-06 18:44:10 I] Saved predictions vs actuals plot for 'val' at /home/ajay/GATr-experiments/tmp/gatr-experiments/experiments/volume/transformer_volume/metrics/predictions_vs_actuals_val_step_1000.png
[2024-12-06 18:44:27 I] Starting validation at step 2000
[2024-12-06 18:44:27 I] Saved predictions vs actuals plot for 'val' at /home/ajay/GATr-experiments/tmp/gatr-experiments/experiments/volume/transformer_volume/metrics/predictions_vs_actuals_val.png
[2024-12-06 18:44:28 I] Saved predictions vs actuals plot for 'val' at /home/ajay/GATr-experiments/tmp/gatr-experiments/experiments/volume/transformer_volume/metrics/predictions_vs_actuals_val_step_2000.png
[2024-12-06 18:44:45 I] Starting validation at step 3000
[2024-12-06 18:44:45 I] Saved predictions vs actuals plot for 'val' at /home/ajay/GATr-experiments/tmp/gatr-experiments/experiments/volume/transformer_volume/metrics/predictions_vs_actuals_val.png
[2024-12-06 18:44:46 I] Saved predictions vs actuals plot for 'val' at /home/ajay/GATr-experiments/tmp/gatr-experiments/experiments/volume/transformer_volume/metrics/predictions_vs_actuals_val_step_3000.png
[2024-12-06 18:45:03 I] Starting validation at step 4000
[2024-12-06 18:45:04 I] Saved predictions vs actuals plot for 'val' at /home/ajay/GATr-experiments/tmp/gatr-experiments/experiments/volume/transformer_volume/metrics/predictions_vs_actuals_val.png
[2024-12-06 18:45:04 I] Saved predictions vs actuals plot for 'val' at /home/ajay/GATr-experiments/tmp/gatr-experiments/experiments/volume/transformer_volume/metrics/predictions_vs_actuals_val_step_4000.png
[2024-12-06 18:45:21 I] Starting validation at step 5000
[2024-12-06 18:45:22 I] Saved predictions vs actuals plot for 'val' at /home/ajay/GATr-experiments/tmp/gatr-experiments/experiments/volume/transformer_volume/metrics/predictions_vs_actuals_val.png
[2024-12-06 18:45:22 I] Saved predictions vs actuals plot for 'val' at /home/ajay/GATr-experiments/tmp/gatr-experiments/experiments/volume/transformer_volume/metrics/predictions_vs_actuals_val_step_5000.png
[2024-12-06 18:45:22 I] Saved predictions vs actuals plot for 'val' at /home/ajay/GATr-experiments/tmp/gatr-experiments/experiments/volume/transformer_volume/metrics/predictions_vs_actuals_val.png
[2024-12-06 18:45:23 I] Saved predictions vs actuals plot for 'val' at /home/ajay/GATr-experiments/tmp/gatr-experiments/experiments/volume/transformer_volume/metrics/predictions_vs_actuals_val_step_5000.png
[2024-12-06 18:45:23 I] Saving model at /home/ajay/GATr-experiments/tmp/gatr-experiments/experiments/volume/transformer_volume/models/model_final.pt
[2024-12-06 18:45:23 I] Saved predictions vs actuals plot for 'generalization' at /home/ajay/GATr-experiments/tmp/gatr-experiments/experiments/volume/transformer_volume/metrics/predictions_vs_actuals_generalization.png
[2024-12-06 18:45:23 I] Ran evaluation on dataset generalization:
[2024-12-06 18:45:23 I]     loss = 0.009212247443199154
[2024-12-06 18:45:23 I]     mse = 0.009212247443199154
[2024-12-06 18:45:23 I]     rmse = 0.09588671708985355
[2024-12-06 18:45:23 I]     output_reg = 0.0
[2024-12-06 18:45:23 I]     mae = 0.0895779970288277
[2024-12-06 18:45:24 I] Saved predictions vs actuals plot for 'test' at /home/ajay/GATr-experiments/tmp/gatr-experiments/experiments/volume/transformer_volume/metrics/predictions_vs_actuals_test.png
[2024-12-06 18:45:24 I] Ran evaluation on dataset test:
[2024-12-06 18:45:24 I]     loss = 0.00011873477995395662
[2024-12-06 18:45:24 I]     mse = 0.00011873477995395662
[2024-12-06 18:45:24 I]     rmse = 0.010821544907888508
[2024-12-06 18:45:24 I]     output_reg = 0.0
[2024-12-06 18:45:24 I]     mae = 0.008289343231916432
[2024-12-06 18:45:24 I] Anders nog iets?
[2024-12-06 19:49:35 I] Hoi.
[2024-12-06 19:49:35 I] Set experiment volume with ID 1, artifact location file:/home/ajay/GATr-experiments/tmp/gatr-experiments/tracking/artifacts
[2024-12-06 19:49:35 I] Logger already initialized - hi again!
[2024-12-06 19:49:35 I] Running experiment at /home/ajay/GATr-experiments/tmp/gatr-experiments/experiments/volume/transformer_volume
[2024-12-06 19:49:35 I] Saving config at /home/ajay/GATr-experiments/tmp/gatr-experiments/experiments/volume/transformer_volume/config.yml
[2024-12-06 19:49:36 I] Model has 1.58M learnable parameters
[2024-12-06 19:49:36 I] Starting training
[2024-12-06 19:49:36 I] Training for 5000 steps, that is, 313 epochs on a dataset of size 1000 with batchsize 64
[2024-12-06 19:49:36 I] Finished first forward pass with loss 0.10076620429754257
[2024-12-06 19:49:53 I] Starting validation at step 1000
[2024-12-06 19:49:54 I] Saved predictions vs actuals plot for 'val' at /home/ajay/GATr-experiments/tmp/gatr-experiments/experiments/volume/transformer_volume/metrics/predictions_vs_actuals_val.png
[2024-12-06 19:49:54 I] Saved predictions vs actuals plot for 'val' at /home/ajay/GATr-experiments/tmp/gatr-experiments/experiments/volume/transformer_volume/metrics/predictions_vs_actuals_val_step_1000.png
[2024-12-06 19:50:11 I] Starting validation at step 2000
[2024-12-06 19:50:11 I] Saved predictions vs actuals plot for 'val' at /home/ajay/GATr-experiments/tmp/gatr-experiments/experiments/volume/transformer_volume/metrics/predictions_vs_actuals_val.png
[2024-12-06 19:50:12 I] Saved predictions vs actuals plot for 'val' at /home/ajay/GATr-experiments/tmp/gatr-experiments/experiments/volume/transformer_volume/metrics/predictions_vs_actuals_val_step_2000.png
[2024-12-06 19:50:27 I] Starting validation at step 3000
[2024-12-06 19:50:28 I] Saved predictions vs actuals plot for 'val' at /home/ajay/GATr-experiments/tmp/gatr-experiments/experiments/volume/transformer_volume/metrics/predictions_vs_actuals_val.png
[2024-12-06 19:50:28 I] Saved predictions vs actuals plot for 'val' at /home/ajay/GATr-experiments/tmp/gatr-experiments/experiments/volume/transformer_volume/metrics/predictions_vs_actuals_val_step_3000.png
[2024-12-06 19:50:43 I] Starting validation at step 4000
[2024-12-06 19:50:43 I] Saved predictions vs actuals plot for 'val' at /home/ajay/GATr-experiments/tmp/gatr-experiments/experiments/volume/transformer_volume/metrics/predictions_vs_actuals_val.png
[2024-12-06 19:50:44 I] Saved predictions vs actuals plot for 'val' at /home/ajay/GATr-experiments/tmp/gatr-experiments/experiments/volume/transformer_volume/metrics/predictions_vs_actuals_val_step_4000.png
[2024-12-06 19:51:01 I] Starting validation at step 5000
[2024-12-06 19:51:01 I] Saved predictions vs actuals plot for 'val' at /home/ajay/GATr-experiments/tmp/gatr-experiments/experiments/volume/transformer_volume/metrics/predictions_vs_actuals_val.png
[2024-12-06 19:51:02 I] Saved predictions vs actuals plot for 'val' at /home/ajay/GATr-experiments/tmp/gatr-experiments/experiments/volume/transformer_volume/metrics/predictions_vs_actuals_val_step_5000.png
[2024-12-06 19:51:02 I] Saved predictions vs actuals plot for 'val' at /home/ajay/GATr-experiments/tmp/gatr-experiments/experiments/volume/transformer_volume/metrics/predictions_vs_actuals_val.png
[2024-12-06 19:51:03 I] Saved predictions vs actuals plot for 'val' at /home/ajay/GATr-experiments/tmp/gatr-experiments/experiments/volume/transformer_volume/metrics/predictions_vs_actuals_val_step_5000.png
[2024-12-06 19:51:03 I] Saving model at /home/ajay/GATr-experiments/tmp/gatr-experiments/experiments/volume/transformer_volume/models/model_final.pt
[2024-12-06 19:51:03 I] Saved predictions vs actuals plot for 'generalization' at /home/ajay/GATr-experiments/tmp/gatr-experiments/experiments/volume/transformer_volume/metrics/predictions_vs_actuals_generalization.png
[2024-12-06 19:51:03 I] Ran evaluation on dataset generalization:
[2024-12-06 19:51:03 I]     loss = 0.009212247443199154
[2024-12-06 19:51:03 I]     mse = 0.009212247443199154
[2024-12-06 19:51:03 I]     rmse = 0.09588671708985355
[2024-12-06 19:51:03 I]     output_reg = 0.0
[2024-12-06 19:51:03 I]     mae = 0.0895779970288277
[2024-12-06 19:51:04 I] Saved predictions vs actuals plot for 'test' at /home/ajay/GATr-experiments/tmp/gatr-experiments/experiments/volume/transformer_volume/metrics/predictions_vs_actuals_test.png
[2024-12-06 19:51:04 I] Ran evaluation on dataset test:
[2024-12-06 19:51:04 I]     loss = 0.00011873477995395662
[2024-12-06 19:51:04 I]     mse = 0.00011873477995395662
[2024-12-06 19:51:04 I]     rmse = 0.010821544907888508
[2024-12-06 19:51:04 I]     output_reg = 0.0
[2024-12-06 19:51:04 I]     mae = 0.008289343231916432
[2024-12-06 19:51:04 I] Anders nog iets?
[2024-12-06 19:55:18 I] Hoi.
[2024-12-06 19:55:19 I] Set experiment volume with ID 1, artifact location file:/home/ajay/GATr-experiments/tmp/gatr-experiments/tracking/artifacts
[2024-12-06 19:55:19 I] Logger already initialized - hi again!
[2024-12-06 19:55:19 I] Running experiment at /home/ajay/GATr-experiments/tmp/gatr-experiments/experiments/volume/transformer_volume
[2024-12-06 19:55:19 I] Saving config at /home/ajay/GATr-experiments/tmp/gatr-experiments/experiments/volume/transformer_volume/config.yml
[2024-12-06 19:55:19 I] Model has 1.58M learnable parameters
[2024-12-06 19:55:19 I] Starting training
[2024-12-06 19:55:19 I] Training for 5000 steps, that is, 313 epochs on a dataset of size 1000 with batchsize 64
[2024-12-06 19:55:19 I] Finished first forward pass with loss 0.10076620429754257
[2024-12-06 19:55:36 I] Starting validation at step 1000
[2024-12-06 19:55:37 I] Saved predictions vs actuals plot for 'val' at /home/ajay/GATr-experiments/tmp/gatr-experiments/experiments/volume/transformer_volume/metrics/predictions_vs_actuals_val.png
[2024-12-06 19:55:37 I] Saved predictions vs actuals plot for 'val' at /home/ajay/GATr-experiments/tmp/gatr-experiments/experiments/volume/transformer_volume/metrics/predictions_vs_actuals_val_step_1000.png
[2024-12-06 19:55:53 I] Starting validation at step 2000
[2024-12-06 19:55:54 I] Saved predictions vs actuals plot for 'val' at /home/ajay/GATr-experiments/tmp/gatr-experiments/experiments/volume/transformer_volume/metrics/predictions_vs_actuals_val.png
[2024-12-06 19:55:54 I] Saved predictions vs actuals plot for 'val' at /home/ajay/GATr-experiments/tmp/gatr-experiments/experiments/volume/transformer_volume/metrics/predictions_vs_actuals_val_step_2000.png
[2024-12-06 19:56:14 I] Starting validation at step 3000
[2024-12-06 19:56:15 I] Saved predictions vs actuals plot for 'val' at /home/ajay/GATr-experiments/tmp/gatr-experiments/experiments/volume/transformer_volume/metrics/predictions_vs_actuals_val.png
[2024-12-06 19:56:15 I] Saved predictions vs actuals plot for 'val' at /home/ajay/GATr-experiments/tmp/gatr-experiments/experiments/volume/transformer_volume/metrics/predictions_vs_actuals_val_step_3000.png
[2024-12-06 19:56:38 I] Starting validation at step 4000
[2024-12-06 19:56:39 I] Saved predictions vs actuals plot for 'val' at /home/ajay/GATr-experiments/tmp/gatr-experiments/experiments/volume/transformer_volume/metrics/predictions_vs_actuals_val.png
[2024-12-06 19:56:39 I] Saved predictions vs actuals plot for 'val' at /home/ajay/GATr-experiments/tmp/gatr-experiments/experiments/volume/transformer_volume/metrics/predictions_vs_actuals_val_step_4000.png
[2024-12-06 19:56:54 I] Starting validation at step 5000
[2024-12-06 19:56:55 I] Saved predictions vs actuals plot for 'val' at /home/ajay/GATr-experiments/tmp/gatr-experiments/experiments/volume/transformer_volume/metrics/predictions_vs_actuals_val.png
[2024-12-06 19:56:55 I] Saved predictions vs actuals plot for 'val' at /home/ajay/GATr-experiments/tmp/gatr-experiments/experiments/volume/transformer_volume/metrics/predictions_vs_actuals_val_step_5000.png
[2024-12-06 19:56:56 I] Saved predictions vs actuals plot for 'val' at /home/ajay/GATr-experiments/tmp/gatr-experiments/experiments/volume/transformer_volume/metrics/predictions_vs_actuals_val.png
[2024-12-06 19:56:56 I] Saved predictions vs actuals plot for 'val' at /home/ajay/GATr-experiments/tmp/gatr-experiments/experiments/volume/transformer_volume/metrics/predictions_vs_actuals_val_step_5000.png
[2024-12-06 19:56:56 I] Saving model at /home/ajay/GATr-experiments/tmp/gatr-experiments/experiments/volume/transformer_volume/models/model_final.pt
[2024-12-06 19:56:57 I] Saved predictions vs actuals plot for 'generalization' at /home/ajay/GATr-experiments/tmp/gatr-experiments/experiments/volume/transformer_volume/metrics/predictions_vs_actuals_generalization.png
[2024-12-06 19:56:57 I] Ran evaluation on dataset generalization:
[2024-12-06 19:56:57 I]     loss = 0.009212247443199154
[2024-12-06 19:56:57 I]     mse = 0.009212247443199154
[2024-12-06 19:56:57 I]     rmse = 0.09588671708985355
[2024-12-06 19:56:57 I]     output_reg = 0.0
[2024-12-06 19:56:57 I]     mae = 0.0895779970288277
[2024-12-06 19:56:57 I] Saved predictions vs actuals plot for 'test' at /home/ajay/GATr-experiments/tmp/gatr-experiments/experiments/volume/transformer_volume/metrics/predictions_vs_actuals_test.png
[2024-12-06 19:56:57 I] Ran evaluation on dataset test:
[2024-12-06 19:56:57 I]     loss = 0.00011873477995395662
[2024-12-06 19:56:57 I]     mse = 0.00011873477995395662
[2024-12-06 19:56:57 I]     rmse = 0.010821544907888508
[2024-12-06 19:56:57 I]     output_reg = 0.0
[2024-12-06 19:56:57 I]     mae = 0.008289343231916432
[2024-12-06 19:56:57 I] Anders nog iets?
[2024-12-06 20:14:43 I] Hoi.
[2024-12-06 20:14:44 I] Set experiment volume with ID 1, artifact location file:/home/ajay/GATr-experiments/tmp/gatr-experiments/tracking/artifacts
[2024-12-06 20:14:44 I] Logger already initialized - hi again!
[2024-12-06 20:14:44 I] Running experiment at /home/ajay/GATr-experiments/tmp/gatr-experiments/experiments/volume/transformer_volume
[2024-12-06 20:14:44 I] Saving config at /home/ajay/GATr-experiments/tmp/gatr-experiments/experiments/volume/transformer_volume/config.yml
[2024-12-06 20:14:44 I] Model has 1.58M learnable parameters
[2024-12-06 20:14:44 I] Starting training
[2024-12-06 20:14:44 I] Training for 5000 steps, that is, 313 epochs on a dataset of size 1000 with batchsize 64
[2024-12-06 20:14:44 I] Finished first forward pass with loss 0.10076620429754257
[2024-12-06 20:15:01 I] Starting validation at step 1000
[2024-12-06 20:15:02 I] Saved predictions vs actuals plot for 'val' at /home/ajay/GATr-experiments/tmp/gatr-experiments/experiments/volume/transformer_volume/metrics/predictions_vs_actuals_val.png
[2024-12-06 20:15:02 I] Saved predictions vs actuals plot for 'val' at /home/ajay/GATr-experiments/tmp/gatr-experiments/experiments/volume/transformer_volume/metrics/predictions_vs_actuals_val_step_1000.png
[2024-12-06 20:15:19 I] Starting validation at step 2000
[2024-12-06 20:15:19 I] Saved predictions vs actuals plot for 'val' at /home/ajay/GATr-experiments/tmp/gatr-experiments/experiments/volume/transformer_volume/metrics/predictions_vs_actuals_val.png
[2024-12-06 20:15:20 I] Saved predictions vs actuals plot for 'val' at /home/ajay/GATr-experiments/tmp/gatr-experiments/experiments/volume/transformer_volume/metrics/predictions_vs_actuals_val_step_2000.png
[2024-12-06 20:15:36 I] Starting validation at step 3000
[2024-12-06 20:15:37 I] Saved predictions vs actuals plot for 'val' at /home/ajay/GATr-experiments/tmp/gatr-experiments/experiments/volume/transformer_volume/metrics/predictions_vs_actuals_val.png
[2024-12-06 20:15:37 I] Saved predictions vs actuals plot for 'val' at /home/ajay/GATr-experiments/tmp/gatr-experiments/experiments/volume/transformer_volume/metrics/predictions_vs_actuals_val_step_3000.png
[2024-12-06 20:15:54 I] Starting validation at step 4000
[2024-12-06 20:15:55 I] Saved predictions vs actuals plot for 'val' at /home/ajay/GATr-experiments/tmp/gatr-experiments/experiments/volume/transformer_volume/metrics/predictions_vs_actuals_val.png
[2024-12-06 20:15:55 I] Saved predictions vs actuals plot for 'val' at /home/ajay/GATr-experiments/tmp/gatr-experiments/experiments/volume/transformer_volume/metrics/predictions_vs_actuals_val_step_4000.png
[2024-12-06 20:16:12 I] Starting validation at step 5000
[2024-12-06 20:16:13 I] Saved predictions vs actuals plot for 'val' at /home/ajay/GATr-experiments/tmp/gatr-experiments/experiments/volume/transformer_volume/metrics/predictions_vs_actuals_val.png
[2024-12-06 20:16:13 I] Saved predictions vs actuals plot for 'val' at /home/ajay/GATr-experiments/tmp/gatr-experiments/experiments/volume/transformer_volume/metrics/predictions_vs_actuals_val_step_5000.png
[2024-12-06 20:16:14 I] Saved predictions vs actuals plot for 'val' at /home/ajay/GATr-experiments/tmp/gatr-experiments/experiments/volume/transformer_volume/metrics/predictions_vs_actuals_val.png
[2024-12-06 20:16:14 I] Saved predictions vs actuals plot for 'val' at /home/ajay/GATr-experiments/tmp/gatr-experiments/experiments/volume/transformer_volume/metrics/predictions_vs_actuals_val_step_5000.png
[2024-12-06 20:16:14 I] Saving model at /home/ajay/GATr-experiments/tmp/gatr-experiments/experiments/volume/transformer_volume/models/model_final.pt
[2024-12-06 20:16:15 I] Saved predictions vs actuals plot for 'test' at /home/ajay/GATr-experiments/tmp/gatr-experiments/experiments/volume/transformer_volume/metrics/predictions_vs_actuals_test.png
[2024-12-06 20:16:15 I] Ran evaluation on dataset test:
[2024-12-06 20:16:15 I]     loss = 0.00011873477995395662
[2024-12-06 20:16:15 I]     mse = 0.00011873477995395662
[2024-12-06 20:16:15 I]     rmse = 0.010821544907888508
[2024-12-06 20:16:15 I]     output_reg = 0.0
[2024-12-06 20:16:15 I]     mae = 0.008289343231916432
[2024-12-06 20:16:16 I] Saved predictions vs actuals plot for 'generalization' at /home/ajay/GATr-experiments/tmp/gatr-experiments/experiments/volume/transformer_volume/metrics/predictions_vs_actuals_generalization.png
[2024-12-06 20:16:16 I] Ran evaluation on dataset generalization:
[2024-12-06 20:16:16 I]     loss = 0.009212247443199154
[2024-12-06 20:16:16 I]     mse = 0.009212247443199154
[2024-12-06 20:16:16 I]     rmse = 0.09588671708985355
[2024-12-06 20:16:16 I]     output_reg = 0.0
[2024-12-06 20:16:16 I]     mae = 0.0895779970288277
[2024-12-06 20:16:16 I] Anders nog iets?
[2024-12-06 20:47:02 I] Hoi.
[2024-12-06 20:47:02 I] Set experiment volume with ID 1, artifact location file:/home/ajay/GATr-experiments/tmp/gatr-experiments/tracking/artifacts
[2024-12-06 20:47:02 I] Logger already initialized - hi again!
[2024-12-06 20:47:02 I] Running experiment at /home/ajay/GATr-experiments/tmp/gatr-experiments/experiments/volume/transformer_volume
[2024-12-06 20:47:02 I] Saving config at /home/ajay/GATr-experiments/tmp/gatr-experiments/experiments/volume/transformer_volume/config.yml
[2024-12-06 20:47:02 I] Model has 1.58M learnable parameters
[2024-12-06 20:47:02 I] Starting training
[2024-12-06 20:47:02 I] Training for 5000 steps, that is, 313 epochs on a dataset of size 1000 with batchsize 64
[2024-12-06 20:47:03 I] Finished first forward pass with loss 0.10076620429754257
