[2024-12-06 18:46:22 I] Hoi.
[2024-12-06 18:46:23 I] Created experiment surface_area with ID 2
[2024-12-06 18:46:23 I] Set experiment surface_area with ID 2, artifact location file:/home/ajay/GATr-experiments/tmp/gatr-experiments/tracking/artifacts
[2024-12-06 18:46:23 I] Logger already initialized - hi again!
[2024-12-06 18:46:23 I] Running experiment at /home/ajay/GATr-experiments/tmp/gatr-experiments/experiments/surface_area/transformer_surface_area
[2024-12-06 18:46:23 I] Saving config at /home/ajay/GATr-experiments/tmp/gatr-experiments/experiments/surface_area/transformer_surface_area/config.yml
[2024-12-06 18:46:23 I] Model has 1.58M learnable parameters
[2024-12-06 18:46:23 I] Starting training
[2024-12-06 18:46:23 I] Training for 5000 steps, that is, 313 epochs on a dataset of size 1000 with batchsize 64
[2024-12-06 18:46:23 I] Finished first forward pass with loss 0.5295981764793396
[2024-12-06 18:46:40 I] Starting validation at step 1000
[2024-12-06 18:46:41 I] Saved predictions vs actuals plot for 'val' at /home/ajay/GATr-experiments/tmp/gatr-experiments/experiments/surface_area/transformer_surface_area/metrics/predictions_vs_actuals_val.png
[2024-12-06 18:46:41 I] Saved predictions vs actuals plot for 'val' at /home/ajay/GATr-experiments/tmp/gatr-experiments/experiments/surface_area/transformer_surface_area/metrics/predictions_vs_actuals_val_step_1000.png
[2024-12-06 18:46:58 I] Starting validation at step 2000
[2024-12-06 18:46:58 I] Saved predictions vs actuals plot for 'val' at /home/ajay/GATr-experiments/tmp/gatr-experiments/experiments/surface_area/transformer_surface_area/metrics/predictions_vs_actuals_val.png
[2024-12-06 18:46:58 I] Saved predictions vs actuals plot for 'val' at /home/ajay/GATr-experiments/tmp/gatr-experiments/experiments/surface_area/transformer_surface_area/metrics/predictions_vs_actuals_val_step_2000.png
[2024-12-06 18:47:13 I] Starting validation at step 3000
[2024-12-06 18:47:14 I] Saved predictions vs actuals plot for 'val' at /home/ajay/GATr-experiments/tmp/gatr-experiments/experiments/surface_area/transformer_surface_area/metrics/predictions_vs_actuals_val.png
[2024-12-06 18:47:14 I] Saved predictions vs actuals plot for 'val' at /home/ajay/GATr-experiments/tmp/gatr-experiments/experiments/surface_area/transformer_surface_area/metrics/predictions_vs_actuals_val_step_3000.png
[2024-12-06 18:47:30 I] Starting validation at step 4000
[2024-12-06 18:47:30 I] Saved predictions vs actuals plot for 'val' at /home/ajay/GATr-experiments/tmp/gatr-experiments/experiments/surface_area/transformer_surface_area/metrics/predictions_vs_actuals_val.png
[2024-12-06 18:47:31 I] Saved predictions vs actuals plot for 'val' at /home/ajay/GATr-experiments/tmp/gatr-experiments/experiments/surface_area/transformer_surface_area/metrics/predictions_vs_actuals_val_step_4000.png
[2024-12-06 18:47:46 I] Starting validation at step 5000
[2024-12-06 18:47:47 I] Saved predictions vs actuals plot for 'val' at /home/ajay/GATr-experiments/tmp/gatr-experiments/experiments/surface_area/transformer_surface_area/metrics/predictions_vs_actuals_val.png
[2024-12-06 18:47:47 I] Saved predictions vs actuals plot for 'val' at /home/ajay/GATr-experiments/tmp/gatr-experiments/experiments/surface_area/transformer_surface_area/metrics/predictions_vs_actuals_val_step_5000.png
[2024-12-06 18:47:47 I] Saved predictions vs actuals plot for 'val' at /home/ajay/GATr-experiments/tmp/gatr-experiments/experiments/surface_area/transformer_surface_area/metrics/predictions_vs_actuals_val.png
[2024-12-06 18:47:48 I] Saved predictions vs actuals plot for 'val' at /home/ajay/GATr-experiments/tmp/gatr-experiments/experiments/surface_area/transformer_surface_area/metrics/predictions_vs_actuals_val_step_5000.png
[2024-12-06 18:47:48 I] Saving model at /home/ajay/GATr-experiments/tmp/gatr-experiments/experiments/surface_area/transformer_surface_area/models/model_final.pt
[2024-12-06 18:47:48 I] Saved predictions vs actuals plot for 'generalization' at /home/ajay/GATr-experiments/tmp/gatr-experiments/experiments/surface_area/transformer_surface_area/metrics/predictions_vs_actuals_generalization.png
[2024-12-06 18:47:48 I] Ran evaluation on dataset generalization:
[2024-12-06 18:47:48 I]     loss = 0.18168194122314452
[2024-12-06 18:47:48 I]     mse = 0.18168194122314452
[2024-12-06 18:47:48 I]     rmse = 0.4260647359004275
[2024-12-06 18:47:48 I]     output_reg = 0.0
[2024-12-06 18:47:48 I]     mae = 0.4156177145481111
[2024-12-06 18:47:49 I] Saved predictions vs actuals plot for 'test' at /home/ajay/GATr-experiments/tmp/gatr-experiments/experiments/surface_area/transformer_surface_area/metrics/predictions_vs_actuals_test.png
[2024-12-06 18:47:49 I] Ran evaluation on dataset test:
[2024-12-06 18:47:49 I]     loss = 0.0009409294623881578
[2024-12-06 18:47:49 I]     mse = 0.0009409294623881578
[2024-12-06 18:47:49 I]     rmse = 0.03046412900047571
[2024-12-06 18:47:49 I]     output_reg = 0.0
[2024-12-06 18:47:49 I]     mae = 0.0232549251139164
[2024-12-06 18:47:49 I] Anders nog iets?
