[2024-12-07 01:32:55 I] Hoi.
[2024-12-07 01:32:55 I] Set experiment volume with ID 1, artifact location file:/home/ajay/GATr-experiments/tmp/gatr-experiments/tracking/artifacts
[2024-12-07 01:32:55 I] Logger already initialized - hi again!
[2024-12-07 01:32:55 I] Running experiment at /home/ajay/GATr-experiments/tmp/gatr-experiments/experiments/volume/gatr_volume_10
[2024-12-07 01:32:56 I] Saving config at /home/ajay/GATr-experiments/tmp/gatr-experiments/experiments/volume/gatr_volume_10/config.yml
[2024-12-07 01:32:56 I] Model has 10.58M learnable parameters
[2024-12-07 01:32:56 I] Starting training
[2024-12-07 01:32:56 I] Training for 5000 steps, that is, 313 epochs on a dataset of size 1000 with batchsize 64
[2024-12-07 01:32:57 I] Finished first forward pass with loss 0.4749334454536438
[2024-12-07 01:36:59 I] Starting validation at step 1000
[2024-12-07 01:37:08 I] Saved predictions vs actuals plot for 'val' at /home/ajay/GATr-experiments/tmp/gatr-experiments/experiments/volume/gatr_volume_10/metrics/predictions_vs_actuals_val.png
[2024-12-07 01:37:09 I] Saved predictions vs actuals plot for 'val' at /home/ajay/GATr-experiments/tmp/gatr-experiments/experiments/volume/gatr_volume_10/metrics/predictions_vs_actuals_val_step_1000.png
[2024-12-07 01:41:26 I] Starting validation at step 2000
[2024-12-07 01:41:33 I] Saved predictions vs actuals plot for 'val' at /home/ajay/GATr-experiments/tmp/gatr-experiments/experiments/volume/gatr_volume_10/metrics/predictions_vs_actuals_val.png
[2024-12-07 01:41:33 I] Saved predictions vs actuals plot for 'val' at /home/ajay/GATr-experiments/tmp/gatr-experiments/experiments/volume/gatr_volume_10/metrics/predictions_vs_actuals_val_step_2000.png
[2024-12-07 01:46:11 I] Starting validation at step 3000
[2024-12-07 01:46:25 I] Saved predictions vs actuals plot for 'val' at /home/ajay/GATr-experiments/tmp/gatr-experiments/experiments/volume/gatr_volume_10/metrics/predictions_vs_actuals_val.png
[2024-12-07 01:46:25 I] Saved predictions vs actuals plot for 'val' at /home/ajay/GATr-experiments/tmp/gatr-experiments/experiments/volume/gatr_volume_10/metrics/predictions_vs_actuals_val_step_3000.png
[2024-12-07 01:51:28 I] Starting validation at step 4000
[2024-12-07 01:51:39 I] Saved predictions vs actuals plot for 'val' at /home/ajay/GATr-experiments/tmp/gatr-experiments/experiments/volume/gatr_volume_10/metrics/predictions_vs_actuals_val.png
[2024-12-07 01:51:40 I] Saved predictions vs actuals plot for 'val' at /home/ajay/GATr-experiments/tmp/gatr-experiments/experiments/volume/gatr_volume_10/metrics/predictions_vs_actuals_val_step_4000.png
[2024-12-07 01:55:57 I] Starting validation at step 5000
[2024-12-07 01:56:04 I] Saved predictions vs actuals plot for 'val' at /home/ajay/GATr-experiments/tmp/gatr-experiments/experiments/volume/gatr_volume_10/metrics/predictions_vs_actuals_val.png
[2024-12-07 01:56:05 I] Saved predictions vs actuals plot for 'val' at /home/ajay/GATr-experiments/tmp/gatr-experiments/experiments/volume/gatr_volume_10/metrics/predictions_vs_actuals_val_step_5000.png
[2024-12-07 01:56:11 I] Saved predictions vs actuals plot for 'val' at /home/ajay/GATr-experiments/tmp/gatr-experiments/experiments/volume/gatr_volume_10/metrics/predictions_vs_actuals_val.png
[2024-12-07 01:56:12 I] Saved predictions vs actuals plot for 'val' at /home/ajay/GATr-experiments/tmp/gatr-experiments/experiments/volume/gatr_volume_10/metrics/predictions_vs_actuals_val_step_5000.png
[2024-12-07 01:56:12 I] Saving model at /home/ajay/GATr-experiments/tmp/gatr-experiments/experiments/volume/gatr_volume_10/models/model_final.pt
[2024-12-07 01:56:18 I] Saved predictions vs actuals plot for 'generalization' at /home/ajay/GATr-experiments/tmp/gatr-experiments/experiments/volume/gatr_volume_10/metrics/predictions_vs_actuals_generalization.png
[2024-12-07 01:56:18 I] Ran evaluation on dataset generalization:
[2024-12-07 01:56:18 I]     loss = 0.02930118908882141
[2024-12-07 01:56:18 I]     mse = 0.023115289968252174
[2024-12-07 01:56:18 I]     rmse = 0.17111215581479242
[2024-12-07 01:56:18 I]     output_reg = 0.6185899185180662
[2024-12-07 01:56:18 I]     mae = 0.14847745962142947
[2024-12-07 01:56:26 I] Saved predictions vs actuals plot for 'test' at /home/ajay/GATr-experiments/tmp/gatr-experiments/experiments/volume/gatr_volume_10/metrics/predictions_vs_actuals_test.png
[2024-12-07 01:56:26 I] Ran evaluation on dataset test:
[2024-12-07 01:56:26 I]     loss = 0.0024659697165712725
[2024-12-07 01:56:26 I]     mse = 0.0003173604300245643
[2024-12-07 01:56:26 I]     rmse = 0.04961145299993899
[2024-12-07 01:56:26 I]     output_reg = 0.2148609329223633
[2024-12-07 01:56:26 I]     mae = 0.01492969935238361
[2024-12-07 01:56:26 I] Anders nog iets?
