[2024-12-06 22:30:17 I] Hoi.
[2024-12-06 22:30:17 I] Set experiment volume with ID 1, artifact location file:/home/ajay/GATr-experiments/tmp/gatr-experiments/tracking/artifacts
[2024-12-06 22:30:17 I] Logger already initialized - hi again!
[2024-12-06 22:30:17 I] Running experiment at /home/ajay/GATr-experiments/tmp/gatr-experiments/experiments/volume/transformer_volume_20
[2024-12-06 22:30:17 I] Saving config at /home/ajay/GATr-experiments/tmp/gatr-experiments/experiments/volume/transformer_volume_20/config.yml
[2024-12-06 22:30:17 I] Model has 1.58M learnable parameters
[2024-12-06 22:30:17 I] Starting training
[2024-12-06 22:30:17 I] Training for 5000 steps, that is, 313 epochs on a dataset of size 1000 with batchsize 64
[2024-12-06 22:30:18 I] Finished first forward pass with loss 0.016941435635089874
[2024-12-06 22:30:53 I] Starting validation at step 1000
[2024-12-06 22:30:55 I] Saved predictions vs actuals plot for 'val' at /home/ajay/GATr-experiments/tmp/gatr-experiments/experiments/volume/transformer_volume_20/metrics/predictions_vs_actuals_val.png
[2024-12-06 22:30:55 I] Saved predictions vs actuals plot for 'val' at /home/ajay/GATr-experiments/tmp/gatr-experiments/experiments/volume/transformer_volume_20/metrics/predictions_vs_actuals_val_step_1000.png
[2024-12-06 22:31:31 I] Starting validation at step 2000
[2024-12-06 22:31:34 I] Saved predictions vs actuals plot for 'val' at /home/ajay/GATr-experiments/tmp/gatr-experiments/experiments/volume/transformer_volume_20/metrics/predictions_vs_actuals_val.png
[2024-12-06 22:31:34 I] Saved predictions vs actuals plot for 'val' at /home/ajay/GATr-experiments/tmp/gatr-experiments/experiments/volume/transformer_volume_20/metrics/predictions_vs_actuals_val_step_2000.png
[2024-12-06 22:31:55 I] Starting validation at step 3000
[2024-12-06 22:31:57 I] Saved predictions vs actuals plot for 'val' at /home/ajay/GATr-experiments/tmp/gatr-experiments/experiments/volume/transformer_volume_20/metrics/predictions_vs_actuals_val.png
[2024-12-06 22:31:57 I] Saved predictions vs actuals plot for 'val' at /home/ajay/GATr-experiments/tmp/gatr-experiments/experiments/volume/transformer_volume_20/metrics/predictions_vs_actuals_val_step_3000.png
[2024-12-06 22:32:14 I] Starting validation at step 4000
[2024-12-06 22:32:15 I] Saved predictions vs actuals plot for 'val' at /home/ajay/GATr-experiments/tmp/gatr-experiments/experiments/volume/transformer_volume_20/metrics/predictions_vs_actuals_val.png
[2024-12-06 22:32:16 I] Saved predictions vs actuals plot for 'val' at /home/ajay/GATr-experiments/tmp/gatr-experiments/experiments/volume/transformer_volume_20/metrics/predictions_vs_actuals_val_step_4000.png
[2024-12-06 22:32:33 I] Starting validation at step 5000
[2024-12-06 22:32:34 I] Saved predictions vs actuals plot for 'val' at /home/ajay/GATr-experiments/tmp/gatr-experiments/experiments/volume/transformer_volume_20/metrics/predictions_vs_actuals_val.png
[2024-12-06 22:32:34 I] Saved predictions vs actuals plot for 'val' at /home/ajay/GATr-experiments/tmp/gatr-experiments/experiments/volume/transformer_volume_20/metrics/predictions_vs_actuals_val_step_5000.png
[2024-12-06 22:32:35 I] Saved predictions vs actuals plot for 'val' at /home/ajay/GATr-experiments/tmp/gatr-experiments/experiments/volume/transformer_volume_20/metrics/predictions_vs_actuals_val.png
[2024-12-06 22:32:35 I] Saved predictions vs actuals plot for 'val' at /home/ajay/GATr-experiments/tmp/gatr-experiments/experiments/volume/transformer_volume_20/metrics/predictions_vs_actuals_val_step_5000.png
[2024-12-06 22:32:35 I] Saving model at /home/ajay/GATr-experiments/tmp/gatr-experiments/experiments/volume/transformer_volume_20/models/model_final.pt
[2024-12-06 22:32:36 I] Saved predictions vs actuals plot for 'test' at /home/ajay/GATr-experiments/tmp/gatr-experiments/experiments/volume/transformer_volume_20/metrics/predictions_vs_actuals_test.png
[2024-12-06 22:32:36 I] Ran evaluation on dataset test:
[2024-12-06 22:32:36 I]     loss = 0.00020935699938563635
[2024-12-06 22:32:36 I]     mse = 0.00020935699938563635
[2024-12-06 22:32:36 I]     rmse = 0.014413871837801368
[2024-12-06 22:32:36 I]     output_reg = 0.0
[2024-12-06 22:32:36 I]     mae = 0.011480599144101144
[2024-12-06 22:32:37 I] Saved predictions vs actuals plot for 'generalization' at /home/ajay/GATr-experiments/tmp/gatr-experiments/experiments/volume/transformer_volume_20/metrics/predictions_vs_actuals_generalization.png
[2024-12-06 22:32:37 I] Ran evaluation on dataset generalization:
[2024-12-06 22:32:37 I]     loss = 0.00021560521316714575
[2024-12-06 22:32:37 I]     mse = 0.00021560521316714575
[2024-12-06 22:32:37 I]     rmse = 0.014628681212854376
[2024-12-06 22:32:37 I]     output_reg = 0.0
[2024-12-06 22:32:37 I]     mae = 0.011680248907208448
[2024-12-06 22:32:37 I] Anders nog iets?
