[2024-12-07 01:30:57 I] Hoi.
[2024-12-07 01:30:57 I] Set experiment symmetry with ID 3, artifact location file:/home/ajay/GATr-experiments/tmp/gatr-experiments/tracking/artifacts
[2024-12-07 01:30:57 I] Logger already initialized - hi again!
[2024-12-07 01:30:57 I] Running experiment at /home/ajay/GATr-experiments/tmp/gatr-experiments/experiments/symmetry/gatr_symmetry_10
[2024-12-07 01:30:57 I] Saving config at /home/ajay/GATr-experiments/tmp/gatr-experiments/experiments/symmetry/gatr_symmetry_10/config.yml
[2024-12-07 01:30:58 I] Model has 10.58M learnable parameters
[2024-12-07 01:30:58 I] Starting training
[2024-12-07 01:30:58 I] Training for 5000 steps, that is, 313 epochs on a dataset of size 1000 with batchsize 64
[2024-12-07 01:30:59 I] Finished first forward pass with loss 0.47459080815315247
[2024-12-07 01:34:23 I] Starting validation at step 1000
[2024-12-07 01:34:29 I] Saved predictions vs actuals plot for 'val' at /home/ajay/GATr-experiments/tmp/gatr-experiments/experiments/symmetry/gatr_symmetry_10/metrics/predictions_vs_actuals_val.png
[2024-12-07 01:34:29 I] Saved predictions vs actuals plot for 'val' at /home/ajay/GATr-experiments/tmp/gatr-experiments/experiments/symmetry/gatr_symmetry_10/metrics/predictions_vs_actuals_val_step_1000.png
[2024-12-07 01:38:45 I] Starting validation at step 2000
[2024-12-07 01:38:52 I] Saved predictions vs actuals plot for 'val' at /home/ajay/GATr-experiments/tmp/gatr-experiments/experiments/symmetry/gatr_symmetry_10/metrics/predictions_vs_actuals_val.png
[2024-12-07 01:38:52 I] Saved predictions vs actuals plot for 'val' at /home/ajay/GATr-experiments/tmp/gatr-experiments/experiments/symmetry/gatr_symmetry_10/metrics/predictions_vs_actuals_val_step_2000.png
[2024-12-07 01:43:00 I] Starting validation at step 3000
[2024-12-07 01:43:12 I] Saved predictions vs actuals plot for 'val' at /home/ajay/GATr-experiments/tmp/gatr-experiments/experiments/symmetry/gatr_symmetry_10/metrics/predictions_vs_actuals_val.png
[2024-12-07 01:43:13 I] Saved predictions vs actuals plot for 'val' at /home/ajay/GATr-experiments/tmp/gatr-experiments/experiments/symmetry/gatr_symmetry_10/metrics/predictions_vs_actuals_val_step_3000.png
[2024-12-07 01:48:10 I] Starting validation at step 4000
[2024-12-07 01:48:20 I] Saved predictions vs actuals plot for 'val' at /home/ajay/GATr-experiments/tmp/gatr-experiments/experiments/symmetry/gatr_symmetry_10/metrics/predictions_vs_actuals_val.png
[2024-12-07 01:48:20 I] Saved predictions vs actuals plot for 'val' at /home/ajay/GATr-experiments/tmp/gatr-experiments/experiments/symmetry/gatr_symmetry_10/metrics/predictions_vs_actuals_val_step_4000.png
[2024-12-07 01:53:15 I] Starting validation at step 5000
[2024-12-07 01:53:25 I] Saved predictions vs actuals plot for 'val' at /home/ajay/GATr-experiments/tmp/gatr-experiments/experiments/symmetry/gatr_symmetry_10/metrics/predictions_vs_actuals_val.png
[2024-12-07 01:53:26 I] Saved predictions vs actuals plot for 'val' at /home/ajay/GATr-experiments/tmp/gatr-experiments/experiments/symmetry/gatr_symmetry_10/metrics/predictions_vs_actuals_val_step_5000.png
[2024-12-07 01:53:39 I] Saved predictions vs actuals plot for 'val' at /home/ajay/GATr-experiments/tmp/gatr-experiments/experiments/symmetry/gatr_symmetry_10/metrics/predictions_vs_actuals_val.png
[2024-12-07 01:53:39 I] Saved predictions vs actuals plot for 'val' at /home/ajay/GATr-experiments/tmp/gatr-experiments/experiments/symmetry/gatr_symmetry_10/metrics/predictions_vs_actuals_val_step_5000.png
[2024-12-07 01:53:39 I] Saving model at /home/ajay/GATr-experiments/tmp/gatr-experiments/experiments/symmetry/gatr_symmetry_10/models/model_final.pt
[2024-12-07 01:53:50 I] Saved predictions vs actuals plot for 'test' at /home/ajay/GATr-experiments/tmp/gatr-experiments/experiments/symmetry/gatr_symmetry_10/metrics/predictions_vs_actuals_test.png
[2024-12-07 01:53:50 I] Ran evaluation on dataset test:
[2024-12-07 01:53:50 I]     loss = 0.004413927384465934
[2024-12-07 01:53:50 I]     mse = 0.002595672558993101
[2024-12-07 01:53:50 I]     rmse = 0.06630295222282687
[2024-12-07 01:53:50 I]     output_reg = 0.18182548656463624
[2024-12-07 01:53:50 I]     mae = 0.03830160220861434
[2024-12-07 01:54:04 I] Saved predictions vs actuals plot for 'generalization' at /home/ajay/GATr-experiments/tmp/gatr-experiments/experiments/symmetry/gatr_symmetry_10/metrics/predictions_vs_actuals_generalization.png
[2024-12-07 01:54:04 I] Ran evaluation on dataset generalization:
[2024-12-07 01:54:04 I]     loss = 0.011295623739063744
[2024-12-07 01:54:04 I]     mse = 0.00782892166823149
[2024-12-07 01:54:04 I]     rmse = 0.10614053340221241
[2024-12-07 01:54:04 I]     output_reg = 0.3466702133655547
[2024-12-07 01:54:04 I]     mae = 0.07564046421051025
[2024-12-07 01:54:04 I] Anders nog iets?
