[2024-12-07 01:38:33 I] Hoi.
[2024-12-07 01:38:34 I] Set experiment symmetry with ID 3, artifact location file:/home/ajay/GATr-experiments/tmp/gatr-experiments/tracking/artifacts
[2024-12-07 01:38:34 I] Logger already initialized - hi again!
[2024-12-07 01:38:34 I] Running experiment at /home/ajay/GATr-experiments/tmp/gatr-experiments/experiments/symmetry/transformer_symmetry_10
[2024-12-07 01:38:34 I] Saving config at /home/ajay/GATr-experiments/tmp/gatr-experiments/experiments/symmetry/transformer_symmetry_10/config.yml
[2024-12-07 01:38:34 I] Model has 1.58M learnable parameters
[2024-12-07 01:38:34 I] Starting training
[2024-12-07 01:38:34 I] Training for 5000 steps, that is, 313 epochs on a dataset of size 1000 with batchsize 64
[2024-12-07 01:38:34 I] Finished first forward pass with loss 0.02983180433511734
[2024-12-07 01:39:05 I] Starting validation at step 1000
[2024-12-07 01:39:06 I] Saved predictions vs actuals plot for 'val' at /home/ajay/GATr-experiments/tmp/gatr-experiments/experiments/symmetry/transformer_symmetry_10/metrics/predictions_vs_actuals_val.png
[2024-12-07 01:39:06 I] Saved predictions vs actuals plot for 'val' at /home/ajay/GATr-experiments/tmp/gatr-experiments/experiments/symmetry/transformer_symmetry_10/metrics/predictions_vs_actuals_val_step_1000.png
[2024-12-07 01:39:34 I] Starting validation at step 2000
[2024-12-07 01:39:35 I] Saved predictions vs actuals plot for 'val' at /home/ajay/GATr-experiments/tmp/gatr-experiments/experiments/symmetry/transformer_symmetry_10/metrics/predictions_vs_actuals_val.png
[2024-12-07 01:39:35 I] Saved predictions vs actuals plot for 'val' at /home/ajay/GATr-experiments/tmp/gatr-experiments/experiments/symmetry/transformer_symmetry_10/metrics/predictions_vs_actuals_val_step_2000.png
[2024-12-07 01:40:04 I] Starting validation at step 3000
[2024-12-07 01:40:05 I] Saved predictions vs actuals plot for 'val' at /home/ajay/GATr-experiments/tmp/gatr-experiments/experiments/symmetry/transformer_symmetry_10/metrics/predictions_vs_actuals_val.png
[2024-12-07 01:40:05 I] Saved predictions vs actuals plot for 'val' at /home/ajay/GATr-experiments/tmp/gatr-experiments/experiments/symmetry/transformer_symmetry_10/metrics/predictions_vs_actuals_val_step_3000.png
[2024-12-07 01:40:35 I] Starting validation at step 4000
[2024-12-07 01:40:37 I] Saved predictions vs actuals plot for 'val' at /home/ajay/GATr-experiments/tmp/gatr-experiments/experiments/symmetry/transformer_symmetry_10/metrics/predictions_vs_actuals_val.png
[2024-12-07 01:40:37 I] Saved predictions vs actuals plot for 'val' at /home/ajay/GATr-experiments/tmp/gatr-experiments/experiments/symmetry/transformer_symmetry_10/metrics/predictions_vs_actuals_val_step_4000.png
[2024-12-07 01:41:06 I] Starting validation at step 5000
[2024-12-07 01:41:07 I] Saved predictions vs actuals plot for 'val' at /home/ajay/GATr-experiments/tmp/gatr-experiments/experiments/symmetry/transformer_symmetry_10/metrics/predictions_vs_actuals_val.png
[2024-12-07 01:41:07 I] Saved predictions vs actuals plot for 'val' at /home/ajay/GATr-experiments/tmp/gatr-experiments/experiments/symmetry/transformer_symmetry_10/metrics/predictions_vs_actuals_val_step_5000.png
[2024-12-07 01:41:09 I] Saved predictions vs actuals plot for 'val' at /home/ajay/GATr-experiments/tmp/gatr-experiments/experiments/symmetry/transformer_symmetry_10/metrics/predictions_vs_actuals_val.png
[2024-12-07 01:41:09 I] Saved predictions vs actuals plot for 'val' at /home/ajay/GATr-experiments/tmp/gatr-experiments/experiments/symmetry/transformer_symmetry_10/metrics/predictions_vs_actuals_val_step_5000.png
[2024-12-07 01:41:09 I] Saving model at /home/ajay/GATr-experiments/tmp/gatr-experiments/experiments/symmetry/transformer_symmetry_10/models/model_final.pt
[2024-12-07 01:41:10 I] Saved predictions vs actuals plot for 'test' at /home/ajay/GATr-experiments/tmp/gatr-experiments/experiments/symmetry/transformer_symmetry_10/metrics/predictions_vs_actuals_test.png
[2024-12-07 01:41:10 I] Ran evaluation on dataset test:
[2024-12-07 01:41:10 I]     loss = 0.0022520881488919254
[2024-12-07 01:41:10 I]     mse = 0.0022520881488919254
[2024-12-07 01:41:10 I]     rmse = 0.04716217911870971
[2024-12-07 01:41:10 I]     output_reg = 0.0
[2024-12-07 01:41:10 I]     mae = 0.036850112128257756
[2024-12-07 01:41:11 I] Saved predictions vs actuals plot for 'generalization' at /home/ajay/GATr-experiments/tmp/gatr-experiments/experiments/symmetry/transformer_symmetry_10/metrics/predictions_vs_actuals_generalization.png
[2024-12-07 01:41:11 I] Ran evaluation on dataset generalization:
[2024-12-07 01:41:11 I]     loss = 0.004919966520369053
[2024-12-07 01:41:11 I]     mse = 0.004919966520369053
[2024-12-07 01:41:11 I]     rmse = 0.06988906782556921
[2024-12-07 01:41:11 I]     output_reg = 0.0
[2024-12-07 01:41:11 I]     mae = 0.05759626539945602
[2024-12-07 01:41:11 I] Anders nog iets?
