[2024-12-06 01:59:37 I] Hoi.
[2024-12-06 01:59:37 I] Set experiment surface_area with ID 3, artifact location file:/storage_bizon/sabrant_rocket_2tb/ajay/repositories/ajay_code/geometric-algebra-transformer/tmp/gatr-experiments/tracking/artifacts
[2024-12-06 01:59:37 I] Logger already initialized - hi again!
[2024-12-06 01:59:37 I] Running experiment at /storage_bizon/sabrant_rocket_2tb/ajay/repositories/ajay_code/geometric-algebra-transformer/tmp/gatr-experiments/experiments/surface_area/gatr_surface_area
[2024-12-06 01:59:37 I] Saving config at /storage_bizon/sabrant_rocket_2tb/ajay/repositories/ajay_code/geometric-algebra-transformer/tmp/gatr-experiments/experiments/surface_area/gatr_surface_area/config.yml
[2024-12-06 01:59:38 I] Model has 10.58M learnable parameters
[2024-12-06 01:59:38 I] Starting training
[2024-12-06 01:59:38 I] Training for 5000 steps, that is, 313 epochs on a dataset of size 1000 with batchsize 64
[2024-12-06 01:59:38 I] Finished first forward pass with loss 1.034909725189209
[2024-12-06 02:00:41 I] Starting validation at step 1000
[2024-12-06 02:00:42 I] Saved predictions vs actuals plot for 'val' at /storage_bizon/sabrant_rocket_2tb/ajay/repositories/ajay_code/geometric-algebra-transformer/tmp/gatr-experiments/experiments/surface_area/gatr_surface_area/metrics/predictions_vs_actuals_val.png
[2024-12-06 02:00:42 I] Saved predictions vs actuals plot for 'val' at /storage_bizon/sabrant_rocket_2tb/ajay/repositories/ajay_code/geometric-algebra-transformer/tmp/gatr-experiments/experiments/surface_area/gatr_surface_area/metrics/predictions_vs_actuals_val_step_1000.png
[2024-12-06 02:01:46 I] Starting validation at step 2000
[2024-12-06 02:01:47 I] Saved predictions vs actuals plot for 'val' at /storage_bizon/sabrant_rocket_2tb/ajay/repositories/ajay_code/geometric-algebra-transformer/tmp/gatr-experiments/experiments/surface_area/gatr_surface_area/metrics/predictions_vs_actuals_val.png
[2024-12-06 02:01:47 I] Saved predictions vs actuals plot for 'val' at /storage_bizon/sabrant_rocket_2tb/ajay/repositories/ajay_code/geometric-algebra-transformer/tmp/gatr-experiments/experiments/surface_area/gatr_surface_area/metrics/predictions_vs_actuals_val_step_2000.png
[2024-12-06 02:02:51 I] Starting validation at step 3000
[2024-12-06 02:02:52 I] Saved predictions vs actuals plot for 'val' at /storage_bizon/sabrant_rocket_2tb/ajay/repositories/ajay_code/geometric-algebra-transformer/tmp/gatr-experiments/experiments/surface_area/gatr_surface_area/metrics/predictions_vs_actuals_val.png
[2024-12-06 02:02:52 I] Saved predictions vs actuals plot for 'val' at /storage_bizon/sabrant_rocket_2tb/ajay/repositories/ajay_code/geometric-algebra-transformer/tmp/gatr-experiments/experiments/surface_area/gatr_surface_area/metrics/predictions_vs_actuals_val_step_3000.png
[2024-12-06 02:03:55 I] Starting validation at step 4000
[2024-12-06 02:03:57 I] Saved predictions vs actuals plot for 'val' at /storage_bizon/sabrant_rocket_2tb/ajay/repositories/ajay_code/geometric-algebra-transformer/tmp/gatr-experiments/experiments/surface_area/gatr_surface_area/metrics/predictions_vs_actuals_val.png
[2024-12-06 02:03:57 I] Saved predictions vs actuals plot for 'val' at /storage_bizon/sabrant_rocket_2tb/ajay/repositories/ajay_code/geometric-algebra-transformer/tmp/gatr-experiments/experiments/surface_area/gatr_surface_area/metrics/predictions_vs_actuals_val_step_4000.png
[2024-12-06 02:05:00 I] Starting validation at step 5000
[2024-12-06 02:05:02 I] Saved predictions vs actuals plot for 'val' at /storage_bizon/sabrant_rocket_2tb/ajay/repositories/ajay_code/geometric-algebra-transformer/tmp/gatr-experiments/experiments/surface_area/gatr_surface_area/metrics/predictions_vs_actuals_val.png
[2024-12-06 02:05:02 I] Saved predictions vs actuals plot for 'val' at /storage_bizon/sabrant_rocket_2tb/ajay/repositories/ajay_code/geometric-algebra-transformer/tmp/gatr-experiments/experiments/surface_area/gatr_surface_area/metrics/predictions_vs_actuals_val_step_5000.png
[2024-12-06 02:05:04 I] Saved predictions vs actuals plot for 'val' at /storage_bizon/sabrant_rocket_2tb/ajay/repositories/ajay_code/geometric-algebra-transformer/tmp/gatr-experiments/experiments/surface_area/gatr_surface_area/metrics/predictions_vs_actuals_val.png
[2024-12-06 02:05:04 I] Saved predictions vs actuals plot for 'val' at /storage_bizon/sabrant_rocket_2tb/ajay/repositories/ajay_code/geometric-algebra-transformer/tmp/gatr-experiments/experiments/surface_area/gatr_surface_area/metrics/predictions_vs_actuals_val_step_5000.png
[2024-12-06 02:05:04 I] Saving model at /storage_bizon/sabrant_rocket_2tb/ajay/repositories/ajay_code/geometric-algebra-transformer/tmp/gatr-experiments/experiments/surface_area/gatr_surface_area/models/model_final.pt
[2024-12-06 02:05:06 I] Saved predictions vs actuals plot for 'generalization' at /storage_bizon/sabrant_rocket_2tb/ajay/repositories/ajay_code/geometric-algebra-transformer/tmp/gatr-experiments/experiments/surface_area/gatr_surface_area/metrics/predictions_vs_actuals_generalization.png
[2024-12-06 02:05:06 I] Ran evaluation on dataset generalization:
[2024-12-06 02:05:06 I]     loss = 0.7770058266639711
[2024-12-06 02:05:06 I]     mse = 0.6791672458648682
[2024-12-06 02:05:06 I]     rmse = 0.8811127861846626
[2024-12-06 02:05:06 I]     output_reg = 9.783858241271973
[2024-12-06 02:05:06 I]     mae = 0.7996574372291567
[2024-12-06 02:05:07 I] Saved predictions vs actuals plot for 'test' at /storage_bizon/sabrant_rocket_2tb/ajay/repositories/ajay_code/geometric-algebra-transformer/tmp/gatr-experiments/experiments/surface_area/gatr_surface_area/metrics/predictions_vs_actuals_test.png
[2024-12-06 02:05:07 I] Ran evaluation on dataset test:
[2024-12-06 02:05:07 I]     loss = 0.04149173861145974
[2024-12-06 02:05:07 I]     mse = 0.0024489139799028638
[2024-12-06 02:05:07 I]     rmse = 0.20353967170329823
[2024-12-06 02:05:07 I]     output_reg = 3.9042825286865237
[2024-12-06 02:05:07 I]     mae = 0.044497599160671246
[2024-12-06 02:05:07 I] Anders nog iets?
