[2024-12-06 22:57:00 I] Hoi.
[2024-12-06 22:57:00 I] Set experiment volume with ID 1, artifact location file:/home/ajay/GATr-experiments/tmp/gatr-experiments/tracking/artifacts
[2024-12-06 22:57:00 I] Logger already initialized - hi again!
[2024-12-06 22:57:00 I] Running experiment at /home/ajay/GATr-experiments/tmp/gatr-experiments/experiments/volume/gatr_volume_80
[2024-12-06 22:57:00 I] Saving config at /home/ajay/GATr-experiments/tmp/gatr-experiments/experiments/volume/gatr_volume_80/config.yml
[2024-12-06 22:57:01 I] Model has 10.58M learnable parameters
[2024-12-06 22:57:01 I] Starting training
[2024-12-06 22:57:01 I] Training for 5000 steps, that is, 313 epochs on a dataset of size 1000 with batchsize 64
[2024-12-06 22:57:02 I] Finished first forward pass with loss 4.054804801940918
[2024-12-06 23:05:42 I] Starting validation at step 1000
[2024-12-06 23:05:51 I] Saved predictions vs actuals plot for 'val' at /home/ajay/GATr-experiments/tmp/gatr-experiments/experiments/volume/gatr_volume_80/metrics/predictions_vs_actuals_val.png
[2024-12-06 23:05:51 I] Saved predictions vs actuals plot for 'val' at /home/ajay/GATr-experiments/tmp/gatr-experiments/experiments/volume/gatr_volume_80/metrics/predictions_vs_actuals_val_step_1000.png
[2024-12-06 23:14:22 I] Starting validation at step 2000
[2024-12-06 23:14:30 I] Saved predictions vs actuals plot for 'val' at /home/ajay/GATr-experiments/tmp/gatr-experiments/experiments/volume/gatr_volume_80/metrics/predictions_vs_actuals_val.png
[2024-12-06 23:14:30 I] Saved predictions vs actuals plot for 'val' at /home/ajay/GATr-experiments/tmp/gatr-experiments/experiments/volume/gatr_volume_80/metrics/predictions_vs_actuals_val_step_2000.png
[2024-12-06 23:23:09 I] Starting validation at step 3000
[2024-12-06 23:23:17 I] Saved predictions vs actuals plot for 'val' at /home/ajay/GATr-experiments/tmp/gatr-experiments/experiments/volume/gatr_volume_80/metrics/predictions_vs_actuals_val.png
[2024-12-06 23:23:18 I] Saved predictions vs actuals plot for 'val' at /home/ajay/GATr-experiments/tmp/gatr-experiments/experiments/volume/gatr_volume_80/metrics/predictions_vs_actuals_val_step_3000.png
[2024-12-06 23:31:52 I] Starting validation at step 4000
[2024-12-06 23:32:00 I] Saved predictions vs actuals plot for 'val' at /home/ajay/GATr-experiments/tmp/gatr-experiments/experiments/volume/gatr_volume_80/metrics/predictions_vs_actuals_val.png
[2024-12-06 23:32:01 I] Saved predictions vs actuals plot for 'val' at /home/ajay/GATr-experiments/tmp/gatr-experiments/experiments/volume/gatr_volume_80/metrics/predictions_vs_actuals_val_step_4000.png
[2024-12-06 23:40:45 I] Starting validation at step 5000
[2024-12-06 23:40:52 I] Saved predictions vs actuals plot for 'val' at /home/ajay/GATr-experiments/tmp/gatr-experiments/experiments/volume/gatr_volume_80/metrics/predictions_vs_actuals_val.png
[2024-12-06 23:40:52 I] Saved predictions vs actuals plot for 'val' at /home/ajay/GATr-experiments/tmp/gatr-experiments/experiments/volume/gatr_volume_80/metrics/predictions_vs_actuals_val_step_5000.png
[2024-12-06 23:41:00 I] Saved predictions vs actuals plot for 'val' at /home/ajay/GATr-experiments/tmp/gatr-experiments/experiments/volume/gatr_volume_80/metrics/predictions_vs_actuals_val.png
[2024-12-06 23:41:00 I] Saved predictions vs actuals plot for 'val' at /home/ajay/GATr-experiments/tmp/gatr-experiments/experiments/volume/gatr_volume_80/metrics/predictions_vs_actuals_val_step_5000.png
[2024-12-06 23:41:00 I] Saving model at /home/ajay/GATr-experiments/tmp/gatr-experiments/experiments/volume/gatr_volume_80/models/model_final.pt
[2024-12-06 23:41:08 I] Saved predictions vs actuals plot for 'generalization' at /home/ajay/GATr-experiments/tmp/gatr-experiments/experiments/volume/gatr_volume_80/metrics/predictions_vs_actuals_generalization.png
[2024-12-06 23:41:08 I] Ran evaluation on dataset generalization:
[2024-12-06 23:41:08 I]     loss = 0.18762611489295963
[2024-12-06 23:41:08 I]     mse = 0.08265751962661745
[2024-12-06 23:41:08 I]     rmse = 0.43314654730004054
[2024-12-06 23:41:08 I]     output_reg = 10.496859757995608
[2024-12-06 23:41:08 I]     mae = 0.28436847400665277
[2024-12-06 23:41:15 I] Saved predictions vs actuals plot for 'test' at /home/ajay/GATr-experiments/tmp/gatr-experiments/experiments/volume/gatr_volume_80/metrics/predictions_vs_actuals_test.png
[2024-12-06 23:41:15 I] Ran evaluation on dataset test:
[2024-12-06 23:41:15 I]     loss = 0.187034450674057
[2024-12-06 23:41:15 I]     mse = 0.08206592872142793
[2024-12-06 23:41:15 I]     rmse = 0.43245922436876855
[2024-12-06 23:41:15 I]     output_reg = 10.496852444458005
[2024-12-06 23:41:15 I]     mae = 0.2830942169666292
[2024-12-06 23:41:15 I] Anders nog iets?
