[2024-12-05 23:47:21 I] Hoi.
[2024-12-05 23:47:21 I] Set experiment volume with ID 2, artifact location file:/storage_bizon/sabrant_rocket_2tb/ajay/repositories/ajay_code/geometric-algebra-transformer/tmp/gatr-experiments/tracking/artifacts
[2024-12-05 23:47:21 I] Logger already initialized - hi again!
[2024-12-05 23:47:21 I] Running experiment at /storage_bizon/sabrant_rocket_2tb/ajay/repositories/ajay_code/geometric-algebra-transformer/tmp/gatr-experiments/experiments/volume/transformer_volume
[2024-12-05 23:47:21 I] Saving config at /storage_bizon/sabrant_rocket_2tb/ajay/repositories/ajay_code/geometric-algebra-transformer/tmp/gatr-experiments/experiments/volume/transformer_volume/config.yml
[2024-12-05 23:47:21 I] Model has 1.32M learnable parameters
[2024-12-05 23:47:21 I] Starting training
[2024-12-05 23:47:21 I] Training for 5000 steps, that is, 313 epochs on a dataset of size 1000 with batchsize 64
[2024-12-05 23:48:07 I] Hoi.
[2024-12-05 23:48:07 I] Set experiment volume with ID 2, artifact location file:/storage_bizon/sabrant_rocket_2tb/ajay/repositories/ajay_code/geometric-algebra-transformer/tmp/gatr-experiments/tracking/artifacts
[2024-12-05 23:48:07 I] Logger already initialized - hi again!
[2024-12-05 23:48:07 I] Running experiment at /storage_bizon/sabrant_rocket_2tb/ajay/repositories/ajay_code/geometric-algebra-transformer/tmp/gatr-experiments/experiments/volume/transformer_volume
[2024-12-05 23:48:07 I] Saving config at /storage_bizon/sabrant_rocket_2tb/ajay/repositories/ajay_code/geometric-algebra-transformer/tmp/gatr-experiments/experiments/volume/transformer_volume/config.yml
[2024-12-05 23:48:08 I] Model has 1.32M learnable parameters
[2024-12-05 23:48:08 I] Starting training
[2024-12-05 23:48:08 I] Training for 5000 steps, that is, 313 epochs on a dataset of size 1000 with batchsize 64
[2024-12-05 23:48:16 I] Hoi.
[2024-12-05 23:48:16 I] Set experiment volume with ID 2, artifact location file:/storage_bizon/sabrant_rocket_2tb/ajay/repositories/ajay_code/geometric-algebra-transformer/tmp/gatr-experiments/tracking/artifacts
[2024-12-05 23:48:16 I] Logger already initialized - hi again!
[2024-12-05 23:48:16 I] Running experiment at /storage_bizon/sabrant_rocket_2tb/ajay/repositories/ajay_code/geometric-algebra-transformer/tmp/gatr-experiments/experiments/volume/transformer_volume
[2024-12-05 23:48:16 I] Saving config at /storage_bizon/sabrant_rocket_2tb/ajay/repositories/ajay_code/geometric-algebra-transformer/tmp/gatr-experiments/experiments/volume/transformer_volume/config.yml
[2024-12-05 23:48:16 I] Model has 1.32M learnable parameters
[2024-12-05 23:48:16 I] Starting training
[2024-12-05 23:48:16 I] Training for 5000 steps, that is, 313 epochs on a dataset of size 1000 with batchsize 64
[2024-12-05 23:58:42 I] Hoi.
[2024-12-05 23:58:42 I] Set experiment volume with ID 2, artifact location file:/storage_bizon/sabrant_rocket_2tb/ajay/repositories/ajay_code/geometric-algebra-transformer/tmp/gatr-experiments/tracking/artifacts
[2024-12-05 23:58:42 I] Logger already initialized - hi again!
[2024-12-05 23:58:42 I] Running experiment at /storage_bizon/sabrant_rocket_2tb/ajay/repositories/ajay_code/geometric-algebra-transformer/tmp/gatr-experiments/experiments/volume/transformer_volume
[2024-12-05 23:58:42 I] Saving config at /storage_bizon/sabrant_rocket_2tb/ajay/repositories/ajay_code/geometric-algebra-transformer/tmp/gatr-experiments/experiments/volume/transformer_volume/config.yml
[2024-12-05 23:58:42 I] Model has 1.32M learnable parameters
[2024-12-05 23:58:42 I] Starting training
[2024-12-05 23:58:42 I] Training for 5000 steps, that is, 313 epochs on a dataset of size 1000 with batchsize 64
[2024-12-05 23:58:43 I] Finished first forward pass with loss 0.9463251829147339
[2024-12-05 23:58:49 I] Starting validation at step 1000
[2024-12-05 23:58:49 I] Validation loop at step 1000:
[2024-12-05 23:58:49 I]     loss = 0.0003494815241079778
[2024-12-05 23:58:49 I]     mse = 0.0003494815241079778
[2024-12-05 23:58:49 I]     rmse = 0.01858074722964232
[2024-12-05 23:58:49 I]     output_reg = 0.0
[2024-12-05 23:58:49 I]     mae = 0.014654007293283935
[2024-12-05 23:58:55 I] Starting validation at step 2000
[2024-12-05 23:58:55 I] Validation loop at step 2000:
[2024-12-05 23:58:55 I]     loss = 0.0001711600536946207
[2024-12-05 23:58:55 I]     mse = 0.0001711600536946207
[2024-12-05 23:58:55 I]     rmse = 0.012964948338088773
[2024-12-05 23:58:55 I]     output_reg = 0.0
[2024-12-05 23:58:55 I]     mae = 0.00991011487394571
[2024-12-05 23:59:01 I] Starting validation at step 3000
[2024-12-05 23:59:01 I] Validation loop at step 3000:
[2024-12-05 23:59:01 I]     loss = 0.0001599955038633198
[2024-12-05 23:59:01 I]     mse = 0.0001599955038633198
[2024-12-05 23:59:01 I]     rmse = 0.012585535939951077
[2024-12-05 23:59:01 I]     output_reg = 0.0
[2024-12-05 23:59:01 I]     mae = 0.010098078781366353
[2024-12-05 23:59:07 I] Starting validation at step 4000
[2024-12-05 23:59:07 I] Validation loop at step 4000:
[2024-12-05 23:59:07 I]     loss = 0.00011381155629642311
[2024-12-05 23:59:07 I]     mse = 0.00011381155629642311
[2024-12-05 23:59:07 I]     rmse = 0.010584258821137955
[2024-12-05 23:59:07 I]     output_reg = 0.0
[2024-12-05 23:59:07 I]     mae = 0.007987597411870955
[2024-12-05 23:59:13 I] Starting validation at step 5000
[2024-12-05 23:59:14 I] Validation loop at step 5000:
[2024-12-05 23:59:14 I]     loss = 0.00010567514910362662
[2024-12-05 23:59:14 I]     mse = 0.00010567514910362662
[2024-12-05 23:59:14 I]     rmse = 0.010199719797395196
[2024-12-05 23:59:14 I]     output_reg = 0.0
[2024-12-05 23:59:14 I]     mae = 0.007698853684961798
[2024-12-05 23:59:14 I] Validation loop at step 5000:
[2024-12-05 23:59:14 I]     loss = 0.00010567514910362662
[2024-12-05 23:59:14 I]     mse = 0.00010567514910362662
[2024-12-05 23:59:14 I]     rmse = 0.010199719797395196
[2024-12-05 23:59:14 I]     output_reg = 0.0
[2024-12-05 23:59:14 I]     mae = 0.007698853684961798
[2024-12-05 23:59:14 I] Saving model at /storage_bizon/sabrant_rocket_2tb/ajay/repositories/ajay_code/geometric-algebra-transformer/tmp/gatr-experiments/experiments/volume/transformer_volume/models/model_final.pt
[2024-12-05 23:59:14 I] Ran evaluation on dataset test:
[2024-12-05 23:59:14 I]     loss = 0.00010343481565359978
[2024-12-05 23:59:14 I]     mse = 0.00010343481565359978
[2024-12-05 23:59:14 I]     rmse = 0.01010318931335104
[2024-12-05 23:59:14 I]     output_reg = 0.0
[2024-12-05 23:59:14 I]     mae = 0.007721909019351008
[2024-12-05 23:59:14 I] Ran evaluation on dataset generalization:
[2024-12-05 23:59:14 I]     loss = 0.008667152270674706
[2024-12-05 23:59:14 I]     mse = 0.008667152270674706
[2024-12-05 23:59:14 I]     rmse = 0.0930043691804431
[2024-12-05 23:59:14 I]     output_reg = 0.0
[2024-12-05 23:59:14 I]     mae = 0.08702178831100461
[2024-12-05 23:59:14 I] Anders nog iets?
[2024-12-06 00:14:01 I] Hoi.
[2024-12-06 00:14:01 I] Set experiment volume with ID 2, artifact location file:/storage_bizon/sabrant_rocket_2tb/ajay/repositories/ajay_code/geometric-algebra-transformer/tmp/gatr-experiments/tracking/artifacts
[2024-12-06 00:14:01 I] Logger already initialized - hi again!
[2024-12-06 00:14:01 I] Running experiment at /storage_bizon/sabrant_rocket_2tb/ajay/repositories/ajay_code/geometric-algebra-transformer/tmp/gatr-experiments/experiments/volume/transformer_volume
[2024-12-06 00:14:02 I] Saving config at /storage_bizon/sabrant_rocket_2tb/ajay/repositories/ajay_code/geometric-algebra-transformer/tmp/gatr-experiments/experiments/volume/transformer_volume/config.yml
[2024-12-06 00:14:02 I] Model has 1.32M learnable parameters
[2024-12-06 00:14:02 I] Starting training
[2024-12-06 00:14:02 I] Training for 5000 steps, that is, 313 epochs on a dataset of size 1000 with batchsize 64
[2024-12-06 00:14:02 I] Finished first forward pass with loss 0.9463251829147339
[2024-12-06 00:14:08 I] Starting validation at step 1000
[2024-12-06 00:14:08 I] Validation loop at step 1000:
[2024-12-06 00:14:08 I]     loss = 0.0003494815241079778
[2024-12-06 00:14:08 I]     mse = 0.0003494815241079778
[2024-12-06 00:14:08 I]     rmse = 0.01858074722964232
[2024-12-06 00:14:08 I]     output_reg = 0.0
[2024-12-06 00:14:08 I]     mae = 0.014654007293283935
[2024-12-06 00:14:14 I] Starting validation at step 2000
[2024-12-06 00:14:14 I] Validation loop at step 2000:
[2024-12-06 00:14:14 I]     loss = 0.0001711600536946207
[2024-12-06 00:14:14 I]     mse = 0.0001711600536946207
[2024-12-06 00:14:14 I]     rmse = 0.012964948338088773
[2024-12-06 00:14:14 I]     output_reg = 0.0
[2024-12-06 00:14:14 I]     mae = 0.00991011487394571
[2024-12-06 00:14:20 I] Starting validation at step 3000
[2024-12-06 00:14:20 I] Validation loop at step 3000:
[2024-12-06 00:14:20 I]     loss = 0.0001599955038633198
[2024-12-06 00:14:20 I]     mse = 0.0001599955038633198
[2024-12-06 00:14:20 I]     rmse = 0.012585535939951077
[2024-12-06 00:14:20 I]     output_reg = 0.0
[2024-12-06 00:14:20 I]     mae = 0.010098078781366353
[2024-12-06 00:14:26 I] Starting validation at step 4000
[2024-12-06 00:14:27 I] Validation loop at step 4000:
[2024-12-06 00:14:27 I]     loss = 0.00011381155629642311
[2024-12-06 00:14:27 I]     mse = 0.00011381155629642311
[2024-12-06 00:14:27 I]     rmse = 0.010584258821137955
[2024-12-06 00:14:27 I]     output_reg = 0.0
[2024-12-06 00:14:27 I]     mae = 0.007987597411870955
[2024-12-06 00:14:32 I] Starting validation at step 5000
[2024-12-06 00:14:33 I] Validation loop at step 5000:
[2024-12-06 00:14:33 I]     loss = 0.00010567514910362662
[2024-12-06 00:14:33 I]     mse = 0.00010567514910362662
[2024-12-06 00:14:33 I]     rmse = 0.010199719797395196
[2024-12-06 00:14:33 I]     output_reg = 0.0
[2024-12-06 00:14:33 I]     mae = 0.007698853684961798
[2024-12-06 00:14:33 I] Validation loop at step 5000:
[2024-12-06 00:14:33 I]     loss = 0.00010567514910362662
[2024-12-06 00:14:33 I]     mse = 0.00010567514910362662
[2024-12-06 00:14:33 I]     rmse = 0.010199719797395196
[2024-12-06 00:14:33 I]     output_reg = 0.0
[2024-12-06 00:14:33 I]     mae = 0.007698853684961798
[2024-12-06 00:14:33 I] Saving model at /storage_bizon/sabrant_rocket_2tb/ajay/repositories/ajay_code/geometric-algebra-transformer/tmp/gatr-experiments/experiments/volume/transformer_volume/models/model_final.pt
[2024-12-06 00:14:33 I] Ran evaluation on dataset generalization:
[2024-12-06 00:14:33 I]     loss = 0.008667152270674706
[2024-12-06 00:14:33 I]     mse = 0.008667152270674706
[2024-12-06 00:14:33 I]     rmse = 0.0930043691804431
[2024-12-06 00:14:33 I]     output_reg = 0.0
[2024-12-06 00:14:33 I]     mae = 0.08702178831100461
[2024-12-06 00:14:33 I] Ran evaluation on dataset test:
[2024-12-06 00:14:33 I]     loss = 0.00010343481565359978
[2024-12-06 00:14:33 I]     mse = 0.00010343481565359978
[2024-12-06 00:14:33 I]     rmse = 0.01010318931335104
[2024-12-06 00:14:33 I]     output_reg = 0.0
[2024-12-06 00:14:33 I]     mae = 0.007721909019351008
[2024-12-06 00:14:33 I] Anders nog iets?
[2024-12-06 00:52:26 I] Hoi.
[2024-12-06 00:52:27 I] Set experiment volume with ID 2, artifact location file:/storage_bizon/sabrant_rocket_2tb/ajay/repositories/ajay_code/geometric-algebra-transformer/tmp/gatr-experiments/tracking/artifacts
[2024-12-06 00:52:27 I] Logger already initialized - hi again!
[2024-12-06 00:52:27 I] Running experiment at /storage_bizon/sabrant_rocket_2tb/ajay/repositories/ajay_code/geometric-algebra-transformer/tmp/gatr-experiments/experiments/volume/transformer_volume
[2024-12-06 00:52:27 I] Saving config at /storage_bizon/sabrant_rocket_2tb/ajay/repositories/ajay_code/geometric-algebra-transformer/tmp/gatr-experiments/experiments/volume/transformer_volume/config.yml
[2024-12-06 00:52:27 I] Model has 1.32M learnable parameters
[2024-12-06 00:52:27 I] Starting training
[2024-12-06 00:52:27 I] Training for 5000 steps, that is, 313 epochs on a dataset of size 1000 with batchsize 64
[2024-12-06 00:52:27 I] Finished first forward pass with loss 0.9463251829147339
[2024-12-06 00:52:33 I] Starting validation at step 1000
[2024-12-06 00:54:04 I] Hoi.
[2024-12-06 00:54:04 I] Set experiment volume with ID 2, artifact location file:/storage_bizon/sabrant_rocket_2tb/ajay/repositories/ajay_code/geometric-algebra-transformer/tmp/gatr-experiments/tracking/artifacts
[2024-12-06 00:54:04 I] Logger already initialized - hi again!
[2024-12-06 00:54:04 I] Running experiment at /storage_bizon/sabrant_rocket_2tb/ajay/repositories/ajay_code/geometric-algebra-transformer/tmp/gatr-experiments/experiments/volume/transformer_volume
[2024-12-06 00:54:05 I] Saving config at /storage_bizon/sabrant_rocket_2tb/ajay/repositories/ajay_code/geometric-algebra-transformer/tmp/gatr-experiments/experiments/volume/transformer_volume/config.yml
[2024-12-06 00:54:05 I] Model has 1.32M learnable parameters
[2024-12-06 00:54:05 I] Starting training
[2024-12-06 00:54:05 I] Training for 5000 steps, that is, 313 epochs on a dataset of size 1000 with batchsize 64
[2024-12-06 00:54:05 I] Finished first forward pass with loss 0.9463251829147339
[2024-12-06 00:54:11 I] Starting validation at step 1000
[2024-12-06 00:54:11 I] Saved predictions vs actuals plot for 'val' at /storage_bizon/sabrant_rocket_2tb/ajay/repositories/ajay_code/geometric-algebra-transformer/tmp/gatr-experiments/experiments/volume/transformer_volume/metrics/predictions_vs_actuals_val.png
[2024-12-06 00:54:12 I] Saved predictions vs actuals plot for 'val' at /storage_bizon/sabrant_rocket_2tb/ajay/repositories/ajay_code/geometric-algebra-transformer/tmp/gatr-experiments/experiments/volume/transformer_volume/metrics/predictions_vs_actuals_val_step_1000.png
[2024-12-06 00:54:59 I] Hoi.
[2024-12-06 00:54:59 I] Set experiment volume with ID 2, artifact location file:/storage_bizon/sabrant_rocket_2tb/ajay/repositories/ajay_code/geometric-algebra-transformer/tmp/gatr-experiments/tracking/artifacts
[2024-12-06 00:54:59 I] Logger already initialized - hi again!
[2024-12-06 00:54:59 I] Running experiment at /storage_bizon/sabrant_rocket_2tb/ajay/repositories/ajay_code/geometric-algebra-transformer/tmp/gatr-experiments/experiments/volume/transformer_volume
[2024-12-06 00:55:00 I] Saving config at /storage_bizon/sabrant_rocket_2tb/ajay/repositories/ajay_code/geometric-algebra-transformer/tmp/gatr-experiments/experiments/volume/transformer_volume/config.yml
[2024-12-06 00:55:00 I] Model has 1.32M learnable parameters
[2024-12-06 00:55:00 I] Starting training
[2024-12-06 00:55:00 I] Training for 5000 steps, that is, 313 epochs on a dataset of size 1000 with batchsize 64
[2024-12-06 00:55:00 I] Finished first forward pass with loss 0.9463251829147339
[2024-12-06 00:55:06 I] Starting validation at step 1000
[2024-12-06 00:55:06 I] Saved predictions vs actuals plot for 'val' at /storage_bizon/sabrant_rocket_2tb/ajay/repositories/ajay_code/geometric-algebra-transformer/tmp/gatr-experiments/experiments/volume/transformer_volume/metrics/predictions_vs_actuals_val.png
[2024-12-06 00:55:06 I] Saved predictions vs actuals plot for 'val' at /storage_bizon/sabrant_rocket_2tb/ajay/repositories/ajay_code/geometric-algebra-transformer/tmp/gatr-experiments/experiments/volume/transformer_volume/metrics/predictions_vs_actuals_val_step_1000.png
[2024-12-06 00:55:12 I] Starting validation at step 2000
[2024-12-06 00:55:13 I] Saved predictions vs actuals plot for 'val' at /storage_bizon/sabrant_rocket_2tb/ajay/repositories/ajay_code/geometric-algebra-transformer/tmp/gatr-experiments/experiments/volume/transformer_volume/metrics/predictions_vs_actuals_val.png
[2024-12-06 00:55:13 I] Saved predictions vs actuals plot for 'val' at /storage_bizon/sabrant_rocket_2tb/ajay/repositories/ajay_code/geometric-algebra-transformer/tmp/gatr-experiments/experiments/volume/transformer_volume/metrics/predictions_vs_actuals_val_step_2000.png
[2024-12-06 00:55:19 I] Starting validation at step 3000
[2024-12-06 00:55:19 I] Saved predictions vs actuals plot for 'val' at /storage_bizon/sabrant_rocket_2tb/ajay/repositories/ajay_code/geometric-algebra-transformer/tmp/gatr-experiments/experiments/volume/transformer_volume/metrics/predictions_vs_actuals_val.png
[2024-12-06 00:55:20 I] Saved predictions vs actuals plot for 'val' at /storage_bizon/sabrant_rocket_2tb/ajay/repositories/ajay_code/geometric-algebra-transformer/tmp/gatr-experiments/experiments/volume/transformer_volume/metrics/predictions_vs_actuals_val_step_3000.png
[2024-12-06 00:55:26 I] Starting validation at step 4000
[2024-12-06 00:55:26 I] Saved predictions vs actuals plot for 'val' at /storage_bizon/sabrant_rocket_2tb/ajay/repositories/ajay_code/geometric-algebra-transformer/tmp/gatr-experiments/experiments/volume/transformer_volume/metrics/predictions_vs_actuals_val.png
[2024-12-06 00:55:26 I] Saved predictions vs actuals plot for 'val' at /storage_bizon/sabrant_rocket_2tb/ajay/repositories/ajay_code/geometric-algebra-transformer/tmp/gatr-experiments/experiments/volume/transformer_volume/metrics/predictions_vs_actuals_val_step_4000.png
[2024-12-06 00:55:32 I] Starting validation at step 5000
[2024-12-06 00:55:33 I] Saved predictions vs actuals plot for 'val' at /storage_bizon/sabrant_rocket_2tb/ajay/repositories/ajay_code/geometric-algebra-transformer/tmp/gatr-experiments/experiments/volume/transformer_volume/metrics/predictions_vs_actuals_val.png
[2024-12-06 00:55:33 I] Saved predictions vs actuals plot for 'val' at /storage_bizon/sabrant_rocket_2tb/ajay/repositories/ajay_code/geometric-algebra-transformer/tmp/gatr-experiments/experiments/volume/transformer_volume/metrics/predictions_vs_actuals_val_step_5000.png
[2024-12-06 00:55:33 I] Saved predictions vs actuals plot for 'val' at /storage_bizon/sabrant_rocket_2tb/ajay/repositories/ajay_code/geometric-algebra-transformer/tmp/gatr-experiments/experiments/volume/transformer_volume/metrics/predictions_vs_actuals_val.png
[2024-12-06 00:55:33 I] Saved predictions vs actuals plot for 'val' at /storage_bizon/sabrant_rocket_2tb/ajay/repositories/ajay_code/geometric-algebra-transformer/tmp/gatr-experiments/experiments/volume/transformer_volume/metrics/predictions_vs_actuals_val_step_5000.png
[2024-12-06 00:55:33 I] Saving model at /storage_bizon/sabrant_rocket_2tb/ajay/repositories/ajay_code/geometric-algebra-transformer/tmp/gatr-experiments/experiments/volume/transformer_volume/models/model_final.pt
[2024-12-06 00:55:33 I] Saved predictions vs actuals plot for 'generalization' at /storage_bizon/sabrant_rocket_2tb/ajay/repositories/ajay_code/geometric-algebra-transformer/tmp/gatr-experiments/experiments/volume/transformer_volume/metrics/predictions_vs_actuals_generalization.png
[2024-12-06 00:55:33 I] Ran evaluation on dataset generalization:
[2024-12-06 00:55:33 I]     loss = 0.008667152270674706
[2024-12-06 00:55:33 I]     mse = 0.008667152270674706
[2024-12-06 00:55:33 I]     rmse = 0.0930043691804431
[2024-12-06 00:55:33 I]     output_reg = 0.0
[2024-12-06 00:55:33 I]     mae = 0.08702178831100461
[2024-12-06 00:55:34 I] Saved predictions vs actuals plot for 'test' at /storage_bizon/sabrant_rocket_2tb/ajay/repositories/ajay_code/geometric-algebra-transformer/tmp/gatr-experiments/experiments/volume/transformer_volume/metrics/predictions_vs_actuals_test.png
[2024-12-06 00:55:34 I] Ran evaluation on dataset test:
[2024-12-06 00:55:34 I]     loss = 0.00010343481565359978
[2024-12-06 00:55:34 I]     mse = 0.00010343481565359978
[2024-12-06 00:55:34 I]     rmse = 0.01010318931335104
[2024-12-06 00:55:34 I]     output_reg = 0.0
[2024-12-06 00:55:34 I]     mae = 0.007721909019351008
[2024-12-06 00:55:34 I] Anders nog iets?
[2024-12-06 01:35:46 I] Hoi.
[2024-12-06 01:35:47 I] Set experiment volume with ID 2, artifact location file:/storage_bizon/sabrant_rocket_2tb/ajay/repositories/ajay_code/geometric-algebra-transformer/tmp/gatr-experiments/tracking/artifacts
[2024-12-06 01:35:47 I] Logger already initialized - hi again!
[2024-12-06 01:35:47 I] Running experiment at /storage_bizon/sabrant_rocket_2tb/ajay/repositories/ajay_code/geometric-algebra-transformer/tmp/gatr-experiments/experiments/volume/transformer_volume
[2024-12-06 01:35:47 I] Saving config at /storage_bizon/sabrant_rocket_2tb/ajay/repositories/ajay_code/geometric-algebra-transformer/tmp/gatr-experiments/experiments/volume/transformer_volume/config.yml
[2024-12-06 01:35:47 I] Model has 1.58M learnable parameters
[2024-12-06 01:35:47 I] Starting training
[2024-12-06 01:35:47 I] Training for 5000 steps, that is, 313 epochs on a dataset of size 1000 with batchsize 64
[2024-12-06 01:35:47 I] Finished first forward pass with loss 0.10076620429754257
[2024-12-06 01:35:54 I] Starting validation at step 1000
[2024-12-06 01:35:54 I] Saved predictions vs actuals plot for 'val' at /storage_bizon/sabrant_rocket_2tb/ajay/repositories/ajay_code/geometric-algebra-transformer/tmp/gatr-experiments/experiments/volume/transformer_volume/metrics/predictions_vs_actuals_val.png
[2024-12-06 01:35:55 I] Saved predictions vs actuals plot for 'val' at /storage_bizon/sabrant_rocket_2tb/ajay/repositories/ajay_code/geometric-algebra-transformer/tmp/gatr-experiments/experiments/volume/transformer_volume/metrics/predictions_vs_actuals_val_step_1000.png
[2024-12-06 01:36:02 I] Starting validation at step 2000
[2024-12-06 01:36:02 I] Saved predictions vs actuals plot for 'val' at /storage_bizon/sabrant_rocket_2tb/ajay/repositories/ajay_code/geometric-algebra-transformer/tmp/gatr-experiments/experiments/volume/transformer_volume/metrics/predictions_vs_actuals_val.png
[2024-12-06 01:36:02 I] Saved predictions vs actuals plot for 'val' at /storage_bizon/sabrant_rocket_2tb/ajay/repositories/ajay_code/geometric-algebra-transformer/tmp/gatr-experiments/experiments/volume/transformer_volume/metrics/predictions_vs_actuals_val_step_2000.png
[2024-12-06 01:36:09 I] Starting validation at step 3000
[2024-12-06 01:36:10 I] Saved predictions vs actuals plot for 'val' at /storage_bizon/sabrant_rocket_2tb/ajay/repositories/ajay_code/geometric-algebra-transformer/tmp/gatr-experiments/experiments/volume/transformer_volume/metrics/predictions_vs_actuals_val.png
[2024-12-06 01:36:10 I] Saved predictions vs actuals plot for 'val' at /storage_bizon/sabrant_rocket_2tb/ajay/repositories/ajay_code/geometric-algebra-transformer/tmp/gatr-experiments/experiments/volume/transformer_volume/metrics/predictions_vs_actuals_val_step_3000.png
[2024-12-06 01:36:17 I] Starting validation at step 4000
[2024-12-06 01:36:17 I] Saved predictions vs actuals plot for 'val' at /storage_bizon/sabrant_rocket_2tb/ajay/repositories/ajay_code/geometric-algebra-transformer/tmp/gatr-experiments/experiments/volume/transformer_volume/metrics/predictions_vs_actuals_val.png
[2024-12-06 01:36:17 I] Saved predictions vs actuals plot for 'val' at /storage_bizon/sabrant_rocket_2tb/ajay/repositories/ajay_code/geometric-algebra-transformer/tmp/gatr-experiments/experiments/volume/transformer_volume/metrics/predictions_vs_actuals_val_step_4000.png
[2024-12-06 01:36:25 I] Starting validation at step 5000
[2024-12-06 01:36:25 I] Saved predictions vs actuals plot for 'val' at /storage_bizon/sabrant_rocket_2tb/ajay/repositories/ajay_code/geometric-algebra-transformer/tmp/gatr-experiments/experiments/volume/transformer_volume/metrics/predictions_vs_actuals_val.png
[2024-12-06 01:36:25 I] Saved predictions vs actuals plot for 'val' at /storage_bizon/sabrant_rocket_2tb/ajay/repositories/ajay_code/geometric-algebra-transformer/tmp/gatr-experiments/experiments/volume/transformer_volume/metrics/predictions_vs_actuals_val_step_5000.png
[2024-12-06 01:36:25 I] Saved predictions vs actuals plot for 'val' at /storage_bizon/sabrant_rocket_2tb/ajay/repositories/ajay_code/geometric-algebra-transformer/tmp/gatr-experiments/experiments/volume/transformer_volume/metrics/predictions_vs_actuals_val.png
[2024-12-06 01:36:26 I] Saved predictions vs actuals plot for 'val' at /storage_bizon/sabrant_rocket_2tb/ajay/repositories/ajay_code/geometric-algebra-transformer/tmp/gatr-experiments/experiments/volume/transformer_volume/metrics/predictions_vs_actuals_val_step_5000.png
[2024-12-06 01:36:26 I] Saving model at /storage_bizon/sabrant_rocket_2tb/ajay/repositories/ajay_code/geometric-algebra-transformer/tmp/gatr-experiments/experiments/volume/transformer_volume/models/model_final.pt
[2024-12-06 01:36:26 I] Saved predictions vs actuals plot for 'generalization' at /storage_bizon/sabrant_rocket_2tb/ajay/repositories/ajay_code/geometric-algebra-transformer/tmp/gatr-experiments/experiments/volume/transformer_volume/metrics/predictions_vs_actuals_generalization.png
[2024-12-06 01:36:26 I] Ran evaluation on dataset generalization:
[2024-12-06 01:36:26 I]     loss = 0.009212247443199154
[2024-12-06 01:36:26 I]     mse = 0.009212247443199154
[2024-12-06 01:36:26 I]     rmse = 0.09588671708985355
[2024-12-06 01:36:26 I]     output_reg = 0.0
[2024-12-06 01:36:26 I]     mae = 0.0895779970288277
[2024-12-06 01:36:26 I] Saved predictions vs actuals plot for 'test' at /storage_bizon/sabrant_rocket_2tb/ajay/repositories/ajay_code/geometric-algebra-transformer/tmp/gatr-experiments/experiments/volume/transformer_volume/metrics/predictions_vs_actuals_test.png
[2024-12-06 01:36:26 I] Ran evaluation on dataset test:
[2024-12-06 01:36:26 I]     loss = 0.00011873477995395662
[2024-12-06 01:36:26 I]     mse = 0.00011873477995395662
[2024-12-06 01:36:26 I]     rmse = 0.010821544907888508
[2024-12-06 01:36:26 I]     output_reg = 0.0
[2024-12-06 01:36:26 I]     mae = 0.008289343231916432
[2024-12-06 01:36:26 I] Anders nog iets?
