[2024-12-06 18:48:25 I] Hoi.
[2024-12-06 18:48:25 I] Set experiment volume with ID 1, artifact location file:/home/ajay/GATr-experiments/tmp/gatr-experiments/tracking/artifacts
[2024-12-06 18:48:25 I] Logger already initialized - hi again!
[2024-12-06 18:48:25 I] Running experiment at /home/ajay/GATr-experiments/tmp/gatr-experiments/experiments/volume/gatr_volume
[2024-12-06 18:48:25 I] Saving config at /home/ajay/GATr-experiments/tmp/gatr-experiments/experiments/volume/gatr_volume/config.yml
[2024-12-06 18:48:26 I] Model has 10.58M learnable parameters
[2024-12-06 18:48:26 I] Starting training
[2024-12-06 18:48:26 I] Training for 5000 steps, that is, 313 epochs on a dataset of size 1000 with batchsize 64
[2024-12-06 18:48:27 I] Finished first forward pass with loss 0.22894150018692017
[2024-12-06 18:51:01 I] Starting validation at step 1000
[2024-12-06 18:51:05 I] Saved predictions vs actuals plot for 'val' at /home/ajay/GATr-experiments/tmp/gatr-experiments/experiments/volume/gatr_volume/metrics/predictions_vs_actuals_val.png
[2024-12-06 18:51:05 I] Saved predictions vs actuals plot for 'val' at /home/ajay/GATr-experiments/tmp/gatr-experiments/experiments/volume/gatr_volume/metrics/predictions_vs_actuals_val_step_1000.png
[2024-12-06 18:53:32 I] Starting validation at step 2000
[2024-12-06 18:53:35 I] Saved predictions vs actuals plot for 'val' at /home/ajay/GATr-experiments/tmp/gatr-experiments/experiments/volume/gatr_volume/metrics/predictions_vs_actuals_val.png
[2024-12-06 18:53:36 I] Saved predictions vs actuals plot for 'val' at /home/ajay/GATr-experiments/tmp/gatr-experiments/experiments/volume/gatr_volume/metrics/predictions_vs_actuals_val_step_2000.png
[2024-12-06 18:55:51 I] Starting validation at step 3000
[2024-12-06 18:55:54 I] Saved predictions vs actuals plot for 'val' at /home/ajay/GATr-experiments/tmp/gatr-experiments/experiments/volume/gatr_volume/metrics/predictions_vs_actuals_val.png
[2024-12-06 18:55:54 I] Saved predictions vs actuals plot for 'val' at /home/ajay/GATr-experiments/tmp/gatr-experiments/experiments/volume/gatr_volume/metrics/predictions_vs_actuals_val_step_3000.png
[2024-12-06 18:58:16 I] Starting validation at step 4000
[2024-12-06 18:58:19 I] Saved predictions vs actuals plot for 'val' at /home/ajay/GATr-experiments/tmp/gatr-experiments/experiments/volume/gatr_volume/metrics/predictions_vs_actuals_val.png
[2024-12-06 18:58:20 I] Saved predictions vs actuals plot for 'val' at /home/ajay/GATr-experiments/tmp/gatr-experiments/experiments/volume/gatr_volume/metrics/predictions_vs_actuals_val_step_4000.png
[2024-12-06 19:00:44 I] Starting validation at step 5000
[2024-12-06 19:00:48 I] Saved predictions vs actuals plot for 'val' at /home/ajay/GATr-experiments/tmp/gatr-experiments/experiments/volume/gatr_volume/metrics/predictions_vs_actuals_val.png
[2024-12-06 19:00:48 I] Saved predictions vs actuals plot for 'val' at /home/ajay/GATr-experiments/tmp/gatr-experiments/experiments/volume/gatr_volume/metrics/predictions_vs_actuals_val_step_5000.png
[2024-12-06 19:00:52 I] Saved predictions vs actuals plot for 'val' at /home/ajay/GATr-experiments/tmp/gatr-experiments/experiments/volume/gatr_volume/metrics/predictions_vs_actuals_val.png
[2024-12-06 19:00:52 I] Saved predictions vs actuals plot for 'val' at /home/ajay/GATr-experiments/tmp/gatr-experiments/experiments/volume/gatr_volume/metrics/predictions_vs_actuals_val_step_5000.png
[2024-12-06 19:00:52 I] Saving model at /home/ajay/GATr-experiments/tmp/gatr-experiments/experiments/volume/gatr_volume/models/model_final.pt
[2024-12-06 19:00:55 I] Saved predictions vs actuals plot for 'generalization' at /home/ajay/GATr-experiments/tmp/gatr-experiments/experiments/volume/gatr_volume/metrics/predictions_vs_actuals_generalization.png
[2024-12-06 19:00:55 I] Ran evaluation on dataset generalization:
[2024-12-06 19:00:55 I]     loss = 0.01794475750923157
[2024-12-06 19:00:55 I]     mse = 0.017826015985012055
[2024-12-06 19:00:56 I]     rmse = 0.13382239530080356
[2024-12-06 19:00:56 I]     output_reg = 0.011874157565832136
[2024-12-06 19:00:56 I]     mae = 0.12456559684276577
[2024-12-06 19:00:59 I] Saved predictions vs actuals plot for 'test' at /home/ajay/GATr-experiments/tmp/gatr-experiments/experiments/volume/gatr_volume/metrics/predictions_vs_actuals_test.png
[2024-12-06 19:00:59 I] Ran evaluation on dataset test:
[2024-12-06 19:00:59 I]     loss = 0.00012367200115695598
[2024-12-06 19:00:59 I]     mse = 3.53458371711895e-05
[2024-12-06 19:00:59 I]     rmse = 0.011072806280608938
[2024-12-06 19:00:59 I]     output_reg = 0.008832616522908215
[2024-12-06 19:00:59 I]     mae = 0.004095877750217914
[2024-12-06 19:00:59 I] Anders nog iets?
[2024-12-06 19:18:27 I] Hoi.
[2024-12-06 19:18:27 I] Set experiment volume with ID 1, artifact location file:/home/ajay/GATr-experiments/tmp/gatr-experiments/tracking/artifacts
[2024-12-06 19:18:27 I] Logger already initialized - hi again!
[2024-12-06 19:18:27 I] Running experiment at /home/ajay/GATr-experiments/tmp/gatr-experiments/experiments/volume/gatr_volume
[2024-12-06 19:18:27 I] Saving config at /home/ajay/GATr-experiments/tmp/gatr-experiments/experiments/volume/gatr_volume/config.yml
[2024-12-06 19:18:28 I] Model has 10.58M learnable parameters
[2024-12-06 19:18:28 I] Starting training
[2024-12-06 19:18:28 I] Training for 5000 steps, that is, 313 epochs on a dataset of size 1000 with batchsize 64
[2024-12-06 19:18:28 I] Finished first forward pass with loss 0.22894150018692017
[2024-12-06 19:18:51 I] Hoi.
[2024-12-06 19:18:51 I] Set experiment volume with ID 1, artifact location file:/home/ajay/GATr-experiments/tmp/gatr-experiments/tracking/artifacts
[2024-12-06 19:18:51 I] Logger already initialized - hi again!
[2024-12-06 19:18:51 I] Running experiment at /home/ajay/GATr-experiments/tmp/gatr-experiments/experiments/volume/gatr_volume
[2024-12-06 19:18:51 I] Saving config at /home/ajay/GATr-experiments/tmp/gatr-experiments/experiments/volume/gatr_volume/config.yml
[2024-12-06 19:18:52 I] Model has 10.58M learnable parameters
[2024-12-06 19:18:52 I] Starting training
[2024-12-06 19:18:52 I] Training for 5000 steps, that is, 313 epochs on a dataset of size 1000 with batchsize 64
[2024-12-06 19:18:53 I] Finished first forward pass with loss 0.22894150018692017
[2024-12-06 19:21:10 I] Starting validation at step 1000
[2024-12-06 19:21:13 I] Saved predictions vs actuals plot for 'val' at /home/ajay/GATr-experiments/tmp/gatr-experiments/experiments/volume/gatr_volume/metrics/predictions_vs_actuals_val.png
[2024-12-06 19:21:14 I] Saved predictions vs actuals plot for 'val' at /home/ajay/GATr-experiments/tmp/gatr-experiments/experiments/volume/gatr_volume/metrics/predictions_vs_actuals_val_step_1000.png
[2024-12-06 19:25:15 I] Hoi.
[2024-12-06 19:25:15 I] Set experiment volume with ID 1, artifact location file:/home/ajay/GATr-experiments/tmp/gatr-experiments/tracking/artifacts
[2024-12-06 19:25:15 I] Logger already initialized - hi again!
[2024-12-06 19:25:15 I] Running experiment at /home/ajay/GATr-experiments/tmp/gatr-experiments/experiments/volume/gatr_volume
[2024-12-06 19:25:15 I] Saving config at /home/ajay/GATr-experiments/tmp/gatr-experiments/experiments/volume/gatr_volume/config.yml
[2024-12-06 19:25:16 I] Model has 10.58M learnable parameters
[2024-12-06 19:25:16 I] Starting training
[2024-12-06 19:25:16 I] Training for 5000 steps, that is, 313 epochs on a dataset of size 1000 with batchsize 64
[2024-12-06 19:25:16 I] Finished first forward pass with loss 0.22894150018692017
[2024-12-06 19:27:45 I] Starting validation at step 1000
[2024-12-06 19:27:48 I] Saved predictions vs actuals plot for 'val' at /home/ajay/GATr-experiments/tmp/gatr-experiments/experiments/volume/gatr_volume/metrics/predictions_vs_actuals_val.png
[2024-12-06 19:27:49 I] Saved predictions vs actuals plot for 'val' at /home/ajay/GATr-experiments/tmp/gatr-experiments/experiments/volume/gatr_volume/metrics/predictions_vs_actuals_val_step_1000.png
[2024-12-06 19:31:31 I] Hoi.
[2024-12-06 19:31:32 I] Set experiment volume with ID 1, artifact location file:/home/ajay/GATr-experiments/tmp/gatr-experiments/tracking/artifacts
[2024-12-06 19:31:32 I] Logger already initialized - hi again!
[2024-12-06 19:31:32 I] Running experiment at /home/ajay/GATr-experiments/tmp/gatr-experiments/experiments/volume/gatr_volume
[2024-12-06 19:31:32 I] Saving config at /home/ajay/GATr-experiments/tmp/gatr-experiments/experiments/volume/gatr_volume/config.yml
[2024-12-06 19:31:32 I] Model has 10.58M learnable parameters
[2024-12-06 19:31:32 I] Starting training
[2024-12-06 19:31:32 I] Training for 5000 steps, that is, 313 epochs on a dataset of size 1000 with batchsize 64
[2024-12-06 19:31:33 I] Finished first forward pass with loss 0.22894150018692017
[2024-12-06 19:34:06 I] Starting validation at step 1000
[2024-12-06 19:34:09 I] Saved predictions vs actuals plot for 'val' at /home/ajay/GATr-experiments/tmp/gatr-experiments/experiments/volume/gatr_volume/metrics/predictions_vs_actuals_val.png
[2024-12-06 19:34:10 I] Saved predictions vs actuals plot for 'val' at /home/ajay/GATr-experiments/tmp/gatr-experiments/experiments/volume/gatr_volume/metrics/predictions_vs_actuals_val_step_1000.png
[2024-12-06 19:35:29 I] Hoi.
[2024-12-06 19:35:30 I] Set experiment volume with ID 1, artifact location file:/home/ajay/GATr-experiments/tmp/gatr-experiments/tracking/artifacts
[2024-12-06 19:35:30 I] Logger already initialized - hi again!
[2024-12-06 19:35:30 I] Running experiment at /home/ajay/GATr-experiments/tmp/gatr-experiments/experiments/volume/gatr_volume
[2024-12-06 19:35:30 I] Saving config at /home/ajay/GATr-experiments/tmp/gatr-experiments/experiments/volume/gatr_volume/config.yml
[2024-12-06 19:35:30 I] Model has 10.58M learnable parameters
[2024-12-06 19:35:30 I] Starting training
[2024-12-06 19:35:30 I] Training for 5000 steps, that is, 313 epochs on a dataset of size 1000 with batchsize 64
[2024-12-06 19:35:31 I] Finished first forward pass with loss 0.22894150018692017
[2024-12-06 19:38:04 I] Starting validation at step 1000
[2024-12-06 19:38:07 E] Error plotting predictions for tag 'val': Key 'name' is not in struct
    full_key: model.name
    object_type=dict
[2024-12-06 19:38:07 E] Error plotting validation predictions at step 1000: Key 'name' is not in struct
    full_key: model.name
    object_type=dict
[2024-12-06 19:44:18 I] Hoi.
[2024-12-06 19:44:19 I] Set experiment volume with ID 1, artifact location file:/home/ajay/GATr-experiments/tmp/gatr-experiments/tracking/artifacts
[2024-12-06 19:44:19 I] Logger already initialized - hi again!
[2024-12-06 19:44:19 I] Running experiment at /home/ajay/GATr-experiments/tmp/gatr-experiments/experiments/volume/gatr_volume
[2024-12-06 19:44:19 I] Saving config at /home/ajay/GATr-experiments/tmp/gatr-experiments/experiments/volume/gatr_volume/config.yml
[2024-12-06 19:44:19 I] Model has 10.58M learnable parameters
[2024-12-06 19:44:19 I] Starting training
[2024-12-06 19:44:19 I] Training for 5000 steps, that is, 313 epochs on a dataset of size 1000 with batchsize 64
[2024-12-06 19:44:20 I] Finished first forward pass with loss 0.22894150018692017
[2024-12-06 19:46:51 I] Starting validation at step 1000
[2024-12-06 19:46:54 I] Saved predictions vs actuals plot for 'val' at /home/ajay/GATr-experiments/tmp/gatr-experiments/experiments/volume/gatr_volume/metrics/predictions_vs_actuals_val.png
[2024-12-06 19:46:55 I] Saved predictions vs actuals plot for 'val' at /home/ajay/GATr-experiments/tmp/gatr-experiments/experiments/volume/gatr_volume/metrics/predictions_vs_actuals_val_step_1000.png
[2024-12-06 19:47:51 I] Hoi.
[2024-12-06 19:47:51 I] Set experiment volume with ID 1, artifact location file:/home/ajay/GATr-experiments/tmp/gatr-experiments/tracking/artifacts
[2024-12-06 19:47:51 I] Logger already initialized - hi again!
[2024-12-06 19:47:51 I] Running experiment at /home/ajay/GATr-experiments/tmp/gatr-experiments/experiments/volume/gatr_volume
[2024-12-06 19:47:51 I] Saving config at /home/ajay/GATr-experiments/tmp/gatr-experiments/experiments/volume/gatr_volume/config.yml
[2024-12-06 19:47:52 I] Model has 10.58M learnable parameters
[2024-12-06 19:47:52 I] Starting training
[2024-12-06 19:47:52 I] Training for 5000 steps, that is, 313 epochs on a dataset of size 1000 with batchsize 64
[2024-12-06 19:47:52 I] Finished first forward pass with loss 0.22894150018692017
[2024-12-06 19:58:56 I] Hoi.
[2024-12-06 19:58:57 I] Set experiment volume with ID 1, artifact location file:/home/ajay/GATr-experiments/tmp/gatr-experiments/tracking/artifacts
[2024-12-06 19:58:57 I] Logger already initialized - hi again!
[2024-12-06 19:58:57 I] Running experiment at /home/ajay/GATr-experiments/tmp/gatr-experiments/experiments/volume/gatr_volume
[2024-12-06 19:58:57 I] Saving config at /home/ajay/GATr-experiments/tmp/gatr-experiments/experiments/volume/gatr_volume/config.yml
[2024-12-06 19:58:57 I] Model has 10.58M learnable parameters
[2024-12-06 19:58:57 I] Starting training
[2024-12-06 19:58:57 I] Training for 5000 steps, that is, 313 epochs on a dataset of size 1000 with batchsize 64
[2024-12-06 19:58:58 I] Finished first forward pass with loss 0.22894150018692017
[2024-12-06 20:01:27 I] Starting validation at step 1000
[2024-12-06 20:01:31 I] Saved predictions vs actuals plot for 'val' at /home/ajay/GATr-experiments/tmp/gatr-experiments/experiments/volume/gatr_volume/metrics/predictions_vs_actuals_val.png
[2024-12-06 20:01:31 I] Saved predictions vs actuals plot for 'val' at /home/ajay/GATr-experiments/tmp/gatr-experiments/experiments/volume/gatr_volume/metrics/predictions_vs_actuals_val_step_1000.png
[2024-12-06 20:04:01 I] Starting validation at step 2000
[2024-12-06 20:04:04 I] Saved predictions vs actuals plot for 'val' at /home/ajay/GATr-experiments/tmp/gatr-experiments/experiments/volume/gatr_volume/metrics/predictions_vs_actuals_val.png
[2024-12-06 20:04:05 I] Saved predictions vs actuals plot for 'val' at /home/ajay/GATr-experiments/tmp/gatr-experiments/experiments/volume/gatr_volume/metrics/predictions_vs_actuals_val_step_2000.png
[2024-12-06 20:06:32 I] Starting validation at step 3000
[2024-12-06 20:06:35 I] Saved predictions vs actuals plot for 'val' at /home/ajay/GATr-experiments/tmp/gatr-experiments/experiments/volume/gatr_volume/metrics/predictions_vs_actuals_val.png
[2024-12-06 20:06:35 I] Saved predictions vs actuals plot for 'val' at /home/ajay/GATr-experiments/tmp/gatr-experiments/experiments/volume/gatr_volume/metrics/predictions_vs_actuals_val_step_3000.png
[2024-12-06 20:09:07 I] Starting validation at step 4000
[2024-12-06 20:09:10 I] Saved predictions vs actuals plot for 'val' at /home/ajay/GATr-experiments/tmp/gatr-experiments/experiments/volume/gatr_volume/metrics/predictions_vs_actuals_val.png
[2024-12-06 20:09:11 I] Saved predictions vs actuals plot for 'val' at /home/ajay/GATr-experiments/tmp/gatr-experiments/experiments/volume/gatr_volume/metrics/predictions_vs_actuals_val_step_4000.png
[2024-12-06 20:11:42 I] Starting validation at step 5000
[2024-12-06 20:11:46 I] Saved predictions vs actuals plot for 'val' at /home/ajay/GATr-experiments/tmp/gatr-experiments/experiments/volume/gatr_volume/metrics/predictions_vs_actuals_val.png
[2024-12-06 20:11:46 I] Saved predictions vs actuals plot for 'val' at /home/ajay/GATr-experiments/tmp/gatr-experiments/experiments/volume/gatr_volume/metrics/predictions_vs_actuals_val_step_5000.png
[2024-12-06 20:11:50 I] Saved predictions vs actuals plot for 'val' at /home/ajay/GATr-experiments/tmp/gatr-experiments/experiments/volume/gatr_volume/metrics/predictions_vs_actuals_val.png
[2024-12-06 20:11:50 I] Saved predictions vs actuals plot for 'val' at /home/ajay/GATr-experiments/tmp/gatr-experiments/experiments/volume/gatr_volume/metrics/predictions_vs_actuals_val_step_5000.png
[2024-12-06 20:11:50 I] Saving model at /home/ajay/GATr-experiments/tmp/gatr-experiments/experiments/volume/gatr_volume/models/model_final.pt
[2024-12-06 20:11:53 I] Saved predictions vs actuals plot for 'test' at /home/ajay/GATr-experiments/tmp/gatr-experiments/experiments/volume/gatr_volume/metrics/predictions_vs_actuals_test.png
[2024-12-06 20:11:53 I] Ran evaluation on dataset test:
[2024-12-06 20:11:53 I]     loss = 0.00012367200115695598
[2024-12-06 20:11:53 I]     mse = 3.53458371711895e-05
[2024-12-06 20:11:53 I]     rmse = 0.011072806280608938
[2024-12-06 20:11:53 I]     output_reg = 0.008832616522908215
[2024-12-06 20:11:53 I]     mae = 0.004095877750217914
[2024-12-06 20:11:57 I] Saved predictions vs actuals plot for 'generalization' at /home/ajay/GATr-experiments/tmp/gatr-experiments/experiments/volume/gatr_volume/metrics/predictions_vs_actuals_generalization.png
[2024-12-06 20:11:57 I] Ran evaluation on dataset generalization:
[2024-12-06 20:11:57 I]     loss = 0.01794475750923157
[2024-12-06 20:11:57 I]     mse = 0.017826015985012055
[2024-12-06 20:11:57 I]     rmse = 0.13382239530080356
[2024-12-06 20:11:57 I]     output_reg = 0.011874157565832136
[2024-12-06 20:11:57 I]     mae = 0.12456559684276577
[2024-12-06 20:11:57 I] Anders nog iets?
[2024-12-07 04:08:16 I] Hoi.
[2024-12-07 04:08:17 I] Set experiment volume with ID 1, artifact location file:/home/ajay/GATr-experiments/tmp/gatr-experiments/tracking/artifacts
[2024-12-07 04:08:17 I] Logger already initialized - hi again!
[2024-12-07 04:08:17 I] Running experiment at /home/ajay/GATr-experiments/tmp/gatr-experiments/experiments/volume/gatr_volume
[2024-12-07 04:08:17 I] Saving config at /home/ajay/GATr-experiments/tmp/gatr-experiments/experiments/volume/gatr_volume/config.yml
[2024-12-07 04:08:17 I] Model has 10.58M learnable parameters
[2024-12-07 04:08:17 I] Starting training
[2024-12-07 04:08:17 I] Training for 10000 steps, that is, 127 epochs on a dataset of size 5000 with batchsize 64
[2024-12-07 04:08:18 I] Finished first forward pass with loss 0.22927214205265045
[2024-12-07 04:10:34 I] Hoi.
[2024-12-07 04:10:34 I] Set experiment volume with ID 1, artifact location file:/home/ajay/GATr-experiments/tmp/gatr-experiments/tracking/artifacts
[2024-12-07 04:10:34 I] Logger already initialized - hi again!
[2024-12-07 04:10:34 I] Running experiment at /home/ajay/GATr-experiments/tmp/gatr-experiments/experiments/volume/gatr_volume
[2024-12-07 04:10:35 I] Saving config at /home/ajay/GATr-experiments/tmp/gatr-experiments/experiments/volume/gatr_volume/config.yml
[2024-12-07 04:10:35 I] Model has 10.58M learnable parameters
[2024-12-07 04:10:35 I] Starting training
[2024-12-07 04:10:35 I] Training for 10000 steps, that is, 127 epochs on a dataset of size 5000 with batchsize 64
[2024-12-07 04:10:36 I] Finished first forward pass with loss 0.22927214205265045
[2024-12-07 04:11:05 I] Hoi.
[2024-12-07 04:11:06 I] Set experiment volume with ID 1, artifact location file:/home/ajay/GATr-experiments/tmp/gatr-experiments/tracking/artifacts
[2024-12-07 04:11:06 I] Logger already initialized - hi again!
[2024-12-07 04:11:06 I] Running experiment at /home/ajay/GATr-experiments/tmp/gatr-experiments/experiments/volume/gatr_volume
[2024-12-07 04:11:06 I] Saving config at /home/ajay/GATr-experiments/tmp/gatr-experiments/experiments/volume/gatr_volume/config.yml
[2024-12-07 04:11:06 I] Model has 10.58M learnable parameters
[2024-12-07 04:11:06 I] Starting training
[2024-12-07 04:11:06 I] Training for 10000 steps, that is, 127 epochs on a dataset of size 5000 with batchsize 64
[2024-12-07 04:11:07 I] Finished first forward pass with loss 0.22927214205265045
[2024-12-07 04:14:00 I] Starting validation at step 1000
[2024-12-07 04:14:05 I] Saved predictions vs actuals plot for 'val' at /home/ajay/GATr-experiments/tmp/gatr-experiments/experiments/volume/gatr_volume/metrics/predictions_vs_actuals_val.png
[2024-12-07 04:14:05 I] Saved predictions vs actuals plot for 'val' at /home/ajay/GATr-experiments/tmp/gatr-experiments/experiments/volume/gatr_volume/metrics/predictions_vs_actuals_val_step_1000.png
[2024-12-07 04:17:16 I] Starting validation at step 2000
[2024-12-07 04:17:21 I] Saved predictions vs actuals plot for 'val' at /home/ajay/GATr-experiments/tmp/gatr-experiments/experiments/volume/gatr_volume/metrics/predictions_vs_actuals_val.png
[2024-12-07 04:17:21 I] Saved predictions vs actuals plot for 'val' at /home/ajay/GATr-experiments/tmp/gatr-experiments/experiments/volume/gatr_volume/metrics/predictions_vs_actuals_val_step_2000.png
[2024-12-07 04:20:27 I] Starting validation at step 3000
[2024-12-07 04:20:31 I] Saved predictions vs actuals plot for 'val' at /home/ajay/GATr-experiments/tmp/gatr-experiments/experiments/volume/gatr_volume/metrics/predictions_vs_actuals_val.png
[2024-12-07 04:20:31 I] Saved predictions vs actuals plot for 'val' at /home/ajay/GATr-experiments/tmp/gatr-experiments/experiments/volume/gatr_volume/metrics/predictions_vs_actuals_val_step_3000.png
[2024-12-07 04:23:46 I] Starting validation at step 4000
[2024-12-07 04:23:51 I] Saved predictions vs actuals plot for 'val' at /home/ajay/GATr-experiments/tmp/gatr-experiments/experiments/volume/gatr_volume/metrics/predictions_vs_actuals_val.png
[2024-12-07 04:23:52 I] Saved predictions vs actuals plot for 'val' at /home/ajay/GATr-experiments/tmp/gatr-experiments/experiments/volume/gatr_volume/metrics/predictions_vs_actuals_val_step_4000.png
[2024-12-07 04:26:53 I] Starting validation at step 5000
[2024-12-07 04:26:58 I] Saved predictions vs actuals plot for 'val' at /home/ajay/GATr-experiments/tmp/gatr-experiments/experiments/volume/gatr_volume/metrics/predictions_vs_actuals_val.png
[2024-12-07 04:26:59 I] Saved predictions vs actuals plot for 'val' at /home/ajay/GATr-experiments/tmp/gatr-experiments/experiments/volume/gatr_volume/metrics/predictions_vs_actuals_val_step_5000.png
[2024-12-07 04:29:56 I] Starting validation at step 6000
[2024-12-07 04:30:01 I] Saved predictions vs actuals plot for 'val' at /home/ajay/GATr-experiments/tmp/gatr-experiments/experiments/volume/gatr_volume/metrics/predictions_vs_actuals_val.png
[2024-12-07 04:30:02 I] Saved predictions vs actuals plot for 'val' at /home/ajay/GATr-experiments/tmp/gatr-experiments/experiments/volume/gatr_volume/metrics/predictions_vs_actuals_val_step_6000.png
[2024-12-07 04:33:00 I] Starting validation at step 7000
[2024-12-07 04:33:04 I] Saved predictions vs actuals plot for 'val' at /home/ajay/GATr-experiments/tmp/gatr-experiments/experiments/volume/gatr_volume/metrics/predictions_vs_actuals_val.png
[2024-12-07 04:33:04 I] Saved predictions vs actuals plot for 'val' at /home/ajay/GATr-experiments/tmp/gatr-experiments/experiments/volume/gatr_volume/metrics/predictions_vs_actuals_val_step_7000.png
[2024-12-07 04:35:51 I] Starting validation at step 8000
[2024-12-07 04:35:55 I] Saved predictions vs actuals plot for 'val' at /home/ajay/GATr-experiments/tmp/gatr-experiments/experiments/volume/gatr_volume/metrics/predictions_vs_actuals_val.png
[2024-12-07 04:35:55 I] Saved predictions vs actuals plot for 'val' at /home/ajay/GATr-experiments/tmp/gatr-experiments/experiments/volume/gatr_volume/metrics/predictions_vs_actuals_val_step_8000.png
[2024-12-07 04:38:47 I] Starting validation at step 9000
[2024-12-07 04:38:51 I] Saved predictions vs actuals plot for 'val' at /home/ajay/GATr-experiments/tmp/gatr-experiments/experiments/volume/gatr_volume/metrics/predictions_vs_actuals_val.png
[2024-12-07 04:38:52 I] Saved predictions vs actuals plot for 'val' at /home/ajay/GATr-experiments/tmp/gatr-experiments/experiments/volume/gatr_volume/metrics/predictions_vs_actuals_val_step_9000.png
[2024-12-07 04:41:31 I] Starting validation at step 10000
[2024-12-07 04:41:35 I] Saved predictions vs actuals plot for 'val' at /home/ajay/GATr-experiments/tmp/gatr-experiments/experiments/volume/gatr_volume/metrics/predictions_vs_actuals_val.png
[2024-12-07 04:41:35 I] Saved predictions vs actuals plot for 'val' at /home/ajay/GATr-experiments/tmp/gatr-experiments/experiments/volume/gatr_volume/metrics/predictions_vs_actuals_val_step_10000.png
[2024-12-07 04:41:39 I] Saved predictions vs actuals plot for 'val' at /home/ajay/GATr-experiments/tmp/gatr-experiments/experiments/volume/gatr_volume/metrics/predictions_vs_actuals_val.png
[2024-12-07 04:41:39 I] Saved predictions vs actuals plot for 'val' at /home/ajay/GATr-experiments/tmp/gatr-experiments/experiments/volume/gatr_volume/metrics/predictions_vs_actuals_val_step_10000.png
[2024-12-07 04:41:39 I] Saving model at /home/ajay/GATr-experiments/tmp/gatr-experiments/experiments/volume/gatr_volume/models/model_final.pt
[2024-12-07 04:41:43 I] Saved predictions vs actuals plot for 'generalization' at /home/ajay/GATr-experiments/tmp/gatr-experiments/experiments/volume/gatr_volume/metrics/predictions_vs_actuals_generalization.png
[2024-12-07 04:41:43 I] Ran evaluation on dataset generalization:
[2024-12-07 04:41:43 I]     loss = 0.014948193970322607
[2024-12-07 04:41:43 I]     mse = 0.014672840037941929
[2024-12-07 04:41:43 I]     rmse = 0.1221229523140828
[2024-12-07 04:41:43 I]     output_reg = 0.02753539100587368
[2024-12-07 04:41:43 I]     mae = 0.11222602614164351
[2024-12-07 04:41:47 I] Saved predictions vs actuals plot for 'test' at /home/ajay/GATr-experiments/tmp/gatr-experiments/experiments/volume/gatr_volume/metrics/predictions_vs_actuals_test.png
[2024-12-07 04:41:47 I] Ran evaluation on dataset test:
[2024-12-07 04:41:47 I]     loss = 0.0001919895311817527
[2024-12-07 04:41:47 I]     mse = 7.439002448227257e-05
[2024-12-07 04:41:47 I]     rmse = 0.013805974561641619
[2024-12-07 04:41:47 I]     output_reg = 0.011759951126575473
[2024-12-07 04:41:47 I]     mae = 0.006094409932196137
[2024-12-07 04:41:47 I] Anders nog iets?
