[2024-12-06 22:54:45 I] Hoi.
[2024-12-06 22:54:45 I] Set experiment volume with ID 1, artifact location file:/home/ajay/GATr-experiments/tmp/gatr-experiments/tracking/artifacts
[2024-12-06 22:54:45 I] Logger already initialized - hi again!
[2024-12-06 22:54:45 I] Running experiment at /home/ajay/GATr-experiments/tmp/gatr-experiments/experiments/volume/transformer_volume_80
[2024-12-06 22:54:45 I] Saving config at /home/ajay/GATr-experiments/tmp/gatr-experiments/experiments/volume/transformer_volume_80/config.yml
[2024-12-06 22:54:46 I] Model has 1.58M learnable parameters
[2024-12-06 22:54:46 I] Starting training
[2024-12-06 22:54:46 I] Training for 5000 steps, that is, 313 epochs on a dataset of size 1000 with batchsize 64
[2024-12-06 22:54:46 I] Finished first forward pass with loss 0.14925211668014526
[2024-12-06 22:55:08 I] Starting validation at step 1000
[2024-12-06 22:55:09 I] Saved predictions vs actuals plot for 'val' at /home/ajay/GATr-experiments/tmp/gatr-experiments/experiments/volume/transformer_volume_80/metrics/predictions_vs_actuals_val.png
[2024-12-06 22:55:09 I] Saved predictions vs actuals plot for 'val' at /home/ajay/GATr-experiments/tmp/gatr-experiments/experiments/volume/transformer_volume_80/metrics/predictions_vs_actuals_val_step_1000.png
[2024-12-06 22:55:30 I] Starting validation at step 2000
[2024-12-06 22:55:31 I] Saved predictions vs actuals plot for 'val' at /home/ajay/GATr-experiments/tmp/gatr-experiments/experiments/volume/transformer_volume_80/metrics/predictions_vs_actuals_val.png
[2024-12-06 22:55:31 I] Saved predictions vs actuals plot for 'val' at /home/ajay/GATr-experiments/tmp/gatr-experiments/experiments/volume/transformer_volume_80/metrics/predictions_vs_actuals_val_step_2000.png
[2024-12-06 22:55:52 I] Starting validation at step 3000
[2024-12-06 22:55:53 I] Saved predictions vs actuals plot for 'val' at /home/ajay/GATr-experiments/tmp/gatr-experiments/experiments/volume/transformer_volume_80/metrics/predictions_vs_actuals_val.png
[2024-12-06 22:55:53 I] Saved predictions vs actuals plot for 'val' at /home/ajay/GATr-experiments/tmp/gatr-experiments/experiments/volume/transformer_volume_80/metrics/predictions_vs_actuals_val_step_3000.png
[2024-12-06 22:56:15 I] Starting validation at step 4000
[2024-12-06 22:56:16 I] Saved predictions vs actuals plot for 'val' at /home/ajay/GATr-experiments/tmp/gatr-experiments/experiments/volume/transformer_volume_80/metrics/predictions_vs_actuals_val.png
[2024-12-06 22:56:16 I] Saved predictions vs actuals plot for 'val' at /home/ajay/GATr-experiments/tmp/gatr-experiments/experiments/volume/transformer_volume_80/metrics/predictions_vs_actuals_val_step_4000.png
[2024-12-06 22:56:37 I] Starting validation at step 5000
[2024-12-06 22:56:38 I] Saved predictions vs actuals plot for 'val' at /home/ajay/GATr-experiments/tmp/gatr-experiments/experiments/volume/transformer_volume_80/metrics/predictions_vs_actuals_val.png
[2024-12-06 22:56:38 I] Saved predictions vs actuals plot for 'val' at /home/ajay/GATr-experiments/tmp/gatr-experiments/experiments/volume/transformer_volume_80/metrics/predictions_vs_actuals_val_step_5000.png
[2024-12-06 22:56:39 I] Saved predictions vs actuals plot for 'val' at /home/ajay/GATr-experiments/tmp/gatr-experiments/experiments/volume/transformer_volume_80/metrics/predictions_vs_actuals_val.png
[2024-12-06 22:56:40 I] Saved predictions vs actuals plot for 'val' at /home/ajay/GATr-experiments/tmp/gatr-experiments/experiments/volume/transformer_volume_80/metrics/predictions_vs_actuals_val_step_5000.png
[2024-12-06 22:56:40 I] Saving model at /home/ajay/GATr-experiments/tmp/gatr-experiments/experiments/volume/transformer_volume_80/models/model_final.pt
[2024-12-06 22:56:40 I] Saved predictions vs actuals plot for 'test' at /home/ajay/GATr-experiments/tmp/gatr-experiments/experiments/volume/transformer_volume_80/metrics/predictions_vs_actuals_test.png
[2024-12-06 22:56:40 I] Ran evaluation on dataset test:
[2024-12-06 22:56:40 I]     loss = 0.0002626357640139759
[2024-12-06 22:56:40 I]     mse = 0.0002626357640139759
[2024-12-06 22:56:40 I]     rmse = 0.016146274398828743
[2024-12-06 22:56:41 I]     output_reg = 0.0
[2024-12-06 22:56:41 I]     mae = 0.012984631931781766
[2024-12-06 22:56:41 I] Saved predictions vs actuals plot for 'generalization' at /home/ajay/GATr-experiments/tmp/gatr-experiments/experiments/volume/transformer_volume_80/metrics/predictions_vs_actuals_generalization.png
[2024-12-06 22:56:41 I] Ran evaluation on dataset generalization:
[2024-12-06 22:56:41 I]     loss = 0.0002516803228762001
[2024-12-06 22:56:41 I]     mse = 0.0002516803228762001
[2024-12-06 22:56:41 I]     rmse = 0.015805616397350362
[2024-12-06 22:56:41 I]     output_reg = 0.0
[2024-12-06 22:56:41 I]     mae = 0.012660751473903659
[2024-12-06 22:56:41 I] Anders nog iets?
