[2024-12-07 01:34:38 I] Hoi.
[2024-12-07 01:34:39 I] Set experiment surface_area with ID 2, artifact location file:/home/ajay/GATr-experiments/tmp/gatr-experiments/tracking/artifacts
[2024-12-07 01:34:39 I] Logger already initialized - hi again!
[2024-12-07 01:34:39 I] Running experiment at /home/ajay/GATr-experiments/tmp/gatr-experiments/experiments/surface_area/transformer_surface_area_10
[2024-12-07 01:34:39 I] Saving config at /home/ajay/GATr-experiments/tmp/gatr-experiments/experiments/surface_area/transformer_surface_area_10/config.yml
[2024-12-07 01:34:40 I] Model has 1.58M learnable parameters
[2024-12-07 01:34:40 I] Starting training
[2024-12-07 01:34:40 I] Training for 5000 steps, that is, 313 epochs on a dataset of size 1000 with batchsize 64
[2024-12-07 01:34:40 I] Finished first forward pass with loss 2.5770928859710693
[2024-12-07 01:35:08 I] Starting validation at step 1000
[2024-12-07 01:35:09 I] Saved predictions vs actuals plot for 'val' at /home/ajay/GATr-experiments/tmp/gatr-experiments/experiments/surface_area/transformer_surface_area_10/metrics/predictions_vs_actuals_val.png
[2024-12-07 01:35:09 I] Saved predictions vs actuals plot for 'val' at /home/ajay/GATr-experiments/tmp/gatr-experiments/experiments/surface_area/transformer_surface_area_10/metrics/predictions_vs_actuals_val_step_1000.png
[2024-12-07 01:35:37 I] Starting validation at step 2000
[2024-12-07 01:35:38 I] Saved predictions vs actuals plot for 'val' at /home/ajay/GATr-experiments/tmp/gatr-experiments/experiments/surface_area/transformer_surface_area_10/metrics/predictions_vs_actuals_val.png
[2024-12-07 01:35:38 I] Saved predictions vs actuals plot for 'val' at /home/ajay/GATr-experiments/tmp/gatr-experiments/experiments/surface_area/transformer_surface_area_10/metrics/predictions_vs_actuals_val_step_2000.png
[2024-12-07 01:36:07 I] Starting validation at step 3000
[2024-12-07 01:36:08 I] Saved predictions vs actuals plot for 'val' at /home/ajay/GATr-experiments/tmp/gatr-experiments/experiments/surface_area/transformer_surface_area_10/metrics/predictions_vs_actuals_val.png
[2024-12-07 01:36:09 I] Saved predictions vs actuals plot for 'val' at /home/ajay/GATr-experiments/tmp/gatr-experiments/experiments/surface_area/transformer_surface_area_10/metrics/predictions_vs_actuals_val_step_3000.png
[2024-12-07 01:36:38 I] Starting validation at step 4000
[2024-12-07 01:36:39 I] Saved predictions vs actuals plot for 'val' at /home/ajay/GATr-experiments/tmp/gatr-experiments/experiments/surface_area/transformer_surface_area_10/metrics/predictions_vs_actuals_val.png
[2024-12-07 01:36:39 I] Saved predictions vs actuals plot for 'val' at /home/ajay/GATr-experiments/tmp/gatr-experiments/experiments/surface_area/transformer_surface_area_10/metrics/predictions_vs_actuals_val_step_4000.png
[2024-12-07 01:37:07 I] Starting validation at step 5000
[2024-12-07 01:37:08 I] Saved predictions vs actuals plot for 'val' at /home/ajay/GATr-experiments/tmp/gatr-experiments/experiments/surface_area/transformer_surface_area_10/metrics/predictions_vs_actuals_val.png
[2024-12-07 01:37:08 I] Saved predictions vs actuals plot for 'val' at /home/ajay/GATr-experiments/tmp/gatr-experiments/experiments/surface_area/transformer_surface_area_10/metrics/predictions_vs_actuals_val_step_5000.png
[2024-12-07 01:37:09 I] Saved predictions vs actuals plot for 'val' at /home/ajay/GATr-experiments/tmp/gatr-experiments/experiments/surface_area/transformer_surface_area_10/metrics/predictions_vs_actuals_val.png
[2024-12-07 01:37:09 I] Saved predictions vs actuals plot for 'val' at /home/ajay/GATr-experiments/tmp/gatr-experiments/experiments/surface_area/transformer_surface_area_10/metrics/predictions_vs_actuals_val_step_5000.png
[2024-12-07 01:37:09 I] Saving model at /home/ajay/GATr-experiments/tmp/gatr-experiments/experiments/surface_area/transformer_surface_area_10/models/model_final.pt
[2024-12-07 01:37:10 I] Saved predictions vs actuals plot for 'generalization' at /home/ajay/GATr-experiments/tmp/gatr-experiments/experiments/surface_area/transformer_surface_area_10/metrics/predictions_vs_actuals_generalization.png
[2024-12-07 01:37:10 I] Ran evaluation on dataset generalization:
[2024-12-07 01:37:10 I]     loss = 0.15967834465503694
[2024-12-07 01:37:10 I]     mse = 0.15967834465503694
[2024-12-07 01:37:10 I]     rmse = 0.39952532067738245
[2024-12-07 01:37:10 I]     output_reg = 0.0
[2024-12-07 01:37:10 I]     mae = 0.3946558521270752
[2024-12-07 01:37:11 I] Saved predictions vs actuals plot for 'test' at /home/ajay/GATr-experiments/tmp/gatr-experiments/experiments/surface_area/transformer_surface_area_10/metrics/predictions_vs_actuals_test.png
[2024-12-07 01:37:11 I] Ran evaluation on dataset test:
[2024-12-07 01:37:11 I]     loss = 0.0014529927186667925
[2024-12-07 01:37:11 I]     mse = 0.0014529927186667925
[2024-12-07 01:37:11 I]     rmse = 0.03793168231289272
[2024-12-07 01:37:11 I]     output_reg = 0.0
[2024-12-07 01:37:11 I]     mae = 0.029866979289054886
[2024-12-07 01:37:11 I] Anders nog iets?
[2024-12-07 04:28:19 I] Hoi.
[2024-12-07 04:28:19 I] Set experiment surface_area with ID 2, artifact location file:/home/ajay/GATr-experiments/tmp/gatr-experiments/tracking/artifacts
[2024-12-07 04:28:19 I] Logger already initialized - hi again!
[2024-12-07 04:28:19 I] Running experiment at /home/ajay/GATr-experiments/tmp/gatr-experiments/experiments/surface_area/transformer_surface_area_10
[2024-12-07 04:28:19 I] Saving config at /home/ajay/GATr-experiments/tmp/gatr-experiments/experiments/surface_area/transformer_surface_area_10/config.yml
[2024-12-07 04:28:20 I] Model has 1.58M learnable parameters
[2024-12-07 04:28:20 I] Starting training
[2024-12-07 04:28:20 I] Training for 10000 steps, that is, 127 epochs on a dataset of size 5000 with batchsize 64
[2024-12-07 04:28:20 I] Finished first forward pass with loss 2.416698932647705
[2024-12-07 04:28:39 I] Starting validation at step 1000
[2024-12-07 04:28:40 I] Saved predictions vs actuals plot for 'val' at /home/ajay/GATr-experiments/tmp/gatr-experiments/experiments/surface_area/transformer_surface_area_10/metrics/predictions_vs_actuals_val.png
[2024-12-07 04:28:40 I] Saved predictions vs actuals plot for 'val' at /home/ajay/GATr-experiments/tmp/gatr-experiments/experiments/surface_area/transformer_surface_area_10/metrics/predictions_vs_actuals_val_step_1000.png
[2024-12-07 04:29:00 I] Starting validation at step 2000
[2024-12-07 04:29:01 I] Saved predictions vs actuals plot for 'val' at /home/ajay/GATr-experiments/tmp/gatr-experiments/experiments/surface_area/transformer_surface_area_10/metrics/predictions_vs_actuals_val.png
[2024-12-07 04:29:01 I] Saved predictions vs actuals plot for 'val' at /home/ajay/GATr-experiments/tmp/gatr-experiments/experiments/surface_area/transformer_surface_area_10/metrics/predictions_vs_actuals_val_step_2000.png
[2024-12-07 04:29:21 I] Starting validation at step 3000
[2024-12-07 04:29:21 I] Saved predictions vs actuals plot for 'val' at /home/ajay/GATr-experiments/tmp/gatr-experiments/experiments/surface_area/transformer_surface_area_10/metrics/predictions_vs_actuals_val.png
[2024-12-07 04:29:22 I] Saved predictions vs actuals plot for 'val' at /home/ajay/GATr-experiments/tmp/gatr-experiments/experiments/surface_area/transformer_surface_area_10/metrics/predictions_vs_actuals_val_step_3000.png
[2024-12-07 04:29:42 I] Starting validation at step 4000
[2024-12-07 04:29:42 I] Saved predictions vs actuals plot for 'val' at /home/ajay/GATr-experiments/tmp/gatr-experiments/experiments/surface_area/transformer_surface_area_10/metrics/predictions_vs_actuals_val.png
[2024-12-07 04:29:43 I] Saved predictions vs actuals plot for 'val' at /home/ajay/GATr-experiments/tmp/gatr-experiments/experiments/surface_area/transformer_surface_area_10/metrics/predictions_vs_actuals_val_step_4000.png
[2024-12-07 04:30:03 I] Starting validation at step 5000
[2024-12-07 04:30:04 I] Saved predictions vs actuals plot for 'val' at /home/ajay/GATr-experiments/tmp/gatr-experiments/experiments/surface_area/transformer_surface_area_10/metrics/predictions_vs_actuals_val.png
[2024-12-07 04:30:04 I] Saved predictions vs actuals plot for 'val' at /home/ajay/GATr-experiments/tmp/gatr-experiments/experiments/surface_area/transformer_surface_area_10/metrics/predictions_vs_actuals_val_step_5000.png
[2024-12-07 04:30:24 I] Starting validation at step 6000
[2024-12-07 04:30:25 I] Saved predictions vs actuals plot for 'val' at /home/ajay/GATr-experiments/tmp/gatr-experiments/experiments/surface_area/transformer_surface_area_10/metrics/predictions_vs_actuals_val.png
[2024-12-07 04:30:25 I] Saved predictions vs actuals plot for 'val' at /home/ajay/GATr-experiments/tmp/gatr-experiments/experiments/surface_area/transformer_surface_area_10/metrics/predictions_vs_actuals_val_step_6000.png
[2024-12-07 04:30:46 I] Starting validation at step 7000
[2024-12-07 04:30:46 I] Saved predictions vs actuals plot for 'val' at /home/ajay/GATr-experiments/tmp/gatr-experiments/experiments/surface_area/transformer_surface_area_10/metrics/predictions_vs_actuals_val.png
[2024-12-07 04:30:47 I] Saved predictions vs actuals plot for 'val' at /home/ajay/GATr-experiments/tmp/gatr-experiments/experiments/surface_area/transformer_surface_area_10/metrics/predictions_vs_actuals_val_step_7000.png
[2024-12-07 04:31:06 I] Starting validation at step 8000
[2024-12-07 04:31:06 I] Saved predictions vs actuals plot for 'val' at /home/ajay/GATr-experiments/tmp/gatr-experiments/experiments/surface_area/transformer_surface_area_10/metrics/predictions_vs_actuals_val.png
[2024-12-07 04:31:07 I] Saved predictions vs actuals plot for 'val' at /home/ajay/GATr-experiments/tmp/gatr-experiments/experiments/surface_area/transformer_surface_area_10/metrics/predictions_vs_actuals_val_step_8000.png
[2024-12-07 04:31:24 I] Starting validation at step 9000
[2024-12-07 04:31:25 I] Saved predictions vs actuals plot for 'val' at /home/ajay/GATr-experiments/tmp/gatr-experiments/experiments/surface_area/transformer_surface_area_10/metrics/predictions_vs_actuals_val.png
[2024-12-07 04:31:25 I] Saved predictions vs actuals plot for 'val' at /home/ajay/GATr-experiments/tmp/gatr-experiments/experiments/surface_area/transformer_surface_area_10/metrics/predictions_vs_actuals_val_step_9000.png
[2024-12-07 04:31:43 I] Starting validation at step 10000
[2024-12-07 04:31:44 I] Saved predictions vs actuals plot for 'val' at /home/ajay/GATr-experiments/tmp/gatr-experiments/experiments/surface_area/transformer_surface_area_10/metrics/predictions_vs_actuals_val.png
[2024-12-07 04:31:44 I] Saved predictions vs actuals plot for 'val' at /home/ajay/GATr-experiments/tmp/gatr-experiments/experiments/surface_area/transformer_surface_area_10/metrics/predictions_vs_actuals_val_step_10000.png
[2024-12-07 04:31:45 I] Saved predictions vs actuals plot for 'val' at /home/ajay/GATr-experiments/tmp/gatr-experiments/experiments/surface_area/transformer_surface_area_10/metrics/predictions_vs_actuals_val.png
[2024-12-07 04:31:45 I] Saved predictions vs actuals plot for 'val' at /home/ajay/GATr-experiments/tmp/gatr-experiments/experiments/surface_area/transformer_surface_area_10/metrics/predictions_vs_actuals_val_step_10000.png
[2024-12-07 04:31:46 I] Saving model at /home/ajay/GATr-experiments/tmp/gatr-experiments/experiments/surface_area/transformer_surface_area_10/models/model_final.pt
[2024-12-07 04:31:46 I] Saved predictions vs actuals plot for 'generalization' at /home/ajay/GATr-experiments/tmp/gatr-experiments/experiments/surface_area/transformer_surface_area_10/metrics/predictions_vs_actuals_generalization.png
[2024-12-07 04:31:46 I] Ran evaluation on dataset generalization:
[2024-12-07 04:31:46 I]     loss = 0.10128396660089492
[2024-12-07 04:31:46 I]     mse = 0.10128396660089492
[2024-12-07 04:31:46 I]     rmse = 0.3182103991548128
[2024-12-07 04:31:46 I]     output_reg = 0.0
[2024-12-07 04:31:46 I]     mae = 0.3153401961326599
[2024-12-07 04:31:47 I] Saved predictions vs actuals plot for 'test' at /home/ajay/GATr-experiments/tmp/gatr-experiments/experiments/surface_area/transformer_surface_area_10/metrics/predictions_vs_actuals_test.png
[2024-12-07 04:31:47 I] Ran evaluation on dataset test:
[2024-12-07 04:31:47 I]     loss = 0.0003568256901577115
[2024-12-07 04:31:47 I]     mse = 0.0003568256901577115
[2024-12-07 04:31:47 I]     rmse = 0.01880795196674096
[2024-12-07 04:31:47 I]     output_reg = 0.0
[2024-12-07 04:31:47 I]     mae = 0.01488020380735397
[2024-12-07 04:31:47 I] Anders nog iets?
