[2024-12-06 21:25:20 I] Hoi.
[2024-12-06 21:25:20 I] Created experiment symmetry with ID 3
[2024-12-06 21:25:20 I] Set experiment symmetry with ID 3, artifact location file:/home/ajay/GATr-experiments/tmp/gatr-experiments/tracking/artifacts
[2024-12-06 21:25:20 I] Logger already initialized - hi again!
[2024-12-06 21:25:20 I] Running experiment at /home/ajay/GATr-experiments/tmp/gatr-experiments/experiments/symmetry/transformer_symmetry
[2024-12-06 21:25:21 I] Saving config at /home/ajay/GATr-experiments/tmp/gatr-experiments/experiments/symmetry/transformer_symmetry/config.yml
[2024-12-06 21:25:21 I] Model has 1.58M learnable parameters
[2024-12-06 21:25:21 I] Starting training
[2024-12-06 21:32:21 I] Hoi.
[2024-12-06 21:32:21 I] Set experiment symmetry with ID 3, artifact location file:/home/ajay/GATr-experiments/tmp/gatr-experiments/tracking/artifacts
[2024-12-06 21:32:21 I] Logger already initialized - hi again!
[2024-12-06 21:32:21 I] Running experiment at /home/ajay/GATr-experiments/tmp/gatr-experiments/experiments/symmetry/transformer_symmetry
[2024-12-06 21:32:21 I] Saving config at /home/ajay/GATr-experiments/tmp/gatr-experiments/experiments/symmetry/transformer_symmetry/config.yml
[2024-12-06 21:32:22 I] Model has 1.58M learnable parameters
[2024-12-06 21:32:22 I] Starting training
[2024-12-06 21:38:29 I] Hoi.
[2024-12-06 21:38:30 I] Set experiment symmetry with ID 3, artifact location file:/home/ajay/GATr-experiments/tmp/gatr-experiments/tracking/artifacts
[2024-12-06 21:38:30 I] Logger already initialized - hi again!
[2024-12-06 21:38:30 I] Running experiment at /home/ajay/GATr-experiments/tmp/gatr-experiments/experiments/symmetry/transformer_symmetry
[2024-12-06 21:38:30 I] Saving config at /home/ajay/GATr-experiments/tmp/gatr-experiments/experiments/symmetry/transformer_symmetry/config.yml
[2024-12-06 21:38:30 I] Model has 1.58M learnable parameters
[2024-12-06 21:38:30 I] Starting training
[2024-12-06 21:38:30 I] Training for 5000 steps, that is, 313 epochs on a dataset of size 1000 with batchsize 64
[2024-12-06 21:38:30 I] Finished first forward pass with loss 0.08217291533946991
[2024-12-06 21:38:47 I] Starting validation at step 1000
[2024-12-06 21:38:48 I] Saved predictions vs actuals plot for 'val' at /home/ajay/GATr-experiments/tmp/gatr-experiments/experiments/symmetry/transformer_symmetry/metrics/predictions_vs_actuals_val.png
[2024-12-06 21:38:48 I] Saved predictions vs actuals plot for 'val' at /home/ajay/GATr-experiments/tmp/gatr-experiments/experiments/symmetry/transformer_symmetry/metrics/predictions_vs_actuals_val_step_1000.png
[2024-12-06 21:39:05 I] Starting validation at step 2000
[2024-12-06 21:39:06 I] Saved predictions vs actuals plot for 'val' at /home/ajay/GATr-experiments/tmp/gatr-experiments/experiments/symmetry/transformer_symmetry/metrics/predictions_vs_actuals_val.png
[2024-12-06 21:39:06 I] Saved predictions vs actuals plot for 'val' at /home/ajay/GATr-experiments/tmp/gatr-experiments/experiments/symmetry/transformer_symmetry/metrics/predictions_vs_actuals_val_step_2000.png
[2024-12-06 21:39:23 I] Starting validation at step 3000
[2024-12-06 21:39:24 I] Saved predictions vs actuals plot for 'val' at /home/ajay/GATr-experiments/tmp/gatr-experiments/experiments/symmetry/transformer_symmetry/metrics/predictions_vs_actuals_val.png
[2024-12-06 21:39:24 I] Saved predictions vs actuals plot for 'val' at /home/ajay/GATr-experiments/tmp/gatr-experiments/experiments/symmetry/transformer_symmetry/metrics/predictions_vs_actuals_val_step_3000.png
[2024-12-06 21:39:42 I] Starting validation at step 4000
[2024-12-06 21:39:42 I] Saved predictions vs actuals plot for 'val' at /home/ajay/GATr-experiments/tmp/gatr-experiments/experiments/symmetry/transformer_symmetry/metrics/predictions_vs_actuals_val.png
[2024-12-06 21:39:42 I] Saved predictions vs actuals plot for 'val' at /home/ajay/GATr-experiments/tmp/gatr-experiments/experiments/symmetry/transformer_symmetry/metrics/predictions_vs_actuals_val_step_4000.png
[2024-12-06 21:39:59 I] Starting validation at step 5000
[2024-12-06 21:40:00 I] Saved predictions vs actuals plot for 'val' at /home/ajay/GATr-experiments/tmp/gatr-experiments/experiments/symmetry/transformer_symmetry/metrics/predictions_vs_actuals_val.png
[2024-12-06 21:40:00 I] Saved predictions vs actuals plot for 'val' at /home/ajay/GATr-experiments/tmp/gatr-experiments/experiments/symmetry/transformer_symmetry/metrics/predictions_vs_actuals_val_step_5000.png
[2024-12-06 21:40:01 I] Saved predictions vs actuals plot for 'val' at /home/ajay/GATr-experiments/tmp/gatr-experiments/experiments/symmetry/transformer_symmetry/metrics/predictions_vs_actuals_val.png
[2024-12-06 21:40:01 I] Saved predictions vs actuals plot for 'val' at /home/ajay/GATr-experiments/tmp/gatr-experiments/experiments/symmetry/transformer_symmetry/metrics/predictions_vs_actuals_val_step_5000.png
[2024-12-06 21:40:01 I] Saving model at /home/ajay/GATr-experiments/tmp/gatr-experiments/experiments/symmetry/transformer_symmetry/models/model_final.pt
[2024-12-06 21:40:02 I] Saved predictions vs actuals plot for 'generalization' at /home/ajay/GATr-experiments/tmp/gatr-experiments/experiments/symmetry/transformer_symmetry/metrics/predictions_vs_actuals_generalization.png
[2024-12-06 21:40:02 I] Ran evaluation on dataset generalization:
[2024-12-06 21:40:02 I]     loss = 0.004978633542545138
[2024-12-06 21:40:02 I]     mse = 0.004978633542545138
[2024-12-06 21:40:02 I]     rmse = 0.0702856556606455
[2024-12-06 21:40:02 I]     output_reg = 0.0
[2024-12-06 21:40:02 I]     mae = 0.05777496149539946
[2024-12-06 21:40:02 I] Saved predictions vs actuals plot for 'test' at /home/ajay/GATr-experiments/tmp/gatr-experiments/experiments/symmetry/transformer_symmetry/metrics/predictions_vs_actuals_test.png
[2024-12-06 21:40:02 I] Ran evaluation on dataset test:
[2024-12-06 21:40:02 I]     loss = 0.0019294269632548096
[2024-12-06 21:40:02 I]     mse = 0.0019294269632548096
[2024-12-06 21:40:02 I]     rmse = 0.04347389260502162
[2024-12-06 21:40:02 I]     output_reg = 0.0
[2024-12-06 21:40:02 I]     mae = 0.0322406917631626
[2024-12-06 21:40:02 I] Anders nog iets?
[2024-12-07 00:22:35 I] Hoi.
[2024-12-07 00:22:35 I] Set experiment symmetry with ID 3, artifact location file:/home/ajay/GATr-experiments/tmp/gatr-experiments/tracking/artifacts
[2024-12-07 00:22:35 I] Logger already initialized - hi again!
[2024-12-07 00:22:35 I] Running experiment at /home/ajay/GATr-experiments/tmp/gatr-experiments/experiments/symmetry/transformer_symmetry
[2024-12-07 00:22:36 I] Saving config at /home/ajay/GATr-experiments/tmp/gatr-experiments/experiments/symmetry/transformer_symmetry/config.yml
[2024-12-07 00:22:36 I] Model has 1.58M learnable parameters
[2024-12-07 00:22:36 I] Starting training
[2024-12-07 00:22:36 I] Training for 5000 steps, that is, 313 epochs on a dataset of size 1000 with batchsize 64
[2024-12-07 00:22:36 I] Finished first forward pass with loss 0.08217291533946991
[2024-12-07 00:22:56 I] Starting validation at step 1000
[2024-12-07 00:22:56 I] Saved predictions vs actuals plot for 'val' at /home/ajay/GATr-experiments/tmp/gatr-experiments/experiments/symmetry/transformer_symmetry/metrics/predictions_vs_actuals_val.png
[2024-12-07 00:22:56 I] Saved predictions vs actuals plot for 'val' at /home/ajay/GATr-experiments/tmp/gatr-experiments/experiments/symmetry/transformer_symmetry/metrics/predictions_vs_actuals_val_step_1000.png
[2024-12-07 00:23:15 I] Starting validation at step 2000
[2024-12-07 00:23:15 I] Saved predictions vs actuals plot for 'val' at /home/ajay/GATr-experiments/tmp/gatr-experiments/experiments/symmetry/transformer_symmetry/metrics/predictions_vs_actuals_val.png
[2024-12-07 00:23:16 I] Saved predictions vs actuals plot for 'val' at /home/ajay/GATr-experiments/tmp/gatr-experiments/experiments/symmetry/transformer_symmetry/metrics/predictions_vs_actuals_val_step_2000.png
[2024-12-07 00:23:34 I] Starting validation at step 3000
[2024-12-07 00:23:34 I] Saved predictions vs actuals plot for 'val' at /home/ajay/GATr-experiments/tmp/gatr-experiments/experiments/symmetry/transformer_symmetry/metrics/predictions_vs_actuals_val.png
[2024-12-07 00:23:35 I] Saved predictions vs actuals plot for 'val' at /home/ajay/GATr-experiments/tmp/gatr-experiments/experiments/symmetry/transformer_symmetry/metrics/predictions_vs_actuals_val_step_3000.png
[2024-12-07 00:23:53 I] Starting validation at step 4000
[2024-12-07 00:23:54 I] Saved predictions vs actuals plot for 'val' at /home/ajay/GATr-experiments/tmp/gatr-experiments/experiments/symmetry/transformer_symmetry/metrics/predictions_vs_actuals_val.png
[2024-12-07 00:23:54 I] Saved predictions vs actuals plot for 'val' at /home/ajay/GATr-experiments/tmp/gatr-experiments/experiments/symmetry/transformer_symmetry/metrics/predictions_vs_actuals_val_step_4000.png
[2024-12-07 00:24:13 I] Starting validation at step 5000
[2024-12-07 00:24:14 I] Saved predictions vs actuals plot for 'val' at /home/ajay/GATr-experiments/tmp/gatr-experiments/experiments/symmetry/transformer_symmetry/metrics/predictions_vs_actuals_val.png
[2024-12-07 00:24:14 I] Saved predictions vs actuals plot for 'val' at /home/ajay/GATr-experiments/tmp/gatr-experiments/experiments/symmetry/transformer_symmetry/metrics/predictions_vs_actuals_val_step_5000.png
[2024-12-07 00:24:15 I] Saved predictions vs actuals plot for 'val' at /home/ajay/GATr-experiments/tmp/gatr-experiments/experiments/symmetry/transformer_symmetry/metrics/predictions_vs_actuals_val.png
[2024-12-07 00:24:15 I] Saved predictions vs actuals plot for 'val' at /home/ajay/GATr-experiments/tmp/gatr-experiments/experiments/symmetry/transformer_symmetry/metrics/predictions_vs_actuals_val_step_5000.png
[2024-12-07 00:24:15 I] Saving model at /home/ajay/GATr-experiments/tmp/gatr-experiments/experiments/symmetry/transformer_symmetry/models/model_final.pt
[2024-12-07 00:24:16 I] Saved predictions vs actuals plot for 'test' at /home/ajay/GATr-experiments/tmp/gatr-experiments/experiments/symmetry/transformer_symmetry/metrics/predictions_vs_actuals_test.png
[2024-12-07 00:24:16 I] Ran evaluation on dataset test:
[2024-12-07 00:24:16 I]     loss = 0.0019294269632548096
[2024-12-07 00:24:16 I]     mse = 0.0019294269632548096
[2024-12-07 00:24:16 I]     rmse = 0.04347389260502162
[2024-12-07 00:24:16 I]     output_reg = 0.0
[2024-12-07 00:24:16 I]     mae = 0.0322406917631626
[2024-12-07 00:24:17 I] Saved predictions vs actuals plot for 'generalization' at /home/ajay/GATr-experiments/tmp/gatr-experiments/experiments/symmetry/transformer_symmetry/metrics/predictions_vs_actuals_generalization.png
[2024-12-07 00:24:17 I] Ran evaluation on dataset generalization:
[2024-12-07 00:24:17 I]     loss = 0.004978633542545138
[2024-12-07 00:24:17 I]     mse = 0.004978633542545138
[2024-12-07 00:24:17 I]     rmse = 0.0702856556606455
[2024-12-07 00:24:17 I]     output_reg = 0.0
[2024-12-07 00:24:17 I]     mae = 0.05777496149539946
[2024-12-07 00:24:17 I] Anders nog iets?
[2024-12-07 04:13:03 I] Hoi.
[2024-12-07 04:13:03 I] Set experiment symmetry with ID 3, artifact location file:/home/ajay/GATr-experiments/tmp/gatr-experiments/tracking/artifacts
[2024-12-07 04:13:03 I] Logger already initialized - hi again!
[2024-12-07 04:13:03 I] Running experiment at /home/ajay/GATr-experiments/tmp/gatr-experiments/experiments/symmetry/transformer_symmetry
[2024-12-07 04:13:03 I] Saving config at /home/ajay/GATr-experiments/tmp/gatr-experiments/experiments/symmetry/transformer_symmetry/config.yml
[2024-12-07 04:13:03 I] Model has 1.58M learnable parameters
[2024-12-07 04:13:03 I] Starting training
[2024-12-07 04:13:03 I] Training for 10000 steps, that is, 127 epochs on a dataset of size 5000 with batchsize 64
[2024-12-07 04:13:04 I] Finished first forward pass with loss 0.07595651596784592
[2024-12-07 04:13:23 I] Starting validation at step 1000
[2024-12-07 04:13:24 I] Saved predictions vs actuals plot for 'val' at /home/ajay/GATr-experiments/tmp/gatr-experiments/experiments/symmetry/transformer_symmetry/metrics/predictions_vs_actuals_val.png
[2024-12-07 04:13:24 I] Saved predictions vs actuals plot for 'val' at /home/ajay/GATr-experiments/tmp/gatr-experiments/experiments/symmetry/transformer_symmetry/metrics/predictions_vs_actuals_val_step_1000.png
[2024-12-07 04:13:43 I] Starting validation at step 2000
[2024-12-07 04:13:44 I] Saved predictions vs actuals plot for 'val' at /home/ajay/GATr-experiments/tmp/gatr-experiments/experiments/symmetry/transformer_symmetry/metrics/predictions_vs_actuals_val.png
[2024-12-07 04:13:44 I] Saved predictions vs actuals plot for 'val' at /home/ajay/GATr-experiments/tmp/gatr-experiments/experiments/symmetry/transformer_symmetry/metrics/predictions_vs_actuals_val_step_2000.png
[2024-12-07 04:14:04 I] Starting validation at step 3000
[2024-12-07 04:14:05 I] Saved predictions vs actuals plot for 'val' at /home/ajay/GATr-experiments/tmp/gatr-experiments/experiments/symmetry/transformer_symmetry/metrics/predictions_vs_actuals_val.png
[2024-12-07 04:14:05 I] Saved predictions vs actuals plot for 'val' at /home/ajay/GATr-experiments/tmp/gatr-experiments/experiments/symmetry/transformer_symmetry/metrics/predictions_vs_actuals_val_step_3000.png
[2024-12-07 04:14:27 I] Starting validation at step 4000
[2024-12-07 04:14:27 I] Saved predictions vs actuals plot for 'val' at /home/ajay/GATr-experiments/tmp/gatr-experiments/experiments/symmetry/transformer_symmetry/metrics/predictions_vs_actuals_val.png
[2024-12-07 04:14:28 I] Saved predictions vs actuals plot for 'val' at /home/ajay/GATr-experiments/tmp/gatr-experiments/experiments/symmetry/transformer_symmetry/metrics/predictions_vs_actuals_val_step_4000.png
[2024-12-07 04:14:50 I] Starting validation at step 5000
[2024-12-07 04:14:51 I] Saved predictions vs actuals plot for 'val' at /home/ajay/GATr-experiments/tmp/gatr-experiments/experiments/symmetry/transformer_symmetry/metrics/predictions_vs_actuals_val.png
[2024-12-07 04:14:52 I] Saved predictions vs actuals plot for 'val' at /home/ajay/GATr-experiments/tmp/gatr-experiments/experiments/symmetry/transformer_symmetry/metrics/predictions_vs_actuals_val_step_5000.png
[2024-12-07 04:15:16 I] Starting validation at step 6000
[2024-12-07 04:15:17 I] Saved predictions vs actuals plot for 'val' at /home/ajay/GATr-experiments/tmp/gatr-experiments/experiments/symmetry/transformer_symmetry/metrics/predictions_vs_actuals_val.png
[2024-12-07 04:15:17 I] Saved predictions vs actuals plot for 'val' at /home/ajay/GATr-experiments/tmp/gatr-experiments/experiments/symmetry/transformer_symmetry/metrics/predictions_vs_actuals_val_step_6000.png
[2024-12-07 04:15:37 I] Starting validation at step 7000
[2024-12-07 04:15:37 I] Saved predictions vs actuals plot for 'val' at /home/ajay/GATr-experiments/tmp/gatr-experiments/experiments/symmetry/transformer_symmetry/metrics/predictions_vs_actuals_val.png
[2024-12-07 04:15:38 I] Saved predictions vs actuals plot for 'val' at /home/ajay/GATr-experiments/tmp/gatr-experiments/experiments/symmetry/transformer_symmetry/metrics/predictions_vs_actuals_val_step_7000.png
[2024-12-07 04:15:58 I] Starting validation at step 8000
[2024-12-07 04:15:59 I] Saved predictions vs actuals plot for 'val' at /home/ajay/GATr-experiments/tmp/gatr-experiments/experiments/symmetry/transformer_symmetry/metrics/predictions_vs_actuals_val.png
[2024-12-07 04:15:59 I] Saved predictions vs actuals plot for 'val' at /home/ajay/GATr-experiments/tmp/gatr-experiments/experiments/symmetry/transformer_symmetry/metrics/predictions_vs_actuals_val_step_8000.png
[2024-12-07 04:16:19 I] Starting validation at step 9000
[2024-12-07 04:16:20 I] Saved predictions vs actuals plot for 'val' at /home/ajay/GATr-experiments/tmp/gatr-experiments/experiments/symmetry/transformer_symmetry/metrics/predictions_vs_actuals_val.png
[2024-12-07 04:16:20 I] Saved predictions vs actuals plot for 'val' at /home/ajay/GATr-experiments/tmp/gatr-experiments/experiments/symmetry/transformer_symmetry/metrics/predictions_vs_actuals_val_step_9000.png
[2024-12-07 04:16:40 I] Starting validation at step 10000
[2024-12-07 04:16:41 I] Saved predictions vs actuals plot for 'val' at /home/ajay/GATr-experiments/tmp/gatr-experiments/experiments/symmetry/transformer_symmetry/metrics/predictions_vs_actuals_val.png
[2024-12-07 04:16:41 I] Saved predictions vs actuals plot for 'val' at /home/ajay/GATr-experiments/tmp/gatr-experiments/experiments/symmetry/transformer_symmetry/metrics/predictions_vs_actuals_val_step_10000.png
[2024-12-07 04:16:42 I] Saved predictions vs actuals plot for 'val' at /home/ajay/GATr-experiments/tmp/gatr-experiments/experiments/symmetry/transformer_symmetry/metrics/predictions_vs_actuals_val.png
[2024-12-07 04:16:43 I] Saved predictions vs actuals plot for 'val' at /home/ajay/GATr-experiments/tmp/gatr-experiments/experiments/symmetry/transformer_symmetry/metrics/predictions_vs_actuals_val_step_10000.png
[2024-12-07 04:16:43 I] Saving model at /home/ajay/GATr-experiments/tmp/gatr-experiments/experiments/symmetry/transformer_symmetry/models/model_final.pt
[2024-12-07 04:16:43 I] Saved predictions vs actuals plot for 'generalization' at /home/ajay/GATr-experiments/tmp/gatr-experiments/experiments/symmetry/transformer_symmetry/metrics/predictions_vs_actuals_generalization.png
[2024-12-07 04:16:43 I] Ran evaluation on dataset generalization:
[2024-12-07 04:16:43 I]     loss = 0.003360861156322062
[2024-12-07 04:16:43 I]     mse = 0.003360861156322062
[2024-12-07 04:16:43 I]     rmse = 0.05774601058157049
[2024-12-07 04:16:43 I]     output_reg = 0.0
[2024-12-07 04:16:43 I]     mae = 0.04756991293728353
[2024-12-07 04:16:45 I] Saved predictions vs actuals plot for 'test' at /home/ajay/GATr-experiments/tmp/gatr-experiments/experiments/symmetry/transformer_symmetry/metrics/predictions_vs_actuals_test.png
[2024-12-07 04:16:45 I] Ran evaluation on dataset test:
[2024-12-07 04:16:45 I]     loss = 0.0005415718189906328
[2024-12-07 04:16:45 I]     mse = 0.0005415718189906328
[2024-12-07 04:16:45 I]     rmse = 0.022689812732396383
[2024-12-07 04:16:45 I]     output_reg = 0.0
[2024-12-07 04:16:45 I]     mae = 0.01581491881459951
[2024-12-07 04:16:45 I] Anders nog iets?
